Run 'git rev-parse --show-cdup'
     
Run 'git rev-parse --show-cdup'
     
Run 'git rev-list --parents --all'
     b6fdfb8731c66df5c07868f04c7d8ab4caeae48f 96596751e49cbff11891dce8b881b2656e20ea0a
     96596751e49cbff11891dce8b881b2656e20ea0a cd3520f8f7bfa3837c6103d72a8744d29c5cf368
     cd3520f8f7bfa3837c6103d72a8744d29c5cf368 31544af61c7e5e79da722bc0df03e0f1bd4d7b21
     31544af61c7e5e79da722bc0df03e0f1bd4d7b21 682be73be0a48bbf75c9295404277107f294c243
     682be73be0a48bbf75c9295404277107f294c243 0779921060c16eb3139bb8042d65aae4293262e0
     0779921060c16eb3139bb8042d65aae4293262e0 123dbe35821e821a3b8816c56ee48438c1a74b08
     123dbe35821e821a3b8816c56ee48438c1a74b08 81132793577767cb31b28b5e7f5be26e257e8075
     81132793577767cb31b28b5e7f5be26e257e8075 0a7957989d4bff31c3c52fa8c7c861e9920c6068
     0a7957989d4bff31c3c52fa8c7c861e9920c6068 d822b839f9e68671eea5c498e94cfcd14bd67437
     d822b839f9e68671eea5c498e94cfcd14bd67437 771a458f757494fb1999eb0f9df49a8f5defc1d1
     771a458f757494fb1999eb0f9df49a8f5defc1d1 8a3d892475b8b3007c0d01b31a6036028a3ea1cc
     8a3d892475b8b3007c0d01b31a6036028a3ea1cc 24df9fe0e9bb4263689961c0a3b0d586cbb5e014
     24df9fe0e9bb4263689961c0a3b0d586cbb5e014 c42d369c31836862f6e52bc9720d6ea2992d8805
     c42d369c31836862f6e52bc9720d6ea2992d8805 6a7542709ce369ff6c5621c8d38359298653a7d8
     6a7542709ce369ff6c5621c8d38359298653a7d8 22402620740f9f5dbe10cf82f2961684289ac546
     22402620740f9f5dbe10cf82f2961684289ac546 a9107ee3e328e719b96975e6b13012e3e4bb9ba6
     a9107ee3e328e719b96975e6b13012e3e4bb9ba6 68202b27eac427c128ed5b5caf1e2dfed59d8b58
     68202b27eac427c128ed5b5caf1e2dfed59d8b58 8fbfb98b52ad43ba06ce8fcdfb81328608c1dca1
     8fbfb98b52ad43ba06ce8fcdfb81328608c1dca1 85328820c8e18d6df345575ed4d888d295ee4ac3
     85328820c8e18d6df345575ed4d888d295ee4ac3 ceadaf6f92e7122b81355400785d4c19f26cb706
     ceadaf6f92e7122b81355400785d4c19f26cb706 ec3d90e2d759351fe39ac17862651dffdb6ec7ab
     ec3d90e2d759351fe39ac17862651dffdb6ec7ab 031329495a78b4218a691a6536171d0c54ef73f5
     031329495a78b4218a691a6536171d0c54ef73f5 e6b8230aafe6f6d91005166c8cca12b1c439688b
     e6b8230aafe6f6d91005166c8cca12b1c439688b ef0f332c6a0bb3d71066d7a80b7064c2ad116bdf
     ef0f332c6a0bb3d71066d7a80b7064c2ad116bdf 317f16a12943646d97779759fd3e7c9d404b5abf
     317f16a12943646d97779759fd3e7c9d404b5abf fe8f1046d466c250148b2ed03e75daa5188ba7f0
     fe8f1046d466c250148b2ed03e75daa5188ba7f0 d3cc5fd8fbe81b5df2c5e030b9942d80d7c873cb
     d3cc5fd8fbe81b5df2c5e030b9942d80d7c873cb ea6888247637c3b17bafbee312aa017b90878761
     ea6888247637c3b17bafbee312aa017b90878761 0e0857bfbc256bf7eddb4167f5ee4ffafc2e5825
     0e0857bfbc256bf7eddb4167f5ee4ffafc2e5825 d4ce73855b8b7423cbf39d44aa50f15ca06a70f1
     d4ce73855b8b7423cbf39d44aa50f15ca06a70f1 86c6e1a8aa844a1db70af3f4e8a5bba4175f891c
     86c6e1a8aa844a1db70af3f4e8a5bba4175f891c 0f49ecb859896b64f4f5d05fb329e03d10f4628c
     0f49ecb859896b64f4f5d05fb329e03d10f4628c 2088b2b3e4bc836f77c5768d920c34b55fee52eb
     2088b2b3e4bc836f77c5768d920c34b55fee52eb 14c0b407757d1f1ebd0c87b30c34092cc17997ef
     14c0b407757d1f1ebd0c87b30c34092cc17997ef a0b8776a61e6bb0f83450d831ff9d137a66a76e7
     a0b8776a61e6bb0f83450d831ff9d137a66a76e7 36ce072424bf17d60213f0380a75f517e07ead1d
     36ce072424bf17d60213f0380a75f517e07ead1d 42429d9c428ae6a4582cddade8bf478970ac70b5
     42429d9c428ae6a4582cddade8bf478970ac70b5 4e34d3b4c4aacb1eb525b512ca978aa4cdcd1294
     4e34d3b4c4aacb1eb525b512ca978aa4cdcd1294 3ef6a18577a3290bc204d8421f509feedc670fae
     3ef6a18577a3290bc204d8421f509feedc670fae 83f982ea495114f1e652f9e6d6877a0f40baddce 625c16bf053dbc52732ca8a25cbd1b8c2e3e49a4
     83f982ea495114f1e652f9e6d6877a0f40baddce ac9d9ff909da3037dd3a3a649b6e0c78a2d0d3a8
     ac9d9ff909da3037dd3a3a649b6e0c78a2d0d3a8 2bbd9745a5a2cc389ca0e98f5bebe044a4328772
     625c16bf053dbc52732ca8a25cbd1b8c2e3e49a4 2bbd9745a5a2cc389ca0e98f5bebe044a4328772
     2bbd9745a5a2cc389ca0e98f5bebe044a4328772 07b574669d532e9fbe6e7089434ee05f8a3ec341
     07b574669d532e9fbe6e7089434ee05f8a3ec341 ada5d45922ff9afa8e5b92f991e8739ca472e4cc
     ada5d45922ff9afa8e5b92f991e8739ca472e4cc f564396647cf09ec234ed9d504739a3a12dc2f70
     f564396647cf09ec234ed9d504739a3a12dc2f70 e58e5969b1893c9dfe2deafc6a48033aaa874b1b
     e58e5969b1893c9dfe2deafc6a48033aaa874b1b c4897d5a867973440cd47b30971a45c2bb8cbb48
     c4897d5a867973440cd47b30971a45c2bb8cbb48 12c711524654c511faba223fbe83f095369dc587
     12c711524654c511faba223fbe83f095369dc587 2158db7cbdb6dc93dde1e22f4f32c01d93e6aad4
     2158db7cbdb6dc93dde1e22f4f32c01d93e6aad4 fd85ac1989e988836ddeb81851f58ad6c982590f
     fd85ac1989e988836ddeb81851f58ad6c982590f d6859b74ebe95d86c0252b320cc7ca539c2ac72d 5d35c57d976fc431dfac105b7101ccc0d64b5b65
     d6859b74ebe95d86c0252b320cc7ca539c2ac72d c9ef4abdcec3c920d2aaf69f4703d74eecaff7ce
     5d35c57d976fc431dfac105b7101ccc0d64b5b65 c9ef4abdcec3c920d2aaf69f4703d74eecaff7ce
     c9ef4abdcec3c920d2aaf69f4703d74eecaff7ce 6a30100c42c45c9777aa2019ab0c2668f8e27ad5
     6a30100c42c45c9777aa2019ab0c2668f8e27ad5 811aaab2c5d4a50250a7d65b322b09d76e941584
     811aaab2c5d4a50250a7d65b322b09d76e941584 17d6cf52dc71a00f780a6bd5f3635eb86d846d16
     17d6cf52dc71a00f780a6bd5f3635eb86d846d16 15a24c64ea76b652cf665b606b59c60f46fdad4e
     15a24c64ea76b652cf665b606b59c60f46fdad4e d89b2a56d6487af908772ff8af894d3b68e13b41
     d89b2a56d6487af908772ff8af894d3b68e13b41 4e82817ab9ceec16ba75e3869eb7d0ea7adad67b
     4e82817ab9ceec16ba75e3869eb7d0ea7adad67b 0257bcd17967e651bc780d2f80373660e32fbfef
     0257bcd17967e651bc780d2f80373660e32fbfef 4b5a6e17070a4ac435160a034220769adda9c31d
     4b5a6e17070a4ac435160a034220769adda9c31d 2765945955f9c3a981b025e429355d99aedc4a88
     2765945955f9c3a981b025e429355d99aedc4a88 6ba90c74c3ea7eca4f5e4884d57c1d73eaa8f2f0
     6ba90c74c3ea7eca4f5e4884d57c1d73eaa8f2f0 903fdda06dcdd289801c08e4d965e0133082db33 6259d040f66950dc457c4523fba445ac20781e1d
     903fdda06dcdd289801c08e4d965e0133082db33 5b5b57bcc2501ba3ed945bd6d53c26d8c43466f6
     6259d040f66950dc457c4523fba445ac20781e1d 5b5b57bcc2501ba3ed945bd6d53c26d8c43466f6
     5b5b57bcc2501ba3ed945bd6d53c26d8c43466f6 0455cca433ea1b4653664f63241ea57a6faadba9
     0455cca433ea1b4653664f63241ea57a6faadba9 c6a11ddc565d9585a7f48d6c9d0345e5f6d13ab3 8d2b26ff662ade956660a9ca11d63909f5b9c236
     8d2b26ff662ade956660a9ca11d63909f5b9c236 4ddf570374e2334a0c17863754c2ae9cb407f217
     4ddf570374e2334a0c17863754c2ae9cb407f217 d72da713bea75c88650bb4364a12c5d98e5db495
     c6a11ddc565d9585a7f48d6c9d0345e5f6d13ab3 1b7f430deb85978da1b201598373dc43ddbe20ed
     1b7f430deb85978da1b201598373dc43ddbe20ed a6060f903fd6273b6adf4dc48a467d13e9ceeeb4 d72da713bea75c88650bb4364a12c5d98e5db495
     a6060f903fd6273b6adf4dc48a467d13e9ceeeb4 3ae0075d979dca2786a409901100a80be975794b
     3ae0075d979dca2786a409901100a80be975794b d9d3bb33df8cff90d1ab80711bad85fccdcd961a
     d72da713bea75c88650bb4364a12c5d98e5db495 4a1812b22cbda7dbdce897120aef746fd936a627
     4a1812b22cbda7dbdce897120aef746fd936a627 a9fb821161589ab882e55840a7fc2bef895da203
     a9fb821161589ab882e55840a7fc2bef895da203 d6f233650ec2f6e4342bd683762c2fb3f324a3e9
     d6f233650ec2f6e4342bd683762c2fb3f324a3e9 d9d3bb33df8cff90d1ab80711bad85fccdcd961a
     d9d3bb33df8cff90d1ab80711bad85fccdcd961a d204e365e88dc60c81e2b0b023a665cc48df6b09
     d204e365e88dc60c81e2b0b023a665cc48df6b09 6911535dc82c80f1007018e7423ddf3c120f9db2
     6911535dc82c80f1007018e7423ddf3c120f9db2 21ee318c942d682a1412ec0961113d868b69451b
     21ee318c942d682a1412ec0961113d868b69451b 76cc260406078883621879d1e4606d5927e50e2a
     76cc260406078883621879d1e4606d5927e50e2a 693ae9bb9cede8cedec6fc9126668078dae53cf2
     693ae9bb9cede8cedec6fc9126668078dae53cf2 7dcc605c0a4f8171329786d73cf795150cee81e6
     7dcc605c0a4f8171329786d73cf795150cee81e6 7125f26b08fa7e5e5003921e5091cdeb1b3215b2
     7125f26b08fa7e5e5003921e5091cdeb1b3215b2 811e606200942f2a10ca91390f64868f449235b1
     811e606200942f2a10ca91390f64868f449235b1 7be0ca0cbd8adac4dfb45b3a7d34567d7f6f86df
     7be0ca0cbd8adac4dfb45b3a7d34567d7f6f86df 5aa36b95256ca6caf008f05baa173a4aca66f6d4
     5aa36b95256ca6caf008f05baa173a4aca66f6d4 fe45ced44a19e93c3a82adedc9ae4d0243601347
     fe45ced44a19e93c3a82adedc9ae4d0243601347 1dc6650b4c9969608d72bf775e4f84bef0dd5885
     1dc6650b4c9969608d72bf775e4f84bef0dd5885 cce26e4288c02e860c917dc65c800083f10fa6c6
     cce26e4288c02e860c917dc65c800083f10fa6c6 8f208f6658a87632b47904b60c4e6c7b7e2cea13
     8f208f6658a87632b47904b60c4e6c7b7e2cea13 aea85564caf95da8b792dfaf3aef99e47ec24040
     aea85564caf95da8b792dfaf3aef99e47ec24040 63e44922bacac181fbd925cf381f0c74dff6a787
     63e44922bacac181fbd925cf381f0c74dff6a787 b4f0c51143e7846784e0e9990b22341b0b2b644a
     b4f0c51143e7846784e0e9990b22341b0b2b644a a8e91b524580690a3441e80ee5d5f833eef0170c
     a8e91b524580690a3441e80ee5d5f833eef0170c 80e197e815ec781a82c2ba4fd49f7bb5d67cc9e7
     80e197e815ec781a82c2ba4fd49f7bb5d67cc9e7 8983ea3c74ecfd77c35ca93a3278daf9fbd50c77
     8983ea3c74ecfd77c35ca93a3278daf9fbd50c77 d9a9e94b925ef31f61be52ad2b43883a4d91b863
     d9a9e94b925ef31f61be52ad2b43883a4d91b863 00891e914407c425505a63667bbb3b9d6870547b
     00891e914407c425505a63667bbb3b9d6870547b 9bdcc5a15d7c01bd9a2e6aff44e262ef0b4d609a
     9bdcc5a15d7c01bd9a2e6aff44e262ef0b4d609a 1e2b853fb389c7a7de22cc740041df2f1f4a5772
     1e2b853fb389c7a7de22cc740041df2f1f4a5772 90ff8f754d29352f5c5294652ceadcc277c980b2
     90ff8f754d29352f5c5294652ceadcc277c980b2 bd6c7209a0029c2a89b910a241fe8c9cce622baf
     bd6c7209a0029c2a89b910a241fe8c9cce622baf 857bca3647f514698438f6ef408b94e9820f6699
     857bca3647f514698438f6ef408b94e9820f6699 8f7347efdb44f41b9c410218bb3f01f59791b2d7
     8f7347efdb44f41b9c410218bb3f01f59791b2d7 9cc96c9ef88cb2453515d55c699f668fa4d7952a
     9cc96c9ef88cb2453515d55c699f668fa4d7952a 9fa457c77bab8d1f080078a3280a53027345d75c
     9fa457c77bab8d1f080078a3280a53027345d75c 891637d4246a8058f3e413ab7e1ade4329acaf78
     891637d4246a8058f3e413ab7e1ade4329acaf78 28a0562c311be7e6789a91450fc2bc763ab0c18c
     28a0562c311be7e6789a91450fc2bc763ab0c18c 65e7abfe5b0217fdf99ea9f85c75196370f47e83
     65e7abfe5b0217fdf99ea9f85c75196370f47e83 b74e855b12d7c290e603742e6d040e217ea84375
     9bd6f28904f6b5ce829085fdbdec8e70743bed03 1dc4f54ac6be1a17e31de97646f8ba553af24f47
     b74e855b12d7c290e603742e6d040e217ea84375 9203d327afaac6fdb8273cb14d55e370b83c87f5
     9203d327afaac6fdb8273cb14d55e370b83c87f5 4aef78f0db57fda9704ee94c26ddd5f806263b4f
     1dc4f54ac6be1a17e31de97646f8ba553af24f47
     4aef78f0db57fda9704ee94c26ddd5f806263b4f ea3dde48f57291ee05b39a57aa628f656c7feaef
     ea3dde48f57291ee05b39a57aa628f656c7feaef 824b9285caa5c1b964bebaaec3ee41585fd0d79d
     824b9285caa5c1b964bebaaec3ee41585fd0d79d 0780bb75671427680743a83bb7c5336806ddd43d
     0780bb75671427680743a83bb7c5336806ddd43d b08ccfb41a0fc8ae6d78ac48139f86ef94b5bfee
     b08ccfb41a0fc8ae6d78ac48139f86ef94b5bfee 11fa24b37924f8aecbdcef47dcaea5c332da24c9
     11fa24b37924f8aecbdcef47dcaea5c332da24c9 3016b3b04c7846b5cc7253c48a6e9eed6d9f1a48
     3016b3b04c7846b5cc7253c48a6e9eed6d9f1a48 f5f92d41a27fda5361e93820b7237fe9bd6e4195
     f5f92d41a27fda5361e93820b7237fe9bd6e4195 06723d5b4a6b4a7b4007b2e30289cca57c7f9ea3 ab9d0e92294391cc82c38038d696983a1b8efa28
     ab9d0e92294391cc82c38038d696983a1b8efa28 860ecdbe5a178ec960594b9769437853386f0b08
     860ecdbe5a178ec960594b9769437853386f0b08 4a919f4ad06ba5c5e421a67bebca2fe8500be39c
     4a919f4ad06ba5c5e421a67bebca2fe8500be39c 06723d5b4a6b4a7b4007b2e30289cca57c7f9ea3
     06723d5b4a6b4a7b4007b2e30289cca57c7f9ea3 459e807573e559a1c922dcb3cb7a21f93c5e9c33
     459e807573e559a1c922dcb3cb7a21f93c5e9c33 b9c60d7d975681a7af3073b8d37416c741594290
     b9c60d7d975681a7af3073b8d37416c741594290 32c6b7c4d7cbb16dc98dfc336c368244e95f5d44
     32c6b7c4d7cbb16dc98dfc336c368244e95f5d44 cd8d7161a85dafefc227cbcd0007266a96cc6297
     cd8d7161a85dafefc227cbcd0007266a96cc6297 92862e3ea47151dd4a9187297221029e021621a9 e825ca2c4bc0349e6c8503c0326e72066aefe96f
     e825ca2c4bc0349e6c8503c0326e72066aefe96f c0a8cb2fa4914b4106e46161b663d76d9db4fe15
     92862e3ea47151dd4a9187297221029e021621a9 46643bca8a7e77171dfaae71632edbbda3d4e546
     c0a8cb2fa4914b4106e46161b663d76d9db4fe15 97012245a8aeac75a330b89da3170a536df12b3f
     46643bca8a7e77171dfaae71632edbbda3d4e546 c47d9dc73a5cb00426786ce316979a738d3f7c31
     97012245a8aeac75a330b89da3170a536df12b3f e755a7eba64618b174dbec3b24fc103b9622dae5
     c47d9dc73a5cb00426786ce316979a738d3f7c31 b8ea96a94a80b83ec0b26e94a18377b504b03df7
     e755a7eba64618b174dbec3b24fc103b9622dae5 3ebba639bcba42804d8d61da42f1557968ce18e7
     b8ea96a94a80b83ec0b26e94a18377b504b03df7 d7ed66ef4559164096b93714ae7c53547e22040b
     3ebba639bcba42804d8d61da42f1557968ce18e7 7b12a25174e43263413b8bfc36e91fc9904252ee
     d7ed66ef4559164096b93714ae7c53547e22040b 997fbec2d424d4fac199eb5b076c91df4494cb1c
     7b12a25174e43263413b8bfc36e91fc9904252ee f7426c48d6551648e4e7b0ec045d8b055cc95ba8
     997fbec2d424d4fac199eb5b076c91df4494cb1c dbab2646d8215a896283a0175713079dc82efab8
     f7426c48d6551648e4e7b0ec045d8b055cc95ba8 7fe6652e4a5ef8718144889ddbe38e3fd01bd217
     dbab2646d8215a896283a0175713079dc82efab8 8d91c7bb039c70296e28a4362be15468559dfef7
     7fe6652e4a5ef8718144889ddbe38e3fd01bd217 88762cbdc6f43c47dc074f133f2412f9c9049092
     8d91c7bb039c70296e28a4362be15468559dfef7 1cc3745b218a9da57d60b6852d71abec831c0b4c
     88762cbdc6f43c47dc074f133f2412f9c9049092 cd00735a5f790eae938933076d3f5a834b0744f4
     1cc3745b218a9da57d60b6852d71abec831c0b4c 540b77e3a6a23a4be88e432b67acea4f28380b72
     cd00735a5f790eae938933076d3f5a834b0744f4 06dee3b15d54f87b122787fb9f44fe3eb9b8d6b8 a33266df88916363d39d5e57a39d30514acdaf1b
     540b77e3a6a23a4be88e432b67acea4f28380b72 ca4e7aa5e79c2ae584fb64315aae85412c12603a 875e64bb3f0603ed543593bc10eb511a9d869b84
     06dee3b15d54f87b122787fb9f44fe3eb9b8d6b8 8b93554f070f70ea5b2acdf485f0dbaac02187f3
     ca4e7aa5e79c2ae584fb64315aae85412c12603a 61875cc2b22eec9ce8523df7559fc82f3cb1695c
     a33266df88916363d39d5e57a39d30514acdaf1b 670881962a82d6c23c11d89fbfcbb5bf71ddac69
     875e64bb3f0603ed543593bc10eb511a9d869b84 7cad854d729f6bc353b75dc5debdb4c7974c9d45
     670881962a82d6c23c11d89fbfcbb5bf71ddac69 e5d6adc3ba37d2cb9ba59d28d4de1fec0b070929
     7cad854d729f6bc353b75dc5debdb4c7974c9d45 aa108562e2762e03f1205f624c7757c0e18ceb26
     e5d6adc3ba37d2cb9ba59d28d4de1fec0b070929 8b93554f070f70ea5b2acdf485f0dbaac02187f3
     aa108562e2762e03f1205f624c7757c0e18ceb26 61875cc2b22eec9ce8523df7559fc82f3cb1695c
     8b93554f070f70ea5b2acdf485f0dbaac02187f3 7687b69173ccd00ccc980c2e69b0e448882dae7a
     61875cc2b22eec9ce8523df7559fc82f3cb1695c e61cf247db72fb5796502fb66dc35cf76fe8dd7b
     7687b69173ccd00ccc980c2e69b0e448882dae7a 8dd2a8b3e65911fe968e80e211ad1311a503d0cf
     e61cf247db72fb5796502fb66dc35cf76fe8dd7b 6b498d783a752946de6350b8a32be0eb6b3d51a4
     8dd2a8b3e65911fe968e80e211ad1311a503d0cf 796205e4a0200c982e63486f9bd1e4465d8ccf6f
     6b498d783a752946de6350b8a32be0eb6b3d51a4 3fe312ac48c4f50c6fc839984b2ee312714d6265
     796205e4a0200c982e63486f9bd1e4465d8ccf6f 520f36279a0c3d94644c8feb22bb439c28efe192
     3fe312ac48c4f50c6fc839984b2ee312714d6265 17ad296853502338e4a6db57d0aed46035265ab4
     520f36279a0c3d94644c8feb22bb439c28efe192 a19096ab80f60c6bf7679fdbe87f13e51beafad2
     17ad296853502338e4a6db57d0aed46035265ab4 6bfefa06dffe54059cd1666dcd3d5acce46e2408
     a19096ab80f60c6bf7679fdbe87f13e51beafad2 b0c05c95efc11f6c65f1dc88ac7e06c1d13d6296
     6bfefa06dffe54059cd1666dcd3d5acce46e2408 d2b8388837d552596d0896f74de7894aa1ec05fe
     b0c05c95efc11f6c65f1dc88ac7e06c1d13d6296 a8b983f7db6623abde3ce845ed5a92a02e652a2c
     d2b8388837d552596d0896f74de7894aa1ec05fe e29524b8b76428605e7681e63d445cbbdcc965b0
     a8b983f7db6623abde3ce845ed5a92a02e652a2c 79d74e7aecaf410761716ea2b34674e75d09db54
     e29524b8b76428605e7681e63d445cbbdcc965b0 d30899e88592b5e1b89973a8d86022fd68a9334c
     79d74e7aecaf410761716ea2b34674e75d09db54 4ad6c69f9ae41a99268476c0c11be431b7c59ac7
     d30899e88592b5e1b89973a8d86022fd68a9334c 7d7fefc661861546ab7929f711747b8f10961958
     4ad6c69f9ae41a99268476c0c11be431b7c59ac7 09db132cde00c94afec4966ca7aa2ac333ed48db
     7d7fefc661861546ab7929f711747b8f10961958 736af528a8fa0a1619d31e8e4edffcd73209ca16
     09db132cde00c94afec4966ca7aa2ac333ed48db 0120806efb42683f3e956d3ede5ed5d77fee17c9
     736af528a8fa0a1619d31e8e4edffcd73209ca16 0861f55dae1b13e534805e73a096fb2e218038b8
     0120806efb42683f3e956d3ede5ed5d77fee17c9 13bf7fb28338142fbdc1c06cc331ddf78b08ea82
     0861f55dae1b13e534805e73a096fb2e218038b8 92bd0bf417816fc987227f715691c534cb920955
     13bf7fb28338142fbdc1c06cc331ddf78b08ea82 91f870ff68c6ea80f3dde0dc2df51f0d47d09248
     92bd0bf417816fc987227f715691c534cb920955 2766cace329493110ff6e4e05ed158c61014fc6b
     91f870ff68c6ea80f3dde0dc2df51f0d47d09248 32dd4101b8c97a982b81c514a8a4b38b0e0671a0
     2766cace329493110ff6e4e05ed158c61014fc6b a92a61eb4375108eb83639bdbc441e506f6917bf
     32dd4101b8c97a982b81c514a8a4b38b0e0671a0 7e8116adba60783ed192b4938b3151151f2ce5b9
     a92a61eb4375108eb83639bdbc441e506f6917bf 1a10a9fbd7a93edf40568ce717ab67ff0cc67450
     7e8116adba60783ed192b4938b3151151f2ce5b9 43c43e53620bad0fb72ccf3c9c4699350d4a7aae
     1a10a9fbd7a93edf40568ce717ab67ff0cc67450 bd4ad5f99b60bd76cd1b9c6afb465ef2384940b8
     43c43e53620bad0fb72ccf3c9c4699350d4a7aae 9bf2ebe6570a003337fff2c8cccffe77c50de13e
     bd4ad5f99b60bd76cd1b9c6afb465ef2384940b8 ff0303401e071159f5265e58aad652c826d151c6
     9bf2ebe6570a003337fff2c8cccffe77c50de13e 848300877b0ecf683248b0400fc968d7829d504e
     ff0303401e071159f5265e58aad652c826d151c6 17d02d5e9cd578c11ce45d0463568c31579e800b
     848300877b0ecf683248b0400fc968d7829d504e 98c4f2360a5bedf130469621dc8a4d15c819d0ea
     17d02d5e9cd578c11ce45d0463568c31579e800b 55c377dc220ad3ac5561a8bf2d2623b86e0435f4
     98c4f2360a5bedf130469621dc8a4d15c819d0ea 5ca4ef5680e28405afc229ead715a3bd5498a364
     55c377dc220ad3ac5561a8bf2d2623b86e0435f4 b1353173dd3f4f2223f99c5b0ad034d32388bb24
     5ca4ef5680e28405afc229ead715a3bd5498a364 cc736c00ef83b0607a7f39950737f553ffdbc5b2
     b1353173dd3f4f2223f99c5b0ad034d32388bb24 37d9ac1d50604906826a05810036de2c9b096029
     cc736c00ef83b0607a7f39950737f553ffdbc5b2 da4088802d8317214b975b6bcf0859875c6c7c01
     37d9ac1d50604906826a05810036de2c9b096029 da4088802d8317214b975b6bcf0859875c6c7c01
     da4088802d8317214b975b6bcf0859875c6c7c01 3d0b6b8193638180e702644b5700fdb4ff86ff12
     3d0b6b8193638180e702644b5700fdb4ff86ff12 43b39b53b5b1378d0f08293316d0c4bc44b48574
     43b39b53b5b1378d0f08293316d0c4bc44b48574 aff6c6f79197444aa8a88395e4141f1460de8958
     aff6c6f79197444aa8a88395e4141f1460de8958 4f6fd82a327d363318ccfab5b5f3f34d7568e574
     4f6fd82a327d363318ccfab5b5f3f34d7568e574 9858594edd9fce2438dc17693f64a19cfb7560b4
     9858594edd9fce2438dc17693f64a19cfb7560b4 f516e88ab8cf687ed50f55f9ef268b703a9f66cc
     f516e88ab8cf687ed50f55f9ef268b703a9f66cc 1cd36252b4923cc31dd17c99f577f0774a0e33b8
     1cd36252b4923cc31dd17c99f577f0774a0e33b8 354e47eb31e9c51a344e2a7d24090bdea3696219
     354e47eb31e9c51a344e2a7d24090bdea3696219 4255b8e03a90a732a9567e669e69881cf25bf9e9
     4255b8e03a90a732a9567e669e69881cf25bf9e9 2f39283773333a45afd5187c246642a52aea721d
     2f39283773333a45afd5187c246642a52aea721d 767d3f12cdb720ac419f3e68c52481e7971112a0
     767d3f12cdb720ac419f3e68c52481e7971112a0 facd6c600f73a9cfb7845d602c2121a3aa8647f6
     facd6c600f73a9cfb7845d602c2121a3aa8647f6 1a9ad74f2321da4d5d01ddbd0a767a6227dc58fa
     1a9ad74f2321da4d5d01ddbd0a767a6227dc58fa
Run 'git rev-parse --show-cdup'
     
Run 'git show master:xpd.xml'
     <?xml version="1.0" ?>
     <xpd>
         <components>
             <component description = "Basic loopback demonstration for the RS485 component" type = "demoCode" scope = "Example" path = "app_rs485" local = "false" id = "app_rs485" name = "RS485 Terminal Console Demo">
                 <board>XK-SKC-L2</board>
                 <board>XA-SK-ISBUS</board>
                 <componentDependency>module_uart_fast_tx</componentDependency>
                 <componentDependency>module_rs485</componentDependency>
                 <keyword>rs485</keyword>
                 <keyword>UART</keyword>
             </component>
             <component description = "Application to demonstrate module_uart_rx and module_uart_tx running looped back on a single Slicekti core board." type = "demoCode" scope = "Example" path = "app_uart_back2back" local = "false" id = "app_uart_back2back" name = "Generic Uart Loopback Example">
                 <board>XA-SKC-L2</board>
                 <componentDependency>module_uart_tx</componentDependency>
                 <componentDependency>module_uart_rx</componentDependency>
                 <keyword>UART</keyword>
                 <keyword>demo</keyword>
             </component>
             <component description = "Application to demonstrate module_uart_fast_rx and module_uart_fast_tx running looped back on a single Slicekit core board" type = "demoCode" scope = "Example" path = "app_uart_fast" local = "false" id = "app_uart_fast" name = "Simple Uart Loopback Example">
                 <board>XA-SKC-L2</board>
                 <componentDependency>module_uart_fast_rx</componentDependency>
                 <componentDependency>module_uart_fast_tx</componentDependency>
                 <keyword>UART</keyword>
                 <keyword>demo</keyword>
             </component>
             <component name = "RS485 Transceiver Component" type = "component" buildresults_path = "module_rs485/.module_rs485.buildinfo" scope = "General Use" path = "module_rs485" metainfo_path = "module_rs485/module_rs485.metainfo" local = "false" id = "module_rs485" description = "Half-duplex RS485 transceiver component for operation up to 1 Mbps baud">
                 <board>XK-SKC-L2</board>
                 <board>XA-SK-ISBUS</board>
                 <keyword>RS485</keyword>
                 <keyword>UART</keyword>
             </component>
             <component name = "Simple/Fast UART RX component" type = "component" buildresults_path = "module_uart_fast_rx/.module_uart_fast_rx.buildinfo" scope = "Early Development" path = "module_uart_fast_rx" metainfo_path = "module_uart_fast_rx/module_uart_fast_rx.metainfo" local = "false" id = "module_uart_fast_rx" description = "Basic and fast UART without FIFO">
                 <board>XP-SKC-L16</board>
                 <keyword>Serial simple fast UART</keyword>
             </component>
             <component name = "Simple/Fast UART TX component" type = "component" buildresults_path = "module_uart_fast_tx/.module_uart_fast_tx.buildinfo" scope = "Early Development" path = "module_uart_fast_tx" metainfo_path = "module_uart_fast_tx/module_uart_fast_tx.metainfo" local = "false" id = "module_uart_fast_tx" description = "Basic and fast UART without FIFO">
                 <board>XP-SKC-L16</board>
                 <keyword>Serial simple fast UART</keyword>
             </component>
             <component name = "Generic UART Receiver" type = "component" buildresults_path = "module_uart_rx/.module_uart_rx.buildinfo" scope = "General Use" path = "module_uart_rx" metainfo_path = "module_uart_rx/module_uart_rx.metainfo" local = "false" id = "module_uart_rx" description = "Uart Receiver with the full range of baud rate (up to 115.2KBaud), parity, stop bits and bits per character support">
                 <board>XK-SKC-L2</board>
                 <board>XA-SK-GPIO</board>
                 <keyword>UART</keyword>
             </component>
             <component name = "Generic UART Transmitter" type = "component" buildresults_path = "module_uart_tx/.module_uart_tx.buildinfo" scope = "General Use" path = "module_uart_tx" metainfo_path = "module_uart_tx/module_uart_tx.metainfo" local = "false" id = "module_uart_tx" description = "Uart with the full range of baud rate (up to 115.2KBaud), parity, stop bits and bits per character support">
                 <board>XK-SKC-L2</board>
                 <board>XA-SK-GPIO</board>
                 <keyword>UART</keyword>
             </component>
         </components>
         <description>Inline libraries for various simple uart implementations</description>
         <docdir>doc</docdir>
         <docdir>module_rs485/doc</docdir>
         <docdir>app_rs485/doc_quickstart</docdir>
         <exclude_dir>app_uart_test</exclude_dir>
         <exclude_dir>app_rs485_demo</exclude_dir>
         <location>git@github.com:xcore/sc_uart.git</location>
         <name>sc_uart</name>
         <maintainer>djpwilk</maintainer>
         <partnumber>XM-001905-DH</partnumber>
         <release parenthash = "891637d4246a8058f3e413ab7e1ade4329acaf78" version = "2.1.0rc0" githash = "9fa457c77bab8d1f080078a3280a53027345d75c"></release>
         <release parenthash = "9fa457c77bab8d1f080078a3280a53027345d75c" version = "2.1.0rc1" githash = "9cc96c9ef88cb2453515d55c699f668fa4d7952a"></release>
         <release parenthash = "9cc96c9ef88cb2453515d55c699f668fa4d7952a" version = "2.1.0rc2" githash = "8f7347efdb44f41b9c410218bb3f01f59791b2d7"></release>
         <release parenthash = "8f7347efdb44f41b9c410218bb3f01f59791b2d7" version = "2.1.0rc3" githash = "857bca3647f514698438f6ef408b94e9820f6699"></release>
         <release parenthash = "857bca3647f514698438f6ef408b94e9820f6699" version = "2.1.0rc4" githash = "bd6c7209a0029c2a89b910a241fe8c9cce622baf"></release>
         <release parenthash = "90ff8f754d29352f5c5294652ceadcc277c980b2" version = "2.1.0rc5" githash = "1e2b853fb389c7a7de22cc740041df2f1f4a5772"></release>
         <release parenthash = "00891e914407c425505a63667bbb3b9d6870547b" version = "2.1.0rc6" githash = "d9a9e94b925ef31f61be52ad2b43883a4d91b863"></release>
         <release parenthash = "d204e365e88dc60c81e2b0b023a665cc48df6b09" version = "2.2.0alpha0" githash = "d9d3bb33df8cff90d1ab80711bad85fccdcd961a"></release>
         <release parenthash = "d9d3bb33df8cff90d1ab80711bad85fccdcd961a" version = "2.2.0alpha1" githash = "d6f233650ec2f6e4342bd683762c2fb3f324a3e9"></release>
         <release parenthash = "a9fb821161589ab882e55840a7fc2bef895da203" version = "2.2.0alpha2" githash = "4a1812b22cbda7dbdce897120aef746fd936a627"></release>
         <release parenthash = "1b7f430deb85978da1b201598373dc43ddbe20ed" version = "2.2.0alpha3" githash = "c6a11ddc565d9585a7f48d6c9d0345e5f6d13ab3"></release>
         <release parenthash = "5b5b57bcc2501ba3ed945bd6d53c26d8c43466f6" version = "2.2.0alpha4" githash = "903fdda06dcdd289801c08e4d965e0133082db33"></release>
         <release parenthash = "2765945955f9c3a981b025e429355d99aedc4a88" version = "2.2.0rc0" githash = "4b5a6e17070a4ac435160a034220769adda9c31d"></release>
         <release parenthash = "4e82817ab9ceec16ba75e3869eb7d0ea7adad67b" version = "2.2.0rc1" githash = "d89b2a56d6487af908772ff8af894d3b68e13b41"></release>
         <release parenthash = "42429d9c428ae6a4582cddade8bf478970ac70b5" version = "2.3.0beta0" githash = "36ce072424bf17d60213f0380a75f517e07ead1d"></release>
         <release parenthash = "2088b2b3e4bc836f77c5768d920c34b55fee52eb" version = "2.3.0beta1" githash = "0f49ecb859896b64f4f5d05fb329e03d10f4628c"></release>
         <release parenthash = "86c6e1a8aa844a1db70af3f4e8a5bba4175f891c" version = "2.3.0beta2" githash = "d4ce73855b8b7423cbf39d44aa50f15ca06a70f1"></release>
         <release parenthash = "0e0857bfbc256bf7eddb4167f5ee4ffafc2e5825" version = "2.3.0beta3" githash = "ea6888247637c3b17bafbee312aa017b90878761"></release>
         <release parenthash = "d3cc5fd8fbe81b5df2c5e030b9942d80d7c873cb" version = "2.3.0beta4" githash = "fe8f1046d466c250148b2ed03e75daa5188ba7f0"></release>
         <release parenthash = "031329495a78b4218a691a6536171d0c54ef73f5" version = "2.3.0beta5" githash = "ec3d90e2d759351fe39ac17862651dffdb6ec7ab"></release>
         <release parenthash = "ceadaf6f92e7122b81355400785d4c19f26cb706" version = "2.3.0rc0" githash = "85328820c8e18d6df345575ed4d888d295ee4ac3"></release>
         <release parenthash = "682be73be0a48bbf75c9295404277107f294c243" version = "2.3.1beta0" githash = "31544af61c7e5e79da722bc0df03e0f1bd4d7b21"></release>
         <release parenthash = "cd3520f8f7bfa3837c6103d72a8744d29c5cf368" version = "2.3.1beta1"></release>
         <subpartnumber>XM-001906-SM</subpartnumber>
         <vendor>XMOS</vendor>
         <version_defines></version_defines>
         <xcore_repo>sc_uart.git</xcore_repo>
         <xpd_version>1.0</xpd_version>
     </xpd>
Run 'git rev-list --parents --all'
     b6fdfb8731c66df5c07868f04c7d8ab4caeae48f 96596751e49cbff11891dce8b881b2656e20ea0a
     96596751e49cbff11891dce8b881b2656e20ea0a cd3520f8f7bfa3837c6103d72a8744d29c5cf368
     cd3520f8f7bfa3837c6103d72a8744d29c5cf368 31544af61c7e5e79da722bc0df03e0f1bd4d7b21
     31544af61c7e5e79da722bc0df03e0f1bd4d7b21 682be73be0a48bbf75c9295404277107f294c243
     682be73be0a48bbf75c9295404277107f294c243 0779921060c16eb3139bb8042d65aae4293262e0
     0779921060c16eb3139bb8042d65aae4293262e0 123dbe35821e821a3b8816c56ee48438c1a74b08
     123dbe35821e821a3b8816c56ee48438c1a74b08 81132793577767cb31b28b5e7f5be26e257e8075
     81132793577767cb31b28b5e7f5be26e257e8075 0a7957989d4bff31c3c52fa8c7c861e9920c6068
     0a7957989d4bff31c3c52fa8c7c861e9920c6068 d822b839f9e68671eea5c498e94cfcd14bd67437
     d822b839f9e68671eea5c498e94cfcd14bd67437 771a458f757494fb1999eb0f9df49a8f5defc1d1
     771a458f757494fb1999eb0f9df49a8f5defc1d1 8a3d892475b8b3007c0d01b31a6036028a3ea1cc
     8a3d892475b8b3007c0d01b31a6036028a3ea1cc 24df9fe0e9bb4263689961c0a3b0d586cbb5e014
     24df9fe0e9bb4263689961c0a3b0d586cbb5e014 c42d369c31836862f6e52bc9720d6ea2992d8805
     c42d369c31836862f6e52bc9720d6ea2992d8805 6a7542709ce369ff6c5621c8d38359298653a7d8
     6a7542709ce369ff6c5621c8d38359298653a7d8 22402620740f9f5dbe10cf82f2961684289ac546
     22402620740f9f5dbe10cf82f2961684289ac546 a9107ee3e328e719b96975e6b13012e3e4bb9ba6
     a9107ee3e328e719b96975e6b13012e3e4bb9ba6 68202b27eac427c128ed5b5caf1e2dfed59d8b58
     68202b27eac427c128ed5b5caf1e2dfed59d8b58 8fbfb98b52ad43ba06ce8fcdfb81328608c1dca1
     8fbfb98b52ad43ba06ce8fcdfb81328608c1dca1 85328820c8e18d6df345575ed4d888d295ee4ac3
     85328820c8e18d6df345575ed4d888d295ee4ac3 ceadaf6f92e7122b81355400785d4c19f26cb706
     ceadaf6f92e7122b81355400785d4c19f26cb706 ec3d90e2d759351fe39ac17862651dffdb6ec7ab
     ec3d90e2d759351fe39ac17862651dffdb6ec7ab 031329495a78b4218a691a6536171d0c54ef73f5
     031329495a78b4218a691a6536171d0c54ef73f5 e6b8230aafe6f6d91005166c8cca12b1c439688b
     e6b8230aafe6f6d91005166c8cca12b1c439688b ef0f332c6a0bb3d71066d7a80b7064c2ad116bdf
     ef0f332c6a0bb3d71066d7a80b7064c2ad116bdf 317f16a12943646d97779759fd3e7c9d404b5abf
     317f16a12943646d97779759fd3e7c9d404b5abf fe8f1046d466c250148b2ed03e75daa5188ba7f0
     fe8f1046d466c250148b2ed03e75daa5188ba7f0 d3cc5fd8fbe81b5df2c5e030b9942d80d7c873cb
     d3cc5fd8fbe81b5df2c5e030b9942d80d7c873cb ea6888247637c3b17bafbee312aa017b90878761
     ea6888247637c3b17bafbee312aa017b90878761 0e0857bfbc256bf7eddb4167f5ee4ffafc2e5825
     0e0857bfbc256bf7eddb4167f5ee4ffafc2e5825 d4ce73855b8b7423cbf39d44aa50f15ca06a70f1
     d4ce73855b8b7423cbf39d44aa50f15ca06a70f1 86c6e1a8aa844a1db70af3f4e8a5bba4175f891c
     86c6e1a8aa844a1db70af3f4e8a5bba4175f891c 0f49ecb859896b64f4f5d05fb329e03d10f4628c
     0f49ecb859896b64f4f5d05fb329e03d10f4628c 2088b2b3e4bc836f77c5768d920c34b55fee52eb
     2088b2b3e4bc836f77c5768d920c34b55fee52eb 14c0b407757d1f1ebd0c87b30c34092cc17997ef
     14c0b407757d1f1ebd0c87b30c34092cc17997ef a0b8776a61e6bb0f83450d831ff9d137a66a76e7
     a0b8776a61e6bb0f83450d831ff9d137a66a76e7 36ce072424bf17d60213f0380a75f517e07ead1d
     36ce072424bf17d60213f0380a75f517e07ead1d 42429d9c428ae6a4582cddade8bf478970ac70b5
     42429d9c428ae6a4582cddade8bf478970ac70b5 4e34d3b4c4aacb1eb525b512ca978aa4cdcd1294
     4e34d3b4c4aacb1eb525b512ca978aa4cdcd1294 3ef6a18577a3290bc204d8421f509feedc670fae
     3ef6a18577a3290bc204d8421f509feedc670fae 83f982ea495114f1e652f9e6d6877a0f40baddce 625c16bf053dbc52732ca8a25cbd1b8c2e3e49a4
     83f982ea495114f1e652f9e6d6877a0f40baddce ac9d9ff909da3037dd3a3a649b6e0c78a2d0d3a8
     ac9d9ff909da3037dd3a3a649b6e0c78a2d0d3a8 2bbd9745a5a2cc389ca0e98f5bebe044a4328772
     625c16bf053dbc52732ca8a25cbd1b8c2e3e49a4 2bbd9745a5a2cc389ca0e98f5bebe044a4328772
     2bbd9745a5a2cc389ca0e98f5bebe044a4328772 07b574669d532e9fbe6e7089434ee05f8a3ec341
     07b574669d532e9fbe6e7089434ee05f8a3ec341 ada5d45922ff9afa8e5b92f991e8739ca472e4cc
     ada5d45922ff9afa8e5b92f991e8739ca472e4cc f564396647cf09ec234ed9d504739a3a12dc2f70
     f564396647cf09ec234ed9d504739a3a12dc2f70 e58e5969b1893c9dfe2deafc6a48033aaa874b1b
     e58e5969b1893c9dfe2deafc6a48033aaa874b1b c4897d5a867973440cd47b30971a45c2bb8cbb48
     c4897d5a867973440cd47b30971a45c2bb8cbb48 12c711524654c511faba223fbe83f095369dc587
     12c711524654c511faba223fbe83f095369dc587 2158db7cbdb6dc93dde1e22f4f32c01d93e6aad4
     2158db7cbdb6dc93dde1e22f4f32c01d93e6aad4 fd85ac1989e988836ddeb81851f58ad6c982590f
     fd85ac1989e988836ddeb81851f58ad6c982590f d6859b74ebe95d86c0252b320cc7ca539c2ac72d 5d35c57d976fc431dfac105b7101ccc0d64b5b65
     d6859b74ebe95d86c0252b320cc7ca539c2ac72d c9ef4abdcec3c920d2aaf69f4703d74eecaff7ce
     5d35c57d976fc431dfac105b7101ccc0d64b5b65 c9ef4abdcec3c920d2aaf69f4703d74eecaff7ce
     c9ef4abdcec3c920d2aaf69f4703d74eecaff7ce 6a30100c42c45c9777aa2019ab0c2668f8e27ad5
     6a30100c42c45c9777aa2019ab0c2668f8e27ad5 811aaab2c5d4a50250a7d65b322b09d76e941584
     811aaab2c5d4a50250a7d65b322b09d76e941584 17d6cf52dc71a00f780a6bd5f3635eb86d846d16
     17d6cf52dc71a00f780a6bd5f3635eb86d846d16 15a24c64ea76b652cf665b606b59c60f46fdad4e
     15a24c64ea76b652cf665b606b59c60f46fdad4e d89b2a56d6487af908772ff8af894d3b68e13b41
     d89b2a56d6487af908772ff8af894d3b68e13b41 4e82817ab9ceec16ba75e3869eb7d0ea7adad67b
     4e82817ab9ceec16ba75e3869eb7d0ea7adad67b 0257bcd17967e651bc780d2f80373660e32fbfef
     0257bcd17967e651bc780d2f80373660e32fbfef 4b5a6e17070a4ac435160a034220769adda9c31d
     4b5a6e17070a4ac435160a034220769adda9c31d 2765945955f9c3a981b025e429355d99aedc4a88
     2765945955f9c3a981b025e429355d99aedc4a88 6ba90c74c3ea7eca4f5e4884d57c1d73eaa8f2f0
     6ba90c74c3ea7eca4f5e4884d57c1d73eaa8f2f0 903fdda06dcdd289801c08e4d965e0133082db33 6259d040f66950dc457c4523fba445ac20781e1d
     903fdda06dcdd289801c08e4d965e0133082db33 5b5b57bcc2501ba3ed945bd6d53c26d8c43466f6
     6259d040f66950dc457c4523fba445ac20781e1d 5b5b57bcc2501ba3ed945bd6d53c26d8c43466f6
     5b5b57bcc2501ba3ed945bd6d53c26d8c43466f6 0455cca433ea1b4653664f63241ea57a6faadba9
     0455cca433ea1b4653664f63241ea57a6faadba9 c6a11ddc565d9585a7f48d6c9d0345e5f6d13ab3 8d2b26ff662ade956660a9ca11d63909f5b9c236
     8d2b26ff662ade956660a9ca11d63909f5b9c236 4ddf570374e2334a0c17863754c2ae9cb407f217
     4ddf570374e2334a0c17863754c2ae9cb407f217 d72da713bea75c88650bb4364a12c5d98e5db495
     c6a11ddc565d9585a7f48d6c9d0345e5f6d13ab3 1b7f430deb85978da1b201598373dc43ddbe20ed
     1b7f430deb85978da1b201598373dc43ddbe20ed a6060f903fd6273b6adf4dc48a467d13e9ceeeb4 d72da713bea75c88650bb4364a12c5d98e5db495
     a6060f903fd6273b6adf4dc48a467d13e9ceeeb4 3ae0075d979dca2786a409901100a80be975794b
     3ae0075d979dca2786a409901100a80be975794b d9d3bb33df8cff90d1ab80711bad85fccdcd961a
     d72da713bea75c88650bb4364a12c5d98e5db495 4a1812b22cbda7dbdce897120aef746fd936a627
     4a1812b22cbda7dbdce897120aef746fd936a627 a9fb821161589ab882e55840a7fc2bef895da203
     a9fb821161589ab882e55840a7fc2bef895da203 d6f233650ec2f6e4342bd683762c2fb3f324a3e9
     d6f233650ec2f6e4342bd683762c2fb3f324a3e9 d9d3bb33df8cff90d1ab80711bad85fccdcd961a
     d9d3bb33df8cff90d1ab80711bad85fccdcd961a d204e365e88dc60c81e2b0b023a665cc48df6b09
     d204e365e88dc60c81e2b0b023a665cc48df6b09 6911535dc82c80f1007018e7423ddf3c120f9db2
     6911535dc82c80f1007018e7423ddf3c120f9db2 21ee318c942d682a1412ec0961113d868b69451b
     21ee318c942d682a1412ec0961113d868b69451b 76cc260406078883621879d1e4606d5927e50e2a
     76cc260406078883621879d1e4606d5927e50e2a 693ae9bb9cede8cedec6fc9126668078dae53cf2
     693ae9bb9cede8cedec6fc9126668078dae53cf2 7dcc605c0a4f8171329786d73cf795150cee81e6
     7dcc605c0a4f8171329786d73cf795150cee81e6 7125f26b08fa7e5e5003921e5091cdeb1b3215b2
     7125f26b08fa7e5e5003921e5091cdeb1b3215b2 811e606200942f2a10ca91390f64868f449235b1
     811e606200942f2a10ca91390f64868f449235b1 7be0ca0cbd8adac4dfb45b3a7d34567d7f6f86df
     7be0ca0cbd8adac4dfb45b3a7d34567d7f6f86df 5aa36b95256ca6caf008f05baa173a4aca66f6d4
     5aa36b95256ca6caf008f05baa173a4aca66f6d4 fe45ced44a19e93c3a82adedc9ae4d0243601347
     fe45ced44a19e93c3a82adedc9ae4d0243601347 1dc6650b4c9969608d72bf775e4f84bef0dd5885
     1dc6650b4c9969608d72bf775e4f84bef0dd5885 cce26e4288c02e860c917dc65c800083f10fa6c6
     cce26e4288c02e860c917dc65c800083f10fa6c6 8f208f6658a87632b47904b60c4e6c7b7e2cea13
     8f208f6658a87632b47904b60c4e6c7b7e2cea13 aea85564caf95da8b792dfaf3aef99e47ec24040
     aea85564caf95da8b792dfaf3aef99e47ec24040 63e44922bacac181fbd925cf381f0c74dff6a787
     63e44922bacac181fbd925cf381f0c74dff6a787 b4f0c51143e7846784e0e9990b22341b0b2b644a
     b4f0c51143e7846784e0e9990b22341b0b2b644a a8e91b524580690a3441e80ee5d5f833eef0170c
     a8e91b524580690a3441e80ee5d5f833eef0170c 80e197e815ec781a82c2ba4fd49f7bb5d67cc9e7
     80e197e815ec781a82c2ba4fd49f7bb5d67cc9e7 8983ea3c74ecfd77c35ca93a3278daf9fbd50c77
     8983ea3c74ecfd77c35ca93a3278daf9fbd50c77 d9a9e94b925ef31f61be52ad2b43883a4d91b863
     d9a9e94b925ef31f61be52ad2b43883a4d91b863 00891e914407c425505a63667bbb3b9d6870547b
     00891e914407c425505a63667bbb3b9d6870547b 9bdcc5a15d7c01bd9a2e6aff44e262ef0b4d609a
     9bdcc5a15d7c01bd9a2e6aff44e262ef0b4d609a 1e2b853fb389c7a7de22cc740041df2f1f4a5772
     1e2b853fb389c7a7de22cc740041df2f1f4a5772 90ff8f754d29352f5c5294652ceadcc277c980b2
     90ff8f754d29352f5c5294652ceadcc277c980b2 bd6c7209a0029c2a89b910a241fe8c9cce622baf
     bd6c7209a0029c2a89b910a241fe8c9cce622baf 857bca3647f514698438f6ef408b94e9820f6699
     857bca3647f514698438f6ef408b94e9820f6699 8f7347efdb44f41b9c410218bb3f01f59791b2d7
     8f7347efdb44f41b9c410218bb3f01f59791b2d7 9cc96c9ef88cb2453515d55c699f668fa4d7952a
     9cc96c9ef88cb2453515d55c699f668fa4d7952a 9fa457c77bab8d1f080078a3280a53027345d75c
     9fa457c77bab8d1f080078a3280a53027345d75c 891637d4246a8058f3e413ab7e1ade4329acaf78
     891637d4246a8058f3e413ab7e1ade4329acaf78 28a0562c311be7e6789a91450fc2bc763ab0c18c
     28a0562c311be7e6789a91450fc2bc763ab0c18c 65e7abfe5b0217fdf99ea9f85c75196370f47e83
     65e7abfe5b0217fdf99ea9f85c75196370f47e83 b74e855b12d7c290e603742e6d040e217ea84375
     9bd6f28904f6b5ce829085fdbdec8e70743bed03 1dc4f54ac6be1a17e31de97646f8ba553af24f47
     b74e855b12d7c290e603742e6d040e217ea84375 9203d327afaac6fdb8273cb14d55e370b83c87f5
     9203d327afaac6fdb8273cb14d55e370b83c87f5 4aef78f0db57fda9704ee94c26ddd5f806263b4f
     1dc4f54ac6be1a17e31de97646f8ba553af24f47
     4aef78f0db57fda9704ee94c26ddd5f806263b4f ea3dde48f57291ee05b39a57aa628f656c7feaef
     ea3dde48f57291ee05b39a57aa628f656c7feaef 824b9285caa5c1b964bebaaec3ee41585fd0d79d
     824b9285caa5c1b964bebaaec3ee41585fd0d79d 0780bb75671427680743a83bb7c5336806ddd43d
     0780bb75671427680743a83bb7c5336806ddd43d b08ccfb41a0fc8ae6d78ac48139f86ef94b5bfee
     b08ccfb41a0fc8ae6d78ac48139f86ef94b5bfee 11fa24b37924f8aecbdcef47dcaea5c332da24c9
     11fa24b37924f8aecbdcef47dcaea5c332da24c9 3016b3b04c7846b5cc7253c48a6e9eed6d9f1a48
     3016b3b04c7846b5cc7253c48a6e9eed6d9f1a48 f5f92d41a27fda5361e93820b7237fe9bd6e4195
     f5f92d41a27fda5361e93820b7237fe9bd6e4195 06723d5b4a6b4a7b4007b2e30289cca57c7f9ea3 ab9d0e92294391cc82c38038d696983a1b8efa28
     ab9d0e92294391cc82c38038d696983a1b8efa28 860ecdbe5a178ec960594b9769437853386f0b08
     860ecdbe5a178ec960594b9769437853386f0b08 4a919f4ad06ba5c5e421a67bebca2fe8500be39c
     4a919f4ad06ba5c5e421a67bebca2fe8500be39c 06723d5b4a6b4a7b4007b2e30289cca57c7f9ea3
     06723d5b4a6b4a7b4007b2e30289cca57c7f9ea3 459e807573e559a1c922dcb3cb7a21f93c5e9c33
     459e807573e559a1c922dcb3cb7a21f93c5e9c33 b9c60d7d975681a7af3073b8d37416c741594290
     b9c60d7d975681a7af3073b8d37416c741594290 32c6b7c4d7cbb16dc98dfc336c368244e95f5d44
     32c6b7c4d7cbb16dc98dfc336c368244e95f5d44 cd8d7161a85dafefc227cbcd0007266a96cc6297
     cd8d7161a85dafefc227cbcd0007266a96cc6297 92862e3ea47151dd4a9187297221029e021621a9 e825ca2c4bc0349e6c8503c0326e72066aefe96f
     e825ca2c4bc0349e6c8503c0326e72066aefe96f c0a8cb2fa4914b4106e46161b663d76d9db4fe15
     92862e3ea47151dd4a9187297221029e021621a9 46643bca8a7e77171dfaae71632edbbda3d4e546
     c0a8cb2fa4914b4106e46161b663d76d9db4fe15 97012245a8aeac75a330b89da3170a536df12b3f
     46643bca8a7e77171dfaae71632edbbda3d4e546 c47d9dc73a5cb00426786ce316979a738d3f7c31
     97012245a8aeac75a330b89da3170a536df12b3f e755a7eba64618b174dbec3b24fc103b9622dae5
     c47d9dc73a5cb00426786ce316979a738d3f7c31 b8ea96a94a80b83ec0b26e94a18377b504b03df7
     e755a7eba64618b174dbec3b24fc103b9622dae5 3ebba639bcba42804d8d61da42f1557968ce18e7
     b8ea96a94a80b83ec0b26e94a18377b504b03df7 d7ed66ef4559164096b93714ae7c53547e22040b
     3ebba639bcba42804d8d61da42f1557968ce18e7 7b12a25174e43263413b8bfc36e91fc9904252ee
     d7ed66ef4559164096b93714ae7c53547e22040b 997fbec2d424d4fac199eb5b076c91df4494cb1c
     7b12a25174e43263413b8bfc36e91fc9904252ee f7426c48d6551648e4e7b0ec045d8b055cc95ba8
     997fbec2d424d4fac199eb5b076c91df4494cb1c dbab2646d8215a896283a0175713079dc82efab8
     f7426c48d6551648e4e7b0ec045d8b055cc95ba8 7fe6652e4a5ef8718144889ddbe38e3fd01bd217
     dbab2646d8215a896283a0175713079dc82efab8 8d91c7bb039c70296e28a4362be15468559dfef7
     7fe6652e4a5ef8718144889ddbe38e3fd01bd217 88762cbdc6f43c47dc074f133f2412f9c9049092
     8d91c7bb039c70296e28a4362be15468559dfef7 1cc3745b218a9da57d60b6852d71abec831c0b4c
     88762cbdc6f43c47dc074f133f2412f9c9049092 cd00735a5f790eae938933076d3f5a834b0744f4
     1cc3745b218a9da57d60b6852d71abec831c0b4c 540b77e3a6a23a4be88e432b67acea4f28380b72
     cd00735a5f790eae938933076d3f5a834b0744f4 06dee3b15d54f87b122787fb9f44fe3eb9b8d6b8 a33266df88916363d39d5e57a39d30514acdaf1b
     540b77e3a6a23a4be88e432b67acea4f28380b72 ca4e7aa5e79c2ae584fb64315aae85412c12603a 875e64bb3f0603ed543593bc10eb511a9d869b84
     06dee3b15d54f87b122787fb9f44fe3eb9b8d6b8 8b93554f070f70ea5b2acdf485f0dbaac02187f3
     ca4e7aa5e79c2ae584fb64315aae85412c12603a 61875cc2b22eec9ce8523df7559fc82f3cb1695c
     a33266df88916363d39d5e57a39d30514acdaf1b 670881962a82d6c23c11d89fbfcbb5bf71ddac69
     875e64bb3f0603ed543593bc10eb511a9d869b84 7cad854d729f6bc353b75dc5debdb4c7974c9d45
     670881962a82d6c23c11d89fbfcbb5bf71ddac69 e5d6adc3ba37d2cb9ba59d28d4de1fec0b070929
     7cad854d729f6bc353b75dc5debdb4c7974c9d45 aa108562e2762e03f1205f624c7757c0e18ceb26
     e5d6adc3ba37d2cb9ba59d28d4de1fec0b070929 8b93554f070f70ea5b2acdf485f0dbaac02187f3
     aa108562e2762e03f1205f624c7757c0e18ceb26 61875cc2b22eec9ce8523df7559fc82f3cb1695c
     8b93554f070f70ea5b2acdf485f0dbaac02187f3 7687b69173ccd00ccc980c2e69b0e448882dae7a
     61875cc2b22eec9ce8523df7559fc82f3cb1695c e61cf247db72fb5796502fb66dc35cf76fe8dd7b
     7687b69173ccd00ccc980c2e69b0e448882dae7a 8dd2a8b3e65911fe968e80e211ad1311a503d0cf
     e61cf247db72fb5796502fb66dc35cf76fe8dd7b 6b498d783a752946de6350b8a32be0eb6b3d51a4
     8dd2a8b3e65911fe968e80e211ad1311a503d0cf 796205e4a0200c982e63486f9bd1e4465d8ccf6f
     6b498d783a752946de6350b8a32be0eb6b3d51a4 3fe312ac48c4f50c6fc839984b2ee312714d6265
     796205e4a0200c982e63486f9bd1e4465d8ccf6f 520f36279a0c3d94644c8feb22bb439c28efe192
     3fe312ac48c4f50c6fc839984b2ee312714d6265 17ad296853502338e4a6db57d0aed46035265ab4
     520f36279a0c3d94644c8feb22bb439c28efe192 a19096ab80f60c6bf7679fdbe87f13e51beafad2
     17ad296853502338e4a6db57d0aed46035265ab4 6bfefa06dffe54059cd1666dcd3d5acce46e2408
     a19096ab80f60c6bf7679fdbe87f13e51beafad2 b0c05c95efc11f6c65f1dc88ac7e06c1d13d6296
     6bfefa06dffe54059cd1666dcd3d5acce46e2408 d2b8388837d552596d0896f74de7894aa1ec05fe
     b0c05c95efc11f6c65f1dc88ac7e06c1d13d6296 a8b983f7db6623abde3ce845ed5a92a02e652a2c
     d2b8388837d552596d0896f74de7894aa1ec05fe e29524b8b76428605e7681e63d445cbbdcc965b0
     a8b983f7db6623abde3ce845ed5a92a02e652a2c 79d74e7aecaf410761716ea2b34674e75d09db54
     e29524b8b76428605e7681e63d445cbbdcc965b0 d30899e88592b5e1b89973a8d86022fd68a9334c
     79d74e7aecaf410761716ea2b34674e75d09db54 4ad6c69f9ae41a99268476c0c11be431b7c59ac7
     d30899e88592b5e1b89973a8d86022fd68a9334c 7d7fefc661861546ab7929f711747b8f10961958
     4ad6c69f9ae41a99268476c0c11be431b7c59ac7 09db132cde00c94afec4966ca7aa2ac333ed48db
     7d7fefc661861546ab7929f711747b8f10961958 736af528a8fa0a1619d31e8e4edffcd73209ca16
     09db132cde00c94afec4966ca7aa2ac333ed48db 0120806efb42683f3e956d3ede5ed5d77fee17c9
     736af528a8fa0a1619d31e8e4edffcd73209ca16 0861f55dae1b13e534805e73a096fb2e218038b8
     0120806efb42683f3e956d3ede5ed5d77fee17c9 13bf7fb28338142fbdc1c06cc331ddf78b08ea82
     0861f55dae1b13e534805e73a096fb2e218038b8 92bd0bf417816fc987227f715691c534cb920955
     13bf7fb28338142fbdc1c06cc331ddf78b08ea82 91f870ff68c6ea80f3dde0dc2df51f0d47d09248
     92bd0bf417816fc987227f715691c534cb920955 2766cace329493110ff6e4e05ed158c61014fc6b
     91f870ff68c6ea80f3dde0dc2df51f0d47d09248 32dd4101b8c97a982b81c514a8a4b38b0e0671a0
     2766cace329493110ff6e4e05ed158c61014fc6b a92a61eb4375108eb83639bdbc441e506f6917bf
     32dd4101b8c97a982b81c514a8a4b38b0e0671a0 7e8116adba60783ed192b4938b3151151f2ce5b9
     a92a61eb4375108eb83639bdbc441e506f6917bf 1a10a9fbd7a93edf40568ce717ab67ff0cc67450
     7e8116adba60783ed192b4938b3151151f2ce5b9 43c43e53620bad0fb72ccf3c9c4699350d4a7aae
     1a10a9fbd7a93edf40568ce717ab67ff0cc67450 bd4ad5f99b60bd76cd1b9c6afb465ef2384940b8
     43c43e53620bad0fb72ccf3c9c4699350d4a7aae 9bf2ebe6570a003337fff2c8cccffe77c50de13e
     bd4ad5f99b60bd76cd1b9c6afb465ef2384940b8 ff0303401e071159f5265e58aad652c826d151c6
     9bf2ebe6570a003337fff2c8cccffe77c50de13e 848300877b0ecf683248b0400fc968d7829d504e
     ff0303401e071159f5265e58aad652c826d151c6 17d02d5e9cd578c11ce45d0463568c31579e800b
     848300877b0ecf683248b0400fc968d7829d504e 98c4f2360a5bedf130469621dc8a4d15c819d0ea
     17d02d5e9cd578c11ce45d0463568c31579e800b 55c377dc220ad3ac5561a8bf2d2623b86e0435f4
     98c4f2360a5bedf130469621dc8a4d15c819d0ea 5ca4ef5680e28405afc229ead715a3bd5498a364
     55c377dc220ad3ac5561a8bf2d2623b86e0435f4 b1353173dd3f4f2223f99c5b0ad034d32388bb24
     5ca4ef5680e28405afc229ead715a3bd5498a364 cc736c00ef83b0607a7f39950737f553ffdbc5b2
     b1353173dd3f4f2223f99c5b0ad034d32388bb24 37d9ac1d50604906826a05810036de2c9b096029
     cc736c00ef83b0607a7f39950737f553ffdbc5b2 da4088802d8317214b975b6bcf0859875c6c7c01
     37d9ac1d50604906826a05810036de2c9b096029 da4088802d8317214b975b6bcf0859875c6c7c01
     da4088802d8317214b975b6bcf0859875c6c7c01 3d0b6b8193638180e702644b5700fdb4ff86ff12
     3d0b6b8193638180e702644b5700fdb4ff86ff12 43b39b53b5b1378d0f08293316d0c4bc44b48574
     43b39b53b5b1378d0f08293316d0c4bc44b48574 aff6c6f79197444aa8a88395e4141f1460de8958
     aff6c6f79197444aa8a88395e4141f1460de8958 4f6fd82a327d363318ccfab5b5f3f34d7568e574
     4f6fd82a327d363318ccfab5b5f3f34d7568e574 9858594edd9fce2438dc17693f64a19cfb7560b4
     9858594edd9fce2438dc17693f64a19cfb7560b4 f516e88ab8cf687ed50f55f9ef268b703a9f66cc
     f516e88ab8cf687ed50f55f9ef268b703a9f66cc 1cd36252b4923cc31dd17c99f577f0774a0e33b8
     1cd36252b4923cc31dd17c99f577f0774a0e33b8 354e47eb31e9c51a344e2a7d24090bdea3696219
     354e47eb31e9c51a344e2a7d24090bdea3696219 4255b8e03a90a732a9567e669e69881cf25bf9e9
     4255b8e03a90a732a9567e669e69881cf25bf9e9 2f39283773333a45afd5187c246642a52aea721d
     2f39283773333a45afd5187c246642a52aea721d 767d3f12cdb720ac419f3e68c52481e7971112a0
     767d3f12cdb720ac419f3e68c52481e7971112a0 facd6c600f73a9cfb7845d602c2121a3aa8647f6
     facd6c600f73a9cfb7845d602c2121a3aa8647f6 1a9ad74f2321da4d5d01ddbd0a767a6227dc58fa
     1a9ad74f2321da4d5d01ddbd0a767a6227dc58fa
Running checks
Dependencies OK
DEPENDENCIES OK
Main part number = XM-001905-DH
Zipfile part number = XM-001906-SM
METAINFORMATION OK
app_rs485
   Name: RS485 Terminal Console Demo
   Type: demoCode
   Dependencies:
      module_uart_fast_tx
      module_rs485

app_uart_back2back
   Name: Generic Uart Loopback Example
   Type: demoCode
   Dependencies:
      module_uart_tx
      module_uart_rx

app_uart_fast
   Name: Simple Uart Loopback Example
   Type: demoCode
   Dependencies:
      module_uart_fast_rx
      module_uart_fast_tx

module_rs485
   Name: RS485 Transceiver Component
   Type: component
   Dependencies:

module_uart_fast_rx
   Name: Simple/Fast UART RX component
   Type: component
   Dependencies:

module_uart_fast_tx
   Name: Simple/Fast UART TX component
   Type: component
   Dependencies:

module_uart_rx
   Name: Generic UART Receiver
   Type: component
   Dependencies:

module_uart_tx
   Name: Generic UART Transmitter
   Type: component
   Dependencies:

SWBLOCK INFORMATION OK
app_uart_fast: checking .project file
Run 'git status --porcelain .project'
Run 'git add /Users/Ed/apps/fast_uart/sc_uart/app_uart_fast/.project'
module_uart_fast_rx: checking .project file
Run 'git status --porcelain .project'
Run 'git add /Users/Ed/apps/fast_uart/sc_uart/module_uart_fast_rx/.project'
app_rs485: checking .project file
Run 'git status --porcelain .project'
Run 'git add /Users/Ed/apps/fast_uart/sc_uart/app_rs485/.project'
module_uart_fast_tx: checking .project file
Run 'git status --porcelain .project'
Run 'git add /Users/Ed/apps/fast_uart/sc_uart/module_uart_fast_tx/.project'
module_rs485: checking .project file
Run 'git status --porcelain .project'
Run 'git add /Users/Ed/apps/fast_uart/sc_uart/module_rs485/.project'
module_uart_tx: checking .project file
Run 'git status --porcelain .project'
Run 'git add /Users/Ed/apps/fast_uart/sc_uart/module_uart_tx/.project'
module_uart_rx: checking .project file
Run 'git status --porcelain .project'
Run 'git add /Users/Ed/apps/fast_uart/sc_uart/module_uart_rx/.project'
app_uart_test: checking .project file
Run 'git status --porcelain .project'
Run 'git add /Users/Ed/apps/fast_uart/sc_uart/app_uart_test/.project'
app_uart_back2back: checking .project file
Run 'git status --porcelain .project'
Run 'git add /Users/Ed/apps/fast_uart/sc_uart/app_uart_back2back/.project'
app_rs485_demo: checking .project file
Run 'git status --porcelain .project'
Run 'git add /Users/Ed/apps/fast_uart/sc_uart/app_rs485_demo/.project'
app_uart_fast: checking .cproject file
app_uart_fast: using configs: Debug, Release
app_uart_fast: checking .cproject file
Run 'git rev-parse HEAD~1'
     96596751e49cbff11891dce8b881b2656e20ea0a
Run 'git status --porcelain .cproject'
Run 'git add /Users/Ed/apps/fast_uart/sc_uart/app_uart_fast/.cproject'
Run 'git add /Users/Ed/apps/fast_uart/sc_uart/app_uart_fast/.xproject'
     The following paths are ignored by one of your .gitignore files:
     app_uart_fast/.xproject
     Use -f if you really want to add them.
     fatal: no files added
module_uart_fast_rx: checking .cproject file
module_uart_fast_rx: using configs: Default
module_uart_fast_rx: checking .cproject file
Run 'git rev-parse HEAD~1'
     96596751e49cbff11891dce8b881b2656e20ea0a
Run 'git status --porcelain .cproject'
Run 'git add /Users/Ed/apps/fast_uart/sc_uart/module_uart_fast_rx/.cproject'
Run 'git add /Users/Ed/apps/fast_uart/sc_uart/module_uart_fast_rx/.xproject'
Run 'git add /Users/Ed/apps/fast_uart/sc_uart/module_uart_fast_rx/.makefile'
app_rs485: checking .cproject file
app_rs485: using configs: Debug, Release
app_rs485: checking .cproject file
Run 'git rev-parse HEAD~1'
     96596751e49cbff11891dce8b881b2656e20ea0a
Run 'git status --porcelain .cproject'
Run 'git add /Users/Ed/apps/fast_uart/sc_uart/app_rs485/.cproject'
Run 'git add /Users/Ed/apps/fast_uart/sc_uart/app_rs485/.xproject'
module_uart_fast_tx: checking .cproject file
module_uart_fast_tx: using configs: Default
module_uart_fast_tx: checking .cproject file
Run 'git rev-parse HEAD~1'
     96596751e49cbff11891dce8b881b2656e20ea0a
Run 'git status --porcelain .cproject'
Run 'git add /Users/Ed/apps/fast_uart/sc_uart/module_uart_fast_tx/.cproject'
Run 'git add /Users/Ed/apps/fast_uart/sc_uart/module_uart_fast_tx/.xproject'
Run 'git add /Users/Ed/apps/fast_uart/sc_uart/module_uart_fast_tx/.makefile'
module_rs485: checking .cproject file
module_rs485: using configs: Default
module_rs485: checking .cproject file
Run 'git rev-parse HEAD~1'
     96596751e49cbff11891dce8b881b2656e20ea0a
Run 'git status --porcelain .cproject'
Run 'git add /Users/Ed/apps/fast_uart/sc_uart/module_rs485/.cproject'
Run 'git add /Users/Ed/apps/fast_uart/sc_uart/module_rs485/.xproject'
Run 'git add /Users/Ed/apps/fast_uart/sc_uart/module_rs485/.makefile'
module_uart_tx: checking .cproject file
module_uart_tx: using configs: Default
module_uart_tx: checking .cproject file
Run 'git rev-parse HEAD~1'
     96596751e49cbff11891dce8b881b2656e20ea0a
Run 'git status --porcelain .cproject'
Run 'git add /Users/Ed/apps/fast_uart/sc_uart/module_uart_tx/.cproject'
Run 'git add /Users/Ed/apps/fast_uart/sc_uart/module_uart_tx/.xproject'
Run 'git add /Users/Ed/apps/fast_uart/sc_uart/module_uart_tx/.makefile'
module_uart_rx: checking .cproject file
module_uart_rx: using configs: Default
module_uart_rx: checking .cproject file
Run 'git rev-parse HEAD~1'
     96596751e49cbff11891dce8b881b2656e20ea0a
Run 'git status --porcelain .cproject'
Run 'git add /Users/Ed/apps/fast_uart/sc_uart/module_uart_rx/.cproject'
Run 'git add /Users/Ed/apps/fast_uart/sc_uart/module_uart_rx/.xproject'
Run 'git add /Users/Ed/apps/fast_uart/sc_uart/module_uart_rx/.makefile'
app_uart_test: checking .cproject file
app_uart_test: using configs: Default
app_uart_test: checking .cproject file
Run 'git rev-parse HEAD~1'
     96596751e49cbff11891dce8b881b2656e20ea0a
Run 'git status --porcelain .cproject'
Run 'git add /Users/Ed/apps/fast_uart/sc_uart/app_uart_test/.cproject'
Run 'git add /Users/Ed/apps/fast_uart/sc_uart/app_uart_test/.xproject'
app_uart_back2back: checking .cproject file
app_uart_back2back: using configs: Default
app_uart_back2back: checking .cproject file
Run 'git rev-parse HEAD~1'
     96596751e49cbff11891dce8b881b2656e20ea0a
Run 'git status --porcelain .cproject'
Run 'git add /Users/Ed/apps/fast_uart/sc_uart/app_uart_back2back/.cproject'
Run 'git add /Users/Ed/apps/fast_uart/sc_uart/app_uart_back2back/.xproject'
app_rs485_demo: checking .cproject file
app_rs485_demo: using configs: Debug, Release
app_rs485_demo: checking .cproject file
Run 'git rev-parse HEAD~1'
     96596751e49cbff11891dce8b881b2656e20ea0a
Run 'git status --porcelain .cproject'
Run 'git add /Users/Ed/apps/fast_uart/sc_uart/app_rs485_demo/.cproject'
Run 'git add /Users/Ed/apps/fast_uart/sc_uart/app_rs485_demo/.xproject'
Checking toplevel Makefile
Checking app_rs485_demo/Makefile
Checking app_uart_test/Makefile
Checking app_uart_fast/Makefile
Checking app_rs485/Makefile
Checking app_uart_back2back/Makefile
MAKEFILE/ECLIPSE PROJECT INFORMATION OK
Run 'git symbolic-ref HEAD'
     refs/heads/master
Run 'git update-index -q --refresh'
Run 'git diff-index --name-only HEAD --'
     run_xpd.log
WARNING: sc_uart has local modifications
ERROR: Cannot create release: uncommitted modifications
