This is pdfTeX, Version 3.1415926-2.4-1.40.13 (TeX Live 2012)
 \write18 enabled.
entering extended mode

(/Users/Ed/apps/scratch/sc_uart/app_uart_fast/doc/_build/xlatex/xmos_texfile.te
x
LaTeX2e <2011/06/27>
Babel <v3.8m> and hyphenation patterns for english, dumylang, nohyphenation, lo
aded.
(/Users/Ed/apps/scratch/sc_uart/app_uart_fast/doc/_build/xlatex/quickstart.tex
(/var/folders/v_/97dl93d115g98dgbn1l2zt3c0000gp/T/_MEI4RfzVz/texinputs/xmosmode
rn.cls
Document Class: xmosmodern 2010/12/10 v3.0b XMOS Modern Style Class

(/var/folders/v_/97dl93d115g98dgbn1l2zt3c0000gp/T/_MEI4RfzVz/texinputs/memoir.c
ls
Document Class: memoir 2010/02/20 v1.618033988c configurable book, report, arti
cle document class

(/Applications/XMOS/xSoftIPTools/bb189/latex/texmf-dist/tex/generic/oberdiek/if
pdf.sty)
(/Applications/XMOS/xSoftIPTools/bb189/latex/texmf-dist/tex/generic/ifxetex/ifx
etex.sty)
(/Applications/XMOS/xSoftIPTools/bb189/latex/texmf-dist/tex/generic/oberdiek/if
luatex.sty)
(/Applications/XMOS/xSoftIPTools/bb189/latex/texmf-dist/tex/latex/etex-pkg/etex
.sty)
(/var/folders/v_/97dl93d115g98dgbn1l2zt3c0000gp/T/_MEI4RfzVz/texinputs/mem9.clo
)
(/var/folders/v_/97dl93d115g98dgbn1l2zt3c0000gp/T/_MEI4RfzVz/texinputs/mempatch
.sty))
(/Applications/XMOS/xSoftIPTools/bb189/latex/texmf-dist/tex/latex/tools/calc.st
y)

******************************************************
Stock height and width: 668.63976pt by 506.45905pt
Top and edge trims: 0.0pt and 0.0pt
Page height and width: 668.63976pt by 506.45905pt
Text height and width: 519.0pt by 341.0pt
Spine and edge margins: 113.81102pt and 51.21497pt
Upper and lower margins: 71.13188pt and 78.50787pt
Headheight and headsep: 10.0pt and 20.0pt
Footskip: 20.0pt
Columnsep and columnseprule: 10.0pt and 0.0pt
Marginparsep and marginparwidth: 11.38109pt and 51.21495pt
Sidecapsep and sidecapwidth: 7.0pt and 85.0pt
Sidebarhsep and sidebarwidth: 7.0pt and 85.0pt
Sidebarvsep and sidebartopsep: 10.0pt and 0.0pt
Sidebarheight: 546.99997pt
Sidefoothsep and sidefootwidth: 7.0pt and 85.0pt
Sidefootvsep and sidefootheight: 10.0pt and 546.99997pt
******************************************************


(/Applications/XMOS/xSoftIPTools/bb189/latex/texmf-dist/tex/latex/graphics/grap
hicx.sty
(/Applications/XMOS/xSoftIPTools/bb189/latex/texmf-dist/tex/latex/graphics/keyv
al.sty)
(/Applications/XMOS/xSoftIPTools/bb189/latex/texmf-dist/tex/latex/graphics/grap
hics.sty
(/Applications/XMOS/xSoftIPTools/bb189/latex/texmf-dist/tex/latex/graphics/trig
.sty)
(/Applications/XMOS/xSoftIPTools/bb189/latex/texmf-dist/tex/latex/latexconfig/g
raphics.cfg)
(/Applications/XMOS/xSoftIPTools/bb189/latex/texmf-dist/tex/latex/pdftex-def/pd
ftex.def
(/Applications/XMOS/xSoftIPTools/bb189/latex/texmf-dist/tex/generic/oberdiek/in
fwarerr.sty)
(/Applications/XMOS/xSoftIPTools/bb189/latex/texmf-dist/tex/generic/oberdiek/lt
xcmds.sty))))
Writing index file xmos_texfile.idx 

(/Applications/XMOS/xSoftIPTools/bb189/latex/texmf-dist/tex/latex/amsmath/amsma
th.sty
For additional information on amsmath, use the `?' option.

(/Applications/XMOS/xSoftIPTools/bb189/latex/texmf-dist/tex/latex/amsmath/amste
xt.sty
(/Applications/XMOS/xSoftIPTools/bb189/latex/texmf-dist/tex/latex/amsmath/amsge
n.sty))
(/Applications/XMOS/xSoftIPTools/bb189/latex/texmf-dist/tex/latex/amsmath/amsbs
y.sty)
(/Applications/XMOS/xSoftIPTools/bb189/latex/texmf-dist/tex/latex/amsmath/amsop
n.sty))
(/Applications/XMOS/xSoftIPTools/bb189/latex/texmf-dist/tex/latex/pstool/pstool
.sty
(/Applications/XMOS/xSoftIPTools/bb189/latex/texmf-dist/tex/generic/oberdiek/ca
tchfile.sty
(/Applications/XMOS/xSoftIPTools/bb189/latex/texmf-dist/tex/generic/oberdiek/et
excmds.sty))
(/Applications/XMOS/xSoftIPTools/bb189/latex/texmf-dist/tex/latex/graphics/colo
r.sty
(/Applications/XMOS/xSoftIPTools/bb189/latex/texmf-dist/tex/latex/latexconfig/c
olor.cfg))
(/var/folders/v_/97dl93d115g98dgbn1l2zt3c0000gp/T/_MEI4RfzVz/texinputs/ifplatfo
rm.sty
(/Applications/XMOS/xSoftIPTools/bb189/latex/texmf-dist/tex/generic/oberdiek/pd
ftexcmds.sty)
(/Users/Ed/apps/scratch/sc_uart/app_uart_fast/doc/_build/xlatex/xmos_texfile.w1
8))
(/var/folders/v_/97dl93d115g98dgbn1l2zt3c0000gp/T/_MEI4RfzVz/texinputs/psfrag.s
ty)
(/var/folders/v_/97dl93d115g98dgbn1l2zt3c0000gp/T/_MEI4RfzVz/texinputs/suffix.s
ty)
(/var/folders/v_/97dl93d115g98dgbn1l2zt3c0000gp/T/_MEI4RfzVz/texinputs/xkeyval.
sty
(/Applications/XMOS/xSoftIPTools/bb189/latex/texmf-dist/tex/generic/xkeyval/xke
yval.tex)))
(/var/folders/v_/97dl93d115g98dgbn1l2zt3c0000gp/T/_MEI4RfzVz/texinputs/microtyp
e.sty
(/Applications/XMOS/xSoftIPTools/bb189/latex/texmf-dist/tex/latex/microtype/mic
rotype.cfg))
(/var/folders/v_/97dl93d115g98dgbn1l2zt3c0000gp/T/_MEI4RfzVz/texinputs/stmaryrd
.sty)
(/Applications/XMOS/xSoftIPTools/bb189/latex/texmf-dist/tex/latex/base/alltt.st
y)
(/Applications/XMOS/xSoftIPTools/bb189/latex/texmf-dist/tex/latex/amsfonts/amsf
onts.sty)
(/Applications/XMOS/xSoftIPTools/bb189/latex/texmf-dist/tex/latex/tools/multico
l.sty)
(/Applications/XMOS/xSoftIPTools/bb189/latex/texmf-dist/tex/latex/base/ifthen.s
ty)
(/Applications/XMOS/xSoftIPTools/bb189/latex/texmf-dist/tex/latex/tools/longtab
le.sty)
(/Applications/XMOS/xSoftIPTools/bb189/latex/texmf-dist/tex/latex/base/textcomp
.sty
(/Applications/XMOS/xSoftIPTools/bb189/latex/texmf-dist/tex/latex/base/ts1enc.d
ef))
(/var/folders/v_/97dl93d115g98dgbn1l2zt3c0000gp/T/_MEI4RfzVz/texinputs/url.sty)

(/var/folders/v_/97dl93d115g98dgbn1l2zt3c0000gp/T/_MEI4RfzVz/texinputs/listings
.sty
(/Applications/XMOS/xSoftIPTools/bb189/latex/texmf-dist/tex/latex/listings/lstm
isc.sty)
(/Applications/XMOS/xSoftIPTools/bb189/latex/texmf-dist/tex/latex/listings/list
ings.cfg))
(/var/folders/v_/97dl93d115g98dgbn1l2zt3c0000gp/T/_MEI4RfzVz/texinputs/gensymb.
sty)
(/Applications/XMOS/xSoftIPTools/bb189/latex/texmf-dist/tex/latex/manfnt/manfnt
.sty)
(/Applications/XMOS/xSoftIPTools/bb189/latex/texmf-dist/tex/latex/psnfss/pifont
.sty
(/Applications/XMOS/xSoftIPTools/bb189/latex/texmf-dist/tex/latex/psnfss/upzd.f
d)
(/Applications/XMOS/xSoftIPTools/bb189/latex/texmf-dist/tex/latex/psnfss/upsy.f
d))
(/Applications/XMOS/xSoftIPTools/bb189/latex/texmf-dist/tex/latex/tools/xspace.
sty)
(/var/folders/v_/97dl93d115g98dgbn1l2zt3c0000gp/T/_MEI4RfzVz/texinputs/multirow
.sty)
(/Applications/XMOS/xSoftIPTools/bb189/latex/texmf-dist/tex/latex/colortbl/colo
rtbl.sty)
(/Applications/XMOS/xSoftIPTools/bb189/latex/texmf-dist/tex/latex/tools/variore
f.sty)
(/Applications/XMOS/xSoftIPTools/bb189/latex/texmf-dist/tex/latex/base/fixltx2e
.sty)
(/var/folders/v_/97dl93d115g98dgbn1l2zt3c0000gp/T/_MEI4RfzVz/texinputs/enumitem
.sty)
(/var/folders/v_/97dl93d115g98dgbn1l2zt3c0000gp/T/_MEI4RfzVz/texinputs/placeins
.sty)
(/Applications/XMOS/xSoftIPTools/bb189/latex/texmf-dist/tex/latex/base/flafter.
sty)
(/var/folders/v_/97dl93d115g98dgbn1l2zt3c0000gp/T/_MEI4RfzVz/texinputs/float.st
y)
(/var/folders/v_/97dl93d115g98dgbn1l2zt3c0000gp/T/_MEI4RfzVz/texinputs/marginno
te.sty)
(/Applications/XMOS/xSoftIPTools/bb189/latex/texmf-dist/tex/latex/layouts/layou
ts.sty)
(/Applications/XMOS/xSoftIPTools/bb189/latex/texmf-dist/tex/latex/units/units.s
ty
(/Applications/XMOS/xSoftIPTools/bb189/latex/texmf-dist/tex/latex/units/nicefra
c.sty))
(/Applications/XMOS/xSoftIPTools/bb189/latex/texmf-dist/tex/latex/savesym/saves
ym.sty

LaTeX Warning: You have requested package `savesym',
               but the package provides `savesymbol'.

)
(/var/folders/v_/97dl93d115g98dgbn1l2zt3c0000gp/T/_MEI4RfzVz/texinputs/marvosym
.sty)
(/Applications/XMOS/xSoftIPTools/bb189/latex/texmf-dist/tex/latex/bbding/bbding
.sty)
(/Applications/XMOS/xSoftIPTools/bb189/latex/texmf-dist/tex/latex/dingbat/dingb
at.sty)
(/Applications/XMOS/xSoftIPTools/bb189/latex/texmf-dist/tex/latex/hyperref/hype
rref.sty
(/Applications/XMOS/xSoftIPTools/bb189/latex/texmf-dist/tex/generic/oberdiek/ho
bsub-hyperref.sty
(/Applications/XMOS/xSoftIPTools/bb189/latex/texmf-dist/tex/generic/oberdiek/ho
bsub-generic.sty))
(/Applications/XMOS/xSoftIPTools/bb189/latex/texmf-dist/tex/latex/oberdiek/auxh
ook.sty)
(/Applications/XMOS/xSoftIPTools/bb189/latex/texmf-dist/tex/latex/oberdiek/kvop
tions.sty)
(/Applications/XMOS/xSoftIPTools/bb189/latex/texmf-dist/tex/latex/hyperref/pd1e
nc.def)
(/Applications/XMOS/xSoftIPTools/bb189/latex/texmf-dist/tex/latex/latexconfig/h
yperref.cfg))
(/var/folders/v_/97dl93d115g98dgbn1l2zt3c0000gp/T/_MEI4RfzVz/texinputs/memhfixc
.sty)

Package hyperref Message: Driver (autodetected): hpdftex.


(/Applications/XMOS/xSoftIPTools/bb189/latex/texmf-dist/tex/latex/hyperref/hpdf
tex.def
(/Applications/XMOS/xSoftIPTools/bb189/latex/texmf-dist/tex/latex/oberdiek/reru
nfilecheck.sty))
(/var/folders/v_/97dl93d115g98dgbn1l2zt3c0000gp/T/_MEI4RfzVz/texinputs/lastpage
.sty)
(/Applications/XMOS/xSoftIPTools/bb189/latex/texmf-dist/tex/latex/tools/afterpa
ge.sty)
(/Applications/XMOS/xSoftIPTools/bb189/latex/texmf-dist/tex/latex/base/fontenc.
sty
(/Applications/XMOS/xSoftIPTools/bb189/latex/texmf-dist/tex/latex/base/t1enc.de
f))
(/Applications/XMOS/xSoftIPTools/bb189/latex/texmf-local/tex/latex/lucidabr/luc
idabr.sty
(/Applications/XMOS/xSoftIPTools/bb189/latex/texmf-local/tex/latex/lucida/t1hls
.fd))
(/var/folders/v_/97dl93d115g98dgbn1l2zt3c0000gp/T/_MEI4RfzVz/texinputs/upquote.
sty)
(/var/folders/v_/97dl93d115g98dgbn1l2zt3c0000gp/T/_MEI4RfzVz/texinputs/terminol
ogy.tex)
(/var/folders/v_/97dl93d115g98dgbn1l2zt3c0000gp/T/_MEI4RfzVz/texinputs/bib.tex)
)
(/Applications/XMOS/xSoftIPTools/bb189/latex/texmf-dist/tex/latex/base/inputenc
.sty
(/Applications/XMOS/xSoftIPTools/bb189/latex/texmf-dist/tex/latex/base/utf8.def

(/Applications/XMOS/xSoftIPTools/bb189/latex/texmf-dist/tex/latex/base/t1enc.df
u)
(/Applications/XMOS/xSoftIPTools/bb189/latex/texmf-dist/tex/latex/base/ot1enc.d
fu)
(/Applications/XMOS/xSoftIPTools/bb189/latex/texmf-dist/tex/latex/base/omsenc.d
fu)
(/Applications/XMOS/xSoftIPTools/bb189/latex/texmf-dist/tex/latex/base/ts1enc.d
fu)))
(/var/folders/v_/97dl93d115g98dgbn1l2zt3c0000gp/T/_MEI4RfzVz/texinputs/xsphinx.
sty
(/var/folders/v_/97dl93d115g98dgbn1l2zt3c0000gp/T/_MEI4RfzVz/texinputs/framed.s
ty)
(/var/folders/v_/97dl93d115g98dgbn1l2zt3c0000gp/T/_MEI4RfzVz/texinputs/fancyvrb
.sty
Style option: `fancyvrb' v2.7a, with DG/SPQR fixes, and firstline=lastline fix 
<2008/02/07> (tvz))
(/var/folders/v_/97dl93d115g98dgbn1l2zt3c0000gp/T/_MEI4RfzVz/texinputs/threepar
ttable.sty))
(/var/folders/v_/97dl93d115g98dgbn1l2zt3c0000gp/T/_MEI4RfzVz/texinputs/indent.s
ty)
Writing index file xmos_texfile.idx 

(/Users/Ed/apps/scratch/sc_uart/app_uart_fast/doc/_build/xlatex/xmos_texfile.au
x)
(/Applications/XMOS/xSoftIPTools/bb189/latex/texmf-dist/tex/latex/base/ts1cmr.f
d)
(/Applications/XMOS/xSoftIPTools/bb189/latex/texmf-local/tex/latex/lucidabr/lmr
hlcm.fd)
(/Applications/XMOS/xSoftIPTools/bb189/latex/texmf-dist/tex/context/base/supp-p
df.mkii
[Loading MPS to PDF converter (version 2006.09.02).]
)
(/Applications/XMOS/xSoftIPTools/bb189/latex/texmf-dist/tex/latex/oberdiek/epst
opdf-base.sty
(/Applications/XMOS/xSoftIPTools/bb189/latex/texmf-dist/tex/latex/oberdiek/grfe
xt.sty)
(/Applications/XMOS/xSoftIPTools/bb189/latex/texmf-dist/tex/latex/latexconfig/e
pstopdf-sys.cfg))

Package layouts Warning: Layout scale set to 0.5 on input line 30.


(/Applications/XMOS/xSoftIPTools/bb189/latex/texmf-dist/tex/latex/hyperref/name
ref.sty
(/Applications/XMOS/xSoftIPTools/bb189/latex/texmf-dist/tex/generic/oberdiek/ge
ttitlestring.sty))
(/Users/Ed/apps/scratch/sc_uart/app_uart_fast/doc/_build/xlatex/xmos_texfile.ou
t)
(/Users/Ed/apps/scratch/sc_uart/app_uart_fast/doc/_build/xlatex/xmos_texfile.ou
t)
(/Applications/XMOS/xSoftIPTools/bb189/latex/texmf-dist/tex/latex/marvosym/umvs
.fd)
(/Applications/XMOS/xSoftIPTools/bb189/latex/texmf-dist/tex/latex/microtype/mt-
mvs.cfg)
Underfull \hbox (badness 10000) in paragraph at lines 42--42


(/Applications/XMOS/xSoftIPTools/bb189/latex/texmf-dist/tex/latex/base/t1cmtt.f
d) <hardware_setup.pdf, id=24, 1003.62453pt x 1606.80293pt>
<use hardware_setup.pdf>
(/Applications/XMOS/xSoftIPTools/bb189/latex/texmf-local/tex/latex/lucida/t1hlh
.fd)
(/Applications/XMOS/xSoftIPTools/bb189/latex/texmf-local/tex/latex/lucidabr/oml
hlcm.fd)
(/Applications/XMOS/xSoftIPTools/bb189/latex/texmf-local/tex/latex/lucidabr/oms
hlcy.fd)
(/Applications/XMOS/xSoftIPTools/bb189/latex/texmf-local/tex/latex/lucidabr/omx
hlcv.fd)
(/Applications/XMOS/xSoftIPTools/bb189/latex/texmf-dist/tex/latex/microtype/mt-
cmr.cfg)
(/Applications/XMOS/xSoftIPTools/bb189/latex/texmf-dist/tex/latex/amsfonts/umsa
.fd)
(/Applications/XMOS/xSoftIPTools/bb189/latex/texmf-dist/tex/latex/microtype/mt-
msa.cfg)
(/Applications/XMOS/xSoftIPTools/bb189/latex/texmf-dist/tex/latex/amsfonts/umsb
.fd)
(/Applications/XMOS/xSoftIPTools/bb189/latex/texmf-dist/tex/latex/microtype/mt-
msb.cfg)
(/Applications/XMOS/xSoftIPTools/bb189/latex/texmf-local/tex/latex/lucida/ts1hl
s.fd)

LaTeX Warning: `h' float specifier changed to `ht'.


(/Applications/XMOS/xSoftIPTools/bb189/latex/texmf-dist/tex/latex/base/ts1cmtt.
fd) <xmoslogo18pt.pdf, id=25, 54.06036pt x 15.07974pt> <use xmoslogo18pt.pdf>
[1
Non-PDF special ignored!{/Applications/XMOS/xSoftIPTools/bb189/latex/texmf-var/
fonts/map/pdftex/updmap/pdftex.map} </var/folders/v_/97dl93d115g98dgbn1l2zt3c00
00gp/T/_MEI4RfzVz/texinputs/xmoslogo18pt.pdf>] <use xmoslogo18pt.pdf> [2 </User
s/Ed/apps/scratch/sc_uart/app_uart_fast/doc/_build/xlatex/hardware_setup.pdf>]
Underfull \hbox (badness 1389) in paragraph at lines 116--117
[]\T1/hls/m/n/9 (+20) Proper op-er-a-tion of the ap-pli-ca-tion can be ver-i-fi
ed by ob-serv-ing the

Underfull \hbox (badness 10000) in paragraph at lines 116--117
\T1/hls/m/n/9 (+20) and the con-sumer has ver-i-fied the re-ceived ar-ray by pr
int-ing
<use xmoslogo18pt.pdf> [3] <use xmoslogo18pt.pdf>
AED: lastpage setting LastPage [4]
(/Users/Ed/apps/scratch/sc_uart/app_uart_fast/doc/_build/xlatex/xmos_texfile.au
x) ) )
(see the transcript file for additional information){/Applications/XMOS/xSoftIP
Tools/bb189/latex/texmf-dist/fonts/enc/dvips/base/8r.enc}{/Applications/XMOS/xS
oftIPTools/bb189/latex/texmf-dist/fonts/enc/dvips/cm-super/cm-super-ts1.enc}{/A
pplications/XMOS/xSoftIPTools/bb189/latex/texmf-dist/fonts/enc/dvips/cm-super/c
m-super-t1.enc}</Applications/XMOS/xSoftIPTools/bb189/latex/texmf-local/fonts/t
ype1/bh/lucida/lsd.pfb></Applications/XMOS/xSoftIPTools/bb189/latex/texmf-local
/fonts/type1/bh/lucida/lsi.pfb></Applications/XMOS/xSoftIPTools/bb189/latex/tex
mf-local/fonts/type1/bh/lucida/lsr.pfb></Applications/XMOS/xSoftIPTools/bb189/l
atex/texmf-dist/fonts/type1/public/marvosym/marvosym.pfb></Applications/XMOS/xS
oftIPTools/bb189/latex/texmf-dist/fonts/type1/public/cm-super/sftt0900.pfb>
Output written on xmos_texfile.pdf (4 pages, 2021557 bytes).
Transcript written on xmos_texfile.log.
