Building documentation target 'xmospdf' in doc
    Copying ../../app_uart_fast
    Run 'git stash'
         No local changes to save
    Run 'git pull'
         From git://git/docs/docs_xref
            a752637..3a48855  master     -> origin/master
         Updating a752637..3a48855
         Fast-forward
          ...sb-audio__design-advisory__usb-audio-stereo-driver-pid__index.xml |    2 ++
          .git__xmos-multicore-extensions__advanced_communication.xml          |    2 ++
          .git__xmos-multicore-extensions__advanced_pointers.xml               |    2 ++
          .git__xmos-multicore-extensions__advanced_ports.xml                  |    2 ++
          .git__xmos-multicore-extensions__advanced_selects.xml                |    2 ++
          .git__xmos-multicore-extensions__advanced_tasks.xml                  |    2 ++
          .git__xmos-multicore-extensions__arrays_and_references.xml           |    2 ++
          .git__xmos-multicore-extensions__communication.xml                   |    2 ++
          .git__xmos-multicore-extensions__index.xml                           |    2 ++
          .git__xmos-multicore-extensions__interop.xml                         |    2 ++
          .git__xmos-multicore-extensions__io.xml                              |    2 ++
          .git__xmos-multicore-extensions__overview.xml                        |    2 ++
          .git__xmos-multicore-extensions__par.xml                             |    2 ++
          .git__xmos-multicore-extensions__pointers.xml                        |    2 ++
          .git__xmos-multicore-extensions__timing.xml                          |    2 ++
          .git__xs1-arch-switch__index.xml                                     |    2 ++
          16 files changed, 32 insertions(+)
          create mode 100644 .git__usb-audio__design-advisory__usb-audio-stereo-driver-pid__index.xml
          create mode 100644 .git__xmos-multicore-extensions__advanced_communication.xml
          create mode 100644 .git__xmos-multicore-extensions__advanced_pointers.xml
          create mode 100644 .git__xmos-multicore-extensions__advanced_ports.xml
          create mode 100644 .git__xmos-multicore-extensions__advanced_selects.xml
          create mode 100644 .git__xmos-multicore-extensions__advanced_tasks.xml
          create mode 100644 .git__xmos-multicore-extensions__arrays_and_references.xml
          create mode 100644 .git__xmos-multicore-extensions__communication.xml
          create mode 100644 .git__xmos-multicore-extensions__index.xml
          create mode 100644 .git__xmos-multicore-extensions__interop.xml
          create mode 100644 .git__xmos-multicore-extensions__io.xml
          create mode 100644 .git__xmos-multicore-extensions__overview.xml
          create mode 100644 .git__xmos-multicore-extensions__par.xml
          create mode 100644 .git__xmos-multicore-extensions__pointers.xml
          create mode 100644 .git__xmos-multicore-extensions__timing.xml
          create mode 100644 .git__xs1-arch-switch__index.xml
    Run 'git config --get remote.origin.url'
         https://github.com/ed-xmos/sc_uart.git
    Run 'git rev-parse --show-prefix'
         app_uart_fast/doc/
    Run 'git pull'
         Already up-to-date.
    Found document info for 'Fast UART Demo Quickstart Guide'
    Run 'git pull'
         Already up-to-date.
    Run 'git add *.xml'
    Run 'git update-index -q --refresh'
    Run 'git diff-index --name-only HEAD --'
    Processing document structure for xref database
    Processing TOC for XMOS xref database
    Run 'git stash'
         No local changes to save
    Run 'git pull'
         Already up-to-date.
    Run 'git config --get remote.origin.url'
         https://github.com/ed-xmos/sc_uart.git
    Run 'git rev-parse --show-prefix'
         app_uart_fast/doc/
    Run 'git pull'
         Already up-to-date.
    Run 'git add *.xml'
    Run 'git update-index -q --refresh'
    Run 'git diff-index --name-only HEAD --'
    Running Sphinx
    Run 'git rev-parse --show-toplevel'
         /Users/Ed/apps/fast_uart/sc_uart
    Run 'git rev-parse --show-prefix'
         app_uart_fast/doc/
    Run 'git stash'
         No local changes to save
    Run 'git pull'
         Already up-to-date.
    Run 'git config --get remote.origin.url'
         https://github.com/ed-xmos/sc_uart.git
    Run 'git rev-parse --show-prefix'
         app_uart_fast/doc/
    Running Latex 1
    Run 'pdflatex -shell-escape -interaction=nonstopmode xmos_texfile.tex'
         This is pdfTeX, Version 3.1415926-2.4-1.40.13 (TeX Live 2012)
          \write18 enabled.
         entering extended mode
         
         (/Users/Ed/apps/fast_uart/sc_uart/app_uart_fast/doc/_build/xlatex/xmos_texfile.
         tex
         LaTeX2e <2011/06/27>
         Babel <v3.8m> and hyphenation patterns for english, dumylang, nohyphenation, lo
         aded.
         
         (/Users/Ed/apps/fast_uart/sc_uart/app_uart_fast/doc/_build/xlatex/quickstart.te
         x (/Applications/XMOS/xSoftIPTools/1.0.10/xdoc/texinputs/xmosmodern.cls
         Document Class: xmosmodern 2010/12/10 v3.0b XMOS Modern Style Class
         (/Applications/XMOS/xSoftIPTools/1.0.10/xdoc/texinputs/memoir.cls
         Document Class: memoir 2010/02/20 v1.618033988c configurable book, report, arti
         cle document class
         
         (/Applications/XMOS/xSoftIPTools/1.0.10/latex/texmf-dist/tex/generic/oberdiek/i
         fpdf.sty)
         (/Applications/XMOS/xSoftIPTools/1.0.10/latex/texmf-dist/tex/generic/ifxetex/if
         xetex.sty)
         (/Applications/XMOS/xSoftIPTools/1.0.10/latex/texmf-dist/tex/generic/oberdiek/i
         fluatex.sty)
         (/Applications/XMOS/xSoftIPTools/1.0.10/latex/texmf-dist/tex/latex/etex-pkg/ete
         x.sty) (/Applications/XMOS/xSoftIPTools/1.0.10/xdoc/texinputs/mem9.clo)
         (/Applications/XMOS/xSoftIPTools/1.0.10/xdoc/texinputs/mempatch.sty))
         (/Applications/XMOS/xSoftIPTools/1.0.10/latex/texmf-dist/tex/latex/tools/calc.s
         ty)
         
         ******************************************************
         Stock height and width: 668.63976pt by 506.45905pt
         Top and edge trims: 0.0pt and 0.0pt
         Page height and width: 668.63976pt by 506.45905pt
         Text height and width: 519.0pt by 341.0pt
         Spine and edge margins: 113.81102pt and 51.21497pt
         Upper and lower margins: 71.13188pt and 78.50787pt
         Headheight and headsep: 10.0pt and 20.0pt
         Footskip: 20.0pt
         Columnsep and columnseprule: 10.0pt and 0.0pt
         Marginparsep and marginparwidth: 11.38109pt and 51.21495pt
         Sidecapsep and sidecapwidth: 7.0pt and 85.0pt
         Sidebarhsep and sidebarwidth: 7.0pt and 85.0pt
         Sidebarvsep and sidebartopsep: 10.0pt and 0.0pt
         Sidebarheight: 546.99997pt
         Sidefoothsep and sidefootwidth: 7.0pt and 85.0pt
         Sidefootvsep and sidefootheight: 10.0pt and 546.99997pt
         ******************************************************
         
         
         (/Applications/XMOS/xSoftIPTools/1.0.10/latex/texmf-dist/tex/latex/graphics/gra
         phicx.sty
         (/Applications/XMOS/xSoftIPTools/1.0.10/latex/texmf-dist/tex/latex/graphics/key
         val.sty)
         (/Applications/XMOS/xSoftIPTools/1.0.10/latex/texmf-dist/tex/latex/graphics/gra
         phics.sty
         (/Applications/XMOS/xSoftIPTools/1.0.10/latex/texmf-dist/tex/latex/graphics/tri
         g.sty)
         (/Applications/XMOS/xSoftIPTools/1.0.10/latex/texmf-dist/tex/latex/latexconfig/
         graphics.cfg)
         (/Applications/XMOS/xSoftIPTools/1.0.10/latex/texmf-dist/tex/latex/pdftex-def/p
         dftex.def
         (/Applications/XMOS/xSoftIPTools/1.0.10/latex/texmf-dist/tex/generic/oberdiek/i
         nfwarerr.sty)
         (/Applications/XMOS/xSoftIPTools/1.0.10/latex/texmf-dist/tex/generic/oberdiek/l
         txcmds.sty))))
         Writing index file xmos_texfile.idx
         
         (/Applications/XMOS/xSoftIPTools/1.0.10/latex/texmf-dist/tex/latex/amsmath/amsm
         ath.sty
         For additional information on amsmath, use the `?' option.
         
         (/Applications/XMOS/xSoftIPTools/1.0.10/latex/texmf-dist/tex/latex/amsmath/amst
         ext.sty
         (/Applications/XMOS/xSoftIPTools/1.0.10/latex/texmf-dist/tex/latex/amsmath/amsg
         en.sty))
         (/Applications/XMOS/xSoftIPTools/1.0.10/latex/texmf-dist/tex/latex/amsmath/amsb
         sy.sty)
         (/Applications/XMOS/xSoftIPTools/1.0.10/latex/texmf-dist/tex/latex/amsmath/amso
         pn.sty))
         (/Applications/XMOS/xSoftIPTools/1.0.10/latex/texmf-dist/tex/latex/pstool/pstoo
         l.sty
         (/Applications/XMOS/xSoftIPTools/1.0.10/latex/texmf-dist/tex/generic/oberdiek/c
         atchfile.sty
         (/Applications/XMOS/xSoftIPTools/1.0.10/latex/texmf-dist/tex/generic/oberdiek/e
         texcmds.sty))
         (/Applications/XMOS/xSoftIPTools/1.0.10/latex/texmf-dist/tex/latex/graphics/col
         or.sty
         (/Applications/XMOS/xSoftIPTools/1.0.10/latex/texmf-dist/tex/latex/latexconfig/
         color.cfg))
         (/Applications/XMOS/xSoftIPTools/1.0.10/xdoc/texinputs/ifplatform.sty
         (/Applications/XMOS/xSoftIPTools/1.0.10/latex/texmf-dist/tex/generic/oberdiek/p
         dftexcmds.sty)
         (/Users/Ed/apps/fast_uart/sc_uart/app_uart_fast/doc/_build/xlatex/xmos_texfile.
         w18)) (/Applications/XMOS/xSoftIPTools/1.0.10/xdoc/texinputs/psfrag.sty)
         (/Applications/XMOS/xSoftIPTools/1.0.10/xdoc/texinputs/suffix.sty)
         (/Applications/XMOS/xSoftIPTools/1.0.10/xdoc/texinputs/xkeyval.sty
         (/Applications/XMOS/xSoftIPTools/1.0.10/latex/texmf-dist/tex/generic/xkeyval/xk
         eyval.tex)))
         (/Applications/XMOS/xSoftIPTools/1.0.10/xdoc/texinputs/microtype.sty
         (/Applications/XMOS/xSoftIPTools/1.0.10/latex/texmf-dist/tex/latex/microtype/mi
         crotype.cfg))
         (/Applications/XMOS/xSoftIPTools/1.0.10/xdoc/texinputs/stmaryrd.sty)
         (/Applications/XMOS/xSoftIPTools/1.0.10/latex/texmf-dist/tex/latex/base/alltt.s
         ty)
         (/Applications/XMOS/xSoftIPTools/1.0.10/latex/texmf-dist/tex/latex/amsfonts/ams
         fonts.sty)
         (/Applications/XMOS/xSoftIPTools/1.0.10/latex/texmf-dist/tex/latex/tools/multic
         ol.sty)
         (/Applications/XMOS/xSoftIPTools/1.0.10/latex/texmf-dist/tex/latex/base/ifthen.
         sty)
         (/Applications/XMOS/xSoftIPTools/1.0.10/latex/texmf-dist/tex/latex/tools/longta
         ble.sty)
         (/Applications/XMOS/xSoftIPTools/1.0.10/latex/texmf-dist/tex/latex/base/textcom
         p.sty
         (/Applications/XMOS/xSoftIPTools/1.0.10/latex/texmf-dist/tex/latex/base/ts1enc.
         def)) (/Applications/XMOS/xSoftIPTools/1.0.10/xdoc/texinputs/url.sty)
         (/Applications/XMOS/xSoftIPTools/1.0.10/xdoc/texinputs/listings.sty
         (/Applications/XMOS/xSoftIPTools/1.0.10/latex/texmf-dist/tex/latex/listings/lst
         misc.sty)
         (/Applications/XMOS/xSoftIPTools/1.0.10/latex/texmf-dist/tex/latex/listings/lis
         tings.cfg)) (/Applications/XMOS/xSoftIPTools/1.0.10/xdoc/texinputs/gensymb.sty)
         
         (/Applications/XMOS/xSoftIPTools/1.0.10/latex/texmf-dist/tex/latex/manfnt/manfn
         t.sty)
         (/Applications/XMOS/xSoftIPTools/1.0.10/latex/texmf-dist/tex/latex/psnfss/pifon
         t.sty
         (/Applications/XMOS/xSoftIPTools/1.0.10/latex/texmf-dist/tex/latex/psnfss/upzd.
         fd)
         (/Applications/XMOS/xSoftIPTools/1.0.10/latex/texmf-dist/tex/latex/psnfss/upsy.
         fd))
         (/Applications/XMOS/xSoftIPTools/1.0.10/latex/texmf-dist/tex/latex/tools/xspace
         .sty) (/Applications/XMOS/xSoftIPTools/1.0.10/xdoc/texinputs/multirow.sty)
         (/Applications/XMOS/xSoftIPTools/1.0.10/latex/texmf-dist/tex/latex/colortbl/col
         ortbl.sty)
         (/Applications/XMOS/xSoftIPTools/1.0.10/latex/texmf-dist/tex/latex/tools/varior
         ef.sty)
         (/Applications/XMOS/xSoftIPTools/1.0.10/latex/texmf-dist/tex/latex/base/fixltx2
         e.sty) (/Applications/XMOS/xSoftIPTools/1.0.10/xdoc/texinputs/enumitem.sty)
         (/Applications/XMOS/xSoftIPTools/1.0.10/xdoc/texinputs/placeins.sty)
         (/Applications/XMOS/xSoftIPTools/1.0.10/latex/texmf-dist/tex/latex/base/flafter
         .sty) (/Applications/XMOS/xSoftIPTools/1.0.10/xdoc/texinputs/float.sty)
         (/Applications/XMOS/xSoftIPTools/1.0.10/xdoc/texinputs/marginnote.sty)
         (/Applications/XMOS/xSoftIPTools/1.0.10/latex/texmf-dist/tex/latex/layouts/layo
         uts.sty)
         (/Applications/XMOS/xSoftIPTools/1.0.10/latex/texmf-dist/tex/latex/units/units.
         sty
         (/Applications/XMOS/xSoftIPTools/1.0.10/latex/texmf-dist/tex/latex/units/nicefr
         ac.sty))
         (/Applications/XMOS/xSoftIPTools/1.0.10/latex/texmf-dist/tex/latex/savesym/save
         sym.sty
         
         LaTeX Warning: You have requested package `savesym',
                        but the package provides `savesymbol'.
         
         ) (/Applications/XMOS/xSoftIPTools/1.0.10/xdoc/texinputs/marvosym.sty)
         (/Applications/XMOS/xSoftIPTools/1.0.10/latex/texmf-dist/tex/latex/bbding/bbdin
         g.sty)
         (/Applications/XMOS/xSoftIPTools/1.0.10/latex/texmf-dist/tex/latex/dingbat/ding
         bat.sty)
         (/Applications/XMOS/xSoftIPTools/1.0.10/latex/texmf-dist/tex/latex/hyperref/hyp
         erref.sty
         (/Applications/XMOS/xSoftIPTools/1.0.10/latex/texmf-dist/tex/generic/oberdiek/h
         obsub-hyperref.sty
         (/Applications/XMOS/xSoftIPTools/1.0.10/latex/texmf-dist/tex/generic/oberdiek/h
         obsub-generic.sty))
         (/Applications/XMOS/xSoftIPTools/1.0.10/latex/texmf-dist/tex/latex/oberdiek/aux
         hook.sty)
         (/Applications/XMOS/xSoftIPTools/1.0.10/latex/texmf-dist/tex/latex/oberdiek/kvo
         ptions.sty)
         (/Applications/XMOS/xSoftIPTools/1.0.10/latex/texmf-dist/tex/latex/hyperref/pd1
         enc.def)
         (/Applications/XMOS/xSoftIPTools/1.0.10/latex/texmf-dist/tex/latex/latexconfig/
         hyperref.cfg))
         (/Applications/XMOS/xSoftIPTools/1.0.10/xdoc/texinputs/memhfixc.sty)
         
         Package hyperref Message: Driver (autodetected): hpdftex.
         
         
         (/Applications/XMOS/xSoftIPTools/1.0.10/latex/texmf-dist/tex/latex/hyperref/hpd
         ftex.def
         (/Applications/XMOS/xSoftIPTools/1.0.10/latex/texmf-dist/tex/latex/oberdiek/rer
         unfilecheck.sty))
         (/Applications/XMOS/xSoftIPTools/1.0.10/xdoc/texinputs/lastpage.sty)
         (/Applications/XMOS/xSoftIPTools/1.0.10/latex/texmf-dist/tex/latex/tools/afterp
         age.sty)
         (/Applications/XMOS/xSoftIPTools/1.0.10/latex/texmf-dist/tex/latex/base/fontenc
         .sty
         (/Applications/XMOS/xSoftIPTools/1.0.10/latex/texmf-dist/tex/latex/base/t1enc.d
         ef))
         (/Applications/XMOS/xSoftIPTools/1.0.10/latex/texmf-local/tex/latex/lucidabr/lu
         cidabr.sty
         (/Applications/XMOS/xSoftIPTools/1.0.10/latex/texmf-local/tex/latex/lucida/t1hl
         s.fd)) (/Applications/XMOS/xSoftIPTools/1.0.10/xdoc/texinputs/upquote.sty)
         (/Applications/XMOS/xSoftIPTools/1.0.10/xdoc/texinputs/terminology.tex)
         (/Applications/XMOS/xSoftIPTools/1.0.10/xdoc/texinputs/bib.tex))
         (/Applications/XMOS/xSoftIPTools/1.0.10/latex/texmf-dist/tex/latex/base/inputen
         c.sty
         (/Applications/XMOS/xSoftIPTools/1.0.10/latex/texmf-dist/tex/latex/base/utf8.de
         f
         (/Applications/XMOS/xSoftIPTools/1.0.10/latex/texmf-dist/tex/latex/base/t1enc.d
         fu)
         (/Applications/XMOS/xSoftIPTools/1.0.10/latex/texmf-dist/tex/latex/base/ot1enc.
         dfu)
         (/Applications/XMOS/xSoftIPTools/1.0.10/latex/texmf-dist/tex/latex/base/omsenc.
         dfu)
         (/Applications/XMOS/xSoftIPTools/1.0.10/latex/texmf-dist/tex/latex/base/ts1enc.
         dfu))) (/Applications/XMOS/xSoftIPTools/1.0.10/xdoc/texinputs/xsphinx.sty
         (/Applications/XMOS/xSoftIPTools/1.0.10/xdoc/texinputs/framed.sty)
         (/Applications/XMOS/xSoftIPTools/1.0.10/xdoc/texinputs/fancyvrb.sty
         Style option: `fancyvrb' v2.7a, with DG/SPQR fixes, and firstline=lastline fix
         <2008/02/07> (tvz))
         (/Applications/XMOS/xSoftIPTools/1.0.10/xdoc/texinputs/threeparttable.sty))
         (/Applications/XMOS/xSoftIPTools/1.0.10/xdoc/texinputs/indent.sty)
         Writing index file xmos_texfile.idx
         No file xmos_texfile.aux.
         
         (/Applications/XMOS/xSoftIPTools/1.0.10/latex/texmf-dist/tex/latex/base/ts1cmr.
         fd)
         (/Applications/XMOS/xSoftIPTools/1.0.10/latex/texmf-local/tex/latex/lucidabr/lm
         rhlcm.fd)
         (/Applications/XMOS/xSoftIPTools/1.0.10/latex/texmf-dist/tex/context/base/supp-
         pdf.mkii
         [Loading MPS to PDF converter (version 2006.09.02).]
         )
         (/Applications/XMOS/xSoftIPTools/1.0.10/latex/texmf-dist/tex/latex/oberdiek/eps
         topdf-base.sty
         (/Applications/XMOS/xSoftIPTools/1.0.10/latex/texmf-dist/tex/latex/oberdiek/grf
         ext.sty)
         (/Applications/XMOS/xSoftIPTools/1.0.10/latex/texmf-dist/tex/latex/latexconfig/
         epstopdf-sys.cfg))
         
         Package layouts Warning: Layout scale set to 0.5 on input line 30.
         
         
         (/Applications/XMOS/xSoftIPTools/1.0.10/latex/texmf-dist/tex/latex/hyperref/nam
         eref.sty
         (/Applications/XMOS/xSoftIPTools/1.0.10/latex/texmf-dist/tex/generic/oberdiek/g
         ettitlestring.sty))
         (/Applications/XMOS/xSoftIPTools/1.0.10/latex/texmf-dist/tex/latex/marvosym/umv
         s.fd)
         (/Applications/XMOS/xSoftIPTools/1.0.10/latex/texmf-dist/tex/latex/microtype/mt
         -mvs.cfg)
         
         LaTeX Warning: Reference `quickstart:uart-fast-quickstart' on page 1 undefined
         on input line 38.
         
         
         LaTeX Warning: Reference `quickstart:import-and-build-the-application' on page
         1 undefined on input line 39.
         
         
         LaTeX Warning: Reference `quickstart:run-the-application' on page 1 undefined o
         n input line 40.
         
         
         LaTeX Warning: Reference `quickstart:next-steps' on page 1 undefined on input l
         ine 41.
         
         
         Underfull \hbox (badness 10000) in paragraph at lines 42--42
         
         
         (/Applications/XMOS/xSoftIPTools/1.0.10/latex/texmf-dist/tex/latex/base/t1cmtt.
         fd) <hardware_setup.pdf, id=4, 1003.62453pt x 1606.80293pt>
         <use hardware_setup.pdf>
         (/Applications/XMOS/xSoftIPTools/1.0.10/latex/texmf-local/tex/latex/lucida/t1hl
         h.fd)
         (/Applications/XMOS/xSoftIPTools/1.0.10/latex/texmf-local/tex/latex/lucidabr/om
         lhlcm.fd)
         (/Applications/XMOS/xSoftIPTools/1.0.10/latex/texmf-local/tex/latex/lucidabr/om
         shlcy.fd)
         (/Applications/XMOS/xSoftIPTools/1.0.10/latex/texmf-local/tex/latex/lucidabr/om
         xhlcv.fd)
         (/Applications/XMOS/xSoftIPTools/1.0.10/latex/texmf-dist/tex/latex/microtype/mt
         -cmr.cfg)
         (/Applications/XMOS/xSoftIPTools/1.0.10/latex/texmf-dist/tex/latex/amsfonts/ums
         a.fd)
         (/Applications/XMOS/xSoftIPTools/1.0.10/latex/texmf-dist/tex/latex/microtype/mt
         -msa.cfg)
         (/Applications/XMOS/xSoftIPTools/1.0.10/latex/texmf-dist/tex/latex/amsfonts/ums
         b.fd)
         (/Applications/XMOS/xSoftIPTools/1.0.10/latex/texmf-dist/tex/latex/microtype/mt
         -msb.cfg)
         (/Applications/XMOS/xSoftIPTools/1.0.10/latex/texmf-local/tex/latex/lucida/ts1h
         ls.fd)
         
         LaTeX Warning: `h' float specifier changed to `ht'.
         
         
         (/Applications/XMOS/xSoftIPTools/1.0.10/latex/texmf-dist/tex/latex/base/ts1cmtt
         .fd) <xmoslogo18pt.pdf, id=5, 54.06036pt x 15.07974pt> <use xmoslogo18pt.pdf>
         [1
         Non-PDF special ignored!{/Applications/XMOS/xSoftIPTools/1.0.10/latex/texmf-var
         /fonts/map/pdftex/updmap/pdftex.map} </Applications/XMOS/xSoftIPTools/1.0.10/xd
         oc/texinputs/xmoslogo18pt.pdf>]
         
         LaTeX Warning: Reference `LastPage' on page 2 undefined on input line 101.
         
         <use xmoslogo18pt.pdf> [2 </Users/Ed/apps/fast_uart/sc_uart/app_uart_fast/doc/_
         build/xlatex/hardware_setup.pdf>]
         Underfull \hbox (badness 1389) in paragraph at lines 116--117
         []\T1/hls/m/n/9 (+20) Proper op-er-a-tion of the ap-pli-ca-tion can be ver-i-fi
         ed by ob-serv-ing the
         
         Underfull \hbox (badness 10000) in paragraph at lines 116--117
         \T1/hls/m/n/9 (+20) and the con-sumer has ver-i-fied the re-ceived ar-ray by pr
         int-ing
         AED: lastpage setting LastPage
         
         LaTeX Warning: Reference `LastPage' on page 3 undefined on input line 144.
         
         <use xmoslogo18pt.pdf> [3]
         (/Users/Ed/apps/fast_uart/sc_uart/app_uart_fast/doc/_build/xlatex/xmos_texfile.
         aux)
         
         Package rerunfilecheck Warning: File `xmos_texfile.out' has changed.
         (rerunfilecheck)                Rerun to get outlines right
         (rerunfilecheck)                or use package `bookmark'.
         
         
         LaTeX Warning: There were undefined references.
         
         
         LaTeX Warning: Label(s) may have changed. Rerun to get cross-references right.
         
          ) )
         (see the transcript file for additional information){/Applications/XMOS/xSoftIP
         Tools/1.0.10/latex/texmf-dist/fonts/enc/dvips/base/8r.enc}{/Applications/XMOS/x
         SoftIPTools/1.0.10/latex/texmf-dist/fonts/enc/dvips/cm-super/cm-super-ts1.enc}{
         /Applications/XMOS/xSoftIPTools/1.0.10/latex/texmf-dist/fonts/enc/dvips/cm-supe
         r/cm-super-t1.enc}</Applications/XMOS/xSoftIPTools/1.0.10/latex/texmf-local/fon
         ts/type1/bh/lucida/lsd.pfb></Applications/XMOS/xSoftIPTools/1.0.10/latex/texmf-
         local/fonts/type1/bh/lucida/lsi.pfb></Applications/XMOS/xSoftIPTools/1.0.10/lat
         ex/texmf-local/fonts/type1/bh/lucida/lsr.pfb></Applications/XMOS/xSoftIPTools/1
         .0.10/latex/texmf-dist/fonts/type1/public/marvosym/marvosym.pfb></Applications/
         XMOS/xSoftIPTools/1.0.10/latex/texmf-dist/fonts/type1/public/cm-super/sftt0900.
         pfb>
         Output written on xmos_texfile.pdf (3 pages, 2020450 bytes).
         Transcript written on xmos_texfile.log.
    Running Latex 2
    Run 'pdflatex -shell-escape -interaction=nonstopmode xmos_texfile.tex'
         This is pdfTeX, Version 3.1415926-2.4-1.40.13 (TeX Live 2012)
          \write18 enabled.
         entering extended mode
         
         (/Users/Ed/apps/fast_uart/sc_uart/app_uart_fast/doc/_build/xlatex/xmos_texfile.
         tex
         LaTeX2e <2011/06/27>
         Babel <v3.8m> and hyphenation patterns for english, dumylang, nohyphenation, lo
         aded.
         
         (/Users/Ed/apps/fast_uart/sc_uart/app_uart_fast/doc/_build/xlatex/quickstart.te
         x (/Applications/XMOS/xSoftIPTools/1.0.10/xdoc/texinputs/xmosmodern.cls
         Document Class: xmosmodern 2010/12/10 v3.0b XMOS Modern Style Class
         (/Applications/XMOS/xSoftIPTools/1.0.10/xdoc/texinputs/memoir.cls
         Document Class: memoir 2010/02/20 v1.618033988c configurable book, report, arti
         cle document class
         
         (/Applications/XMOS/xSoftIPTools/1.0.10/latex/texmf-dist/tex/generic/oberdiek/i
         fpdf.sty)
         (/Applications/XMOS/xSoftIPTools/1.0.10/latex/texmf-dist/tex/generic/ifxetex/if
         xetex.sty)
         (/Applications/XMOS/xSoftIPTools/1.0.10/latex/texmf-dist/tex/generic/oberdiek/i
         fluatex.sty)
         (/Applications/XMOS/xSoftIPTools/1.0.10/latex/texmf-dist/tex/latex/etex-pkg/ete
         x.sty) (/Applications/XMOS/xSoftIPTools/1.0.10/xdoc/texinputs/mem9.clo)
         (/Applications/XMOS/xSoftIPTools/1.0.10/xdoc/texinputs/mempatch.sty))
         (/Applications/XMOS/xSoftIPTools/1.0.10/latex/texmf-dist/tex/latex/tools/calc.s
         ty)
         
         ******************************************************
         Stock height and width: 668.63976pt by 506.45905pt
         Top and edge trims: 0.0pt and 0.0pt
         Page height and width: 668.63976pt by 506.45905pt
         Text height and width: 519.0pt by 341.0pt
         Spine and edge margins: 113.81102pt and 51.21497pt
         Upper and lower margins: 71.13188pt and 78.50787pt
         Headheight and headsep: 10.0pt and 20.0pt
         Footskip: 20.0pt
         Columnsep and columnseprule: 10.0pt and 0.0pt
         Marginparsep and marginparwidth: 11.38109pt and 51.21495pt
         Sidecapsep and sidecapwidth: 7.0pt and 85.0pt
         Sidebarhsep and sidebarwidth: 7.0pt and 85.0pt
         Sidebarvsep and sidebartopsep: 10.0pt and 0.0pt
         Sidebarheight: 546.99997pt
         Sidefoothsep and sidefootwidth: 7.0pt and 85.0pt
         Sidefootvsep and sidefootheight: 10.0pt and 546.99997pt
         ******************************************************
         
         
         (/Applications/XMOS/xSoftIPTools/1.0.10/latex/texmf-dist/tex/latex/graphics/gra
         phicx.sty
         (/Applications/XMOS/xSoftIPTools/1.0.10/latex/texmf-dist/tex/latex/graphics/key
         val.sty)
         (/Applications/XMOS/xSoftIPTools/1.0.10/latex/texmf-dist/tex/latex/graphics/gra
         phics.sty
         (/Applications/XMOS/xSoftIPTools/1.0.10/latex/texmf-dist/tex/latex/graphics/tri
         g.sty)
         (/Applications/XMOS/xSoftIPTools/1.0.10/latex/texmf-dist/tex/latex/latexconfig/
         graphics.cfg)
         (/Applications/XMOS/xSoftIPTools/1.0.10/latex/texmf-dist/tex/latex/pdftex-def/p
         dftex.def
         (/Applications/XMOS/xSoftIPTools/1.0.10/latex/texmf-dist/tex/generic/oberdiek/i
         nfwarerr.sty)
         (/Applications/XMOS/xSoftIPTools/1.0.10/latex/texmf-dist/tex/generic/oberdiek/l
         txcmds.sty))))
         Writing index file xmos_texfile.idx
         
         (/Applications/XMOS/xSoftIPTools/1.0.10/latex/texmf-dist/tex/latex/amsmath/amsm
         ath.sty
         For additional information on amsmath, use the `?' option.
         
         (/Applications/XMOS/xSoftIPTools/1.0.10/latex/texmf-dist/tex/latex/amsmath/amst
         ext.sty
         (/Applications/XMOS/xSoftIPTools/1.0.10/latex/texmf-dist/tex/latex/amsmath/amsg
         en.sty))
         (/Applications/XMOS/xSoftIPTools/1.0.10/latex/texmf-dist/tex/latex/amsmath/amsb
         sy.sty)
         (/Applications/XMOS/xSoftIPTools/1.0.10/latex/texmf-dist/tex/latex/amsmath/amso
         pn.sty))
         (/Applications/XMOS/xSoftIPTools/1.0.10/latex/texmf-dist/tex/latex/pstool/pstoo
         l.sty
         (/Applications/XMOS/xSoftIPTools/1.0.10/latex/texmf-dist/tex/generic/oberdiek/c
         atchfile.sty
         (/Applications/XMOS/xSoftIPTools/1.0.10/latex/texmf-dist/tex/generic/oberdiek/e
         texcmds.sty))
         (/Applications/XMOS/xSoftIPTools/1.0.10/latex/texmf-dist/tex/latex/graphics/col
         or.sty
         (/Applications/XMOS/xSoftIPTools/1.0.10/latex/texmf-dist/tex/latex/latexconfig/
         color.cfg))
         (/Applications/XMOS/xSoftIPTools/1.0.10/xdoc/texinputs/ifplatform.sty
         (/Applications/XMOS/xSoftIPTools/1.0.10/latex/texmf-dist/tex/generic/oberdiek/p
         dftexcmds.sty)
         (/Users/Ed/apps/fast_uart/sc_uart/app_uart_fast/doc/_build/xlatex/xmos_texfile.
         w18)) (/Applications/XMOS/xSoftIPTools/1.0.10/xdoc/texinputs/psfrag.sty)
         (/Applications/XMOS/xSoftIPTools/1.0.10/xdoc/texinputs/suffix.sty)
         (/Applications/XMOS/xSoftIPTools/1.0.10/xdoc/texinputs/xkeyval.sty
         (/Applications/XMOS/xSoftIPTools/1.0.10/latex/texmf-dist/tex/generic/xkeyval/xk
         eyval.tex)))
         (/Applications/XMOS/xSoftIPTools/1.0.10/xdoc/texinputs/microtype.sty
         (/Applications/XMOS/xSoftIPTools/1.0.10/latex/texmf-dist/tex/latex/microtype/mi
         crotype.cfg))
         (/Applications/XMOS/xSoftIPTools/1.0.10/xdoc/texinputs/stmaryrd.sty)
         (/Applications/XMOS/xSoftIPTools/1.0.10/latex/texmf-dist/tex/latex/base/alltt.s
         ty)
         (/Applications/XMOS/xSoftIPTools/1.0.10/latex/texmf-dist/tex/latex/amsfonts/ams
         fonts.sty)
         (/Applications/XMOS/xSoftIPTools/1.0.10/latex/texmf-dist/tex/latex/tools/multic
         ol.sty)
         (/Applications/XMOS/xSoftIPTools/1.0.10/latex/texmf-dist/tex/latex/base/ifthen.
         sty)
         (/Applications/XMOS/xSoftIPTools/1.0.10/latex/texmf-dist/tex/latex/tools/longta
         ble.sty)
         (/Applications/XMOS/xSoftIPTools/1.0.10/latex/texmf-dist/tex/latex/base/textcom
         p.sty
         (/Applications/XMOS/xSoftIPTools/1.0.10/latex/texmf-dist/tex/latex/base/ts1enc.
         def)) (/Applications/XMOS/xSoftIPTools/1.0.10/xdoc/texinputs/url.sty)
         (/Applications/XMOS/xSoftIPTools/1.0.10/xdoc/texinputs/listings.sty
         (/Applications/XMOS/xSoftIPTools/1.0.10/latex/texmf-dist/tex/latex/listings/lst
         misc.sty)
         (/Applications/XMOS/xSoftIPTools/1.0.10/latex/texmf-dist/tex/latex/listings/lis
         tings.cfg)) (/Applications/XMOS/xSoftIPTools/1.0.10/xdoc/texinputs/gensymb.sty)
         
         (/Applications/XMOS/xSoftIPTools/1.0.10/latex/texmf-dist/tex/latex/manfnt/manfn
         t.sty)
         (/Applications/XMOS/xSoftIPTools/1.0.10/latex/texmf-dist/tex/latex/psnfss/pifon
         t.sty
         (/Applications/XMOS/xSoftIPTools/1.0.10/latex/texmf-dist/tex/latex/psnfss/upzd.
         fd)
         (/Applications/XMOS/xSoftIPTools/1.0.10/latex/texmf-dist/tex/latex/psnfss/upsy.
         fd))
         (/Applications/XMOS/xSoftIPTools/1.0.10/latex/texmf-dist/tex/latex/tools/xspace
         .sty) (/Applications/XMOS/xSoftIPTools/1.0.10/xdoc/texinputs/multirow.sty)
         (/Applications/XMOS/xSoftIPTools/1.0.10/latex/texmf-dist/tex/latex/colortbl/col
         ortbl.sty)
         (/Applications/XMOS/xSoftIPTools/1.0.10/latex/texmf-dist/tex/latex/tools/varior
         ef.sty)
         (/Applications/XMOS/xSoftIPTools/1.0.10/latex/texmf-dist/tex/latex/base/fixltx2
         e.sty) (/Applications/XMOS/xSoftIPTools/1.0.10/xdoc/texinputs/enumitem.sty)
         (/Applications/XMOS/xSoftIPTools/1.0.10/xdoc/texinputs/placeins.sty)
         (/Applications/XMOS/xSoftIPTools/1.0.10/latex/texmf-dist/tex/latex/base/flafter
         .sty) (/Applications/XMOS/xSoftIPTools/1.0.10/xdoc/texinputs/float.sty)
         (/Applications/XMOS/xSoftIPTools/1.0.10/xdoc/texinputs/marginnote.sty)
         (/Applications/XMOS/xSoftIPTools/1.0.10/latex/texmf-dist/tex/latex/layouts/layo
         uts.sty)
         (/Applications/XMOS/xSoftIPTools/1.0.10/latex/texmf-dist/tex/latex/units/units.
         sty
         (/Applications/XMOS/xSoftIPTools/1.0.10/latex/texmf-dist/tex/latex/units/nicefr
         ac.sty))
         (/Applications/XMOS/xSoftIPTools/1.0.10/latex/texmf-dist/tex/latex/savesym/save
         sym.sty
         
         LaTeX Warning: You have requested package `savesym',
                        but the package provides `savesymbol'.
         
         ) (/Applications/XMOS/xSoftIPTools/1.0.10/xdoc/texinputs/marvosym.sty)
         (/Applications/XMOS/xSoftIPTools/1.0.10/latex/texmf-dist/tex/latex/bbding/bbdin
         g.sty)
         (/Applications/XMOS/xSoftIPTools/1.0.10/latex/texmf-dist/tex/latex/dingbat/ding
         bat.sty)
         (/Applications/XMOS/xSoftIPTools/1.0.10/latex/texmf-dist/tex/latex/hyperref/hyp
         erref.sty
         (/Applications/XMOS/xSoftIPTools/1.0.10/latex/texmf-dist/tex/generic/oberdiek/h
         obsub-hyperref.sty
         (/Applications/XMOS/xSoftIPTools/1.0.10/latex/texmf-dist/tex/generic/oberdiek/h
         obsub-generic.sty))
         (/Applications/XMOS/xSoftIPTools/1.0.10/latex/texmf-dist/tex/latex/oberdiek/aux
         hook.sty)
         (/Applications/XMOS/xSoftIPTools/1.0.10/latex/texmf-dist/tex/latex/oberdiek/kvo
         ptions.sty)
         (/Applications/XMOS/xSoftIPTools/1.0.10/latex/texmf-dist/tex/latex/hyperref/pd1
         enc.def)
         (/Applications/XMOS/xSoftIPTools/1.0.10/latex/texmf-dist/tex/latex/latexconfig/
         hyperref.cfg))
         (/Applications/XMOS/xSoftIPTools/1.0.10/xdoc/texinputs/memhfixc.sty)
         
         Package hyperref Message: Driver (autodetected): hpdftex.
         
         
         (/Applications/XMOS/xSoftIPTools/1.0.10/latex/texmf-dist/tex/latex/hyperref/hpd
         ftex.def
         (/Applications/XMOS/xSoftIPTools/1.0.10/latex/texmf-dist/tex/latex/oberdiek/rer
         unfilecheck.sty))
         (/Applications/XMOS/xSoftIPTools/1.0.10/xdoc/texinputs/lastpage.sty)
         (/Applications/XMOS/xSoftIPTools/1.0.10/latex/texmf-dist/tex/latex/tools/afterp
         age.sty)
         (/Applications/XMOS/xSoftIPTools/1.0.10/latex/texmf-dist/tex/latex/base/fontenc
         .sty
         (/Applications/XMOS/xSoftIPTools/1.0.10/latex/texmf-dist/tex/latex/base/t1enc.d
         ef))
         (/Applications/XMOS/xSoftIPTools/1.0.10/latex/texmf-local/tex/latex/lucidabr/lu
         cidabr.sty
         (/Applications/XMOS/xSoftIPTools/1.0.10/latex/texmf-local/tex/latex/lucida/t1hl
         s.fd)) (/Applications/XMOS/xSoftIPTools/1.0.10/xdoc/texinputs/upquote.sty)
         (/Applications/XMOS/xSoftIPTools/1.0.10/xdoc/texinputs/terminology.tex)
         (/Applications/XMOS/xSoftIPTools/1.0.10/xdoc/texinputs/bib.tex))
         (/Applications/XMOS/xSoftIPTools/1.0.10/latex/texmf-dist/tex/latex/base/inputen
         c.sty
         (/Applications/XMOS/xSoftIPTools/1.0.10/latex/texmf-dist/tex/latex/base/utf8.de
         f
         (/Applications/XMOS/xSoftIPTools/1.0.10/latex/texmf-dist/tex/latex/base/t1enc.d
         fu)
         (/Applications/XMOS/xSoftIPTools/1.0.10/latex/texmf-dist/tex/latex/base/ot1enc.
         dfu)
         (/Applications/XMOS/xSoftIPTools/1.0.10/latex/texmf-dist/tex/latex/base/omsenc.
         dfu)
         (/Applications/XMOS/xSoftIPTools/1.0.10/latex/texmf-dist/tex/latex/base/ts1enc.
         dfu))) (/Applications/XMOS/xSoftIPTools/1.0.10/xdoc/texinputs/xsphinx.sty
         (/Applications/XMOS/xSoftIPTools/1.0.10/xdoc/texinputs/framed.sty)
         (/Applications/XMOS/xSoftIPTools/1.0.10/xdoc/texinputs/fancyvrb.sty
         Style option: `fancyvrb' v2.7a, with DG/SPQR fixes, and firstline=lastline fix
         <2008/02/07> (tvz))
         (/Applications/XMOS/xSoftIPTools/1.0.10/xdoc/texinputs/threeparttable.sty))
         (/Applications/XMOS/xSoftIPTools/1.0.10/xdoc/texinputs/indent.sty)
         Writing index file xmos_texfile.idx
         
         (/Users/Ed/apps/fast_uart/sc_uart/app_uart_fast/doc/_build/xlatex/xmos_texfile.
         aux)
         (/Applications/XMOS/xSoftIPTools/1.0.10/latex/texmf-dist/tex/latex/base/ts1cmr.
         fd)
         (/Applications/XMOS/xSoftIPTools/1.0.10/latex/texmf-local/tex/latex/lucidabr/lm
         rhlcm.fd)
         (/Applications/XMOS/xSoftIPTools/1.0.10/latex/texmf-dist/tex/context/base/supp-
         pdf.mkii
         [Loading MPS to PDF converter (version 2006.09.02).]
         )
         (/Applications/XMOS/xSoftIPTools/1.0.10/latex/texmf-dist/tex/latex/oberdiek/eps
         topdf-base.sty
         (/Applications/XMOS/xSoftIPTools/1.0.10/latex/texmf-dist/tex/latex/oberdiek/grf
         ext.sty)
         (/Applications/XMOS/xSoftIPTools/1.0.10/latex/texmf-dist/tex/latex/latexconfig/
         epstopdf-sys.cfg))
         
         Package layouts Warning: Layout scale set to 0.5 on input line 30.
         
         
         (/Applications/XMOS/xSoftIPTools/1.0.10/latex/texmf-dist/tex/latex/hyperref/nam
         eref.sty
         (/Applications/XMOS/xSoftIPTools/1.0.10/latex/texmf-dist/tex/generic/oberdiek/g
         ettitlestring.sty))
         (/Users/Ed/apps/fast_uart/sc_uart/app_uart_fast/doc/_build/xlatex/xmos_texfile.
         out)
         (/Users/Ed/apps/fast_uart/sc_uart/app_uart_fast/doc/_build/xlatex/xmos_texfile.
         out)
         (/Applications/XMOS/xSoftIPTools/1.0.10/latex/texmf-dist/tex/latex/marvosym/umv
         s.fd)
         (/Applications/XMOS/xSoftIPTools/1.0.10/latex/texmf-dist/tex/latex/microtype/mt
         -mvs.cfg)
         Underfull \hbox (badness 10000) in paragraph at lines 42--42
         
         
         (/Applications/XMOS/xSoftIPTools/1.0.10/latex/texmf-dist/tex/latex/base/t1cmtt.
         fd) <hardware_setup.pdf, id=24, 1003.62453pt x 1606.80293pt>
         <use hardware_setup.pdf>
         (/Applications/XMOS/xSoftIPTools/1.0.10/latex/texmf-local/tex/latex/lucida/t1hl
         h.fd)
         (/Applications/XMOS/xSoftIPTools/1.0.10/latex/texmf-local/tex/latex/lucidabr/om
         lhlcm.fd)
         (/Applications/XMOS/xSoftIPTools/1.0.10/latex/texmf-local/tex/latex/lucidabr/om
         shlcy.fd)
         (/Applications/XMOS/xSoftIPTools/1.0.10/latex/texmf-local/tex/latex/lucidabr/om
         xhlcv.fd)
         (/Applications/XMOS/xSoftIPTools/1.0.10/latex/texmf-dist/tex/latex/microtype/mt
         -cmr.cfg)
         (/Applications/XMOS/xSoftIPTools/1.0.10/latex/texmf-dist/tex/latex/amsfonts/ums
         a.fd)
         (/Applications/XMOS/xSoftIPTools/1.0.10/latex/texmf-dist/tex/latex/microtype/mt
         -msa.cfg)
         (/Applications/XMOS/xSoftIPTools/1.0.10/latex/texmf-dist/tex/latex/amsfonts/ums
         b.fd)
         (/Applications/XMOS/xSoftIPTools/1.0.10/latex/texmf-dist/tex/latex/microtype/mt
         -msb.cfg)
         (/Applications/XMOS/xSoftIPTools/1.0.10/latex/texmf-local/tex/latex/lucida/ts1h
         ls.fd)
         
         LaTeX Warning: `h' float specifier changed to `ht'.
         
         
         (/Applications/XMOS/xSoftIPTools/1.0.10/latex/texmf-dist/tex/latex/base/ts1cmtt
         .fd) <xmoslogo18pt.pdf, id=25, 54.06036pt x 15.07974pt> <use xmoslogo18pt.pdf>
         [1
         Non-PDF special ignored!{/Applications/XMOS/xSoftIPTools/1.0.10/latex/texmf-var
         /fonts/map/pdftex/updmap/pdftex.map} </Applications/XMOS/xSoftIPTools/1.0.10/xd
         oc/texinputs/xmoslogo18pt.pdf>] <use xmoslogo18pt.pdf> [2 </Users/Ed/apps/fast_
         uart/sc_uart/app_uart_fast/doc/_build/xlatex/hardware_setup.pdf>]
         Underfull \hbox (badness 1389) in paragraph at lines 116--117
         []\T1/hls/m/n/9 (+20) Proper op-er-a-tion of the ap-pli-ca-tion can be ver-i-fi
         ed by ob-serv-ing the
         
         Underfull \hbox (badness 10000) in paragraph at lines 116--117
         \T1/hls/m/n/9 (+20) and the con-sumer has ver-i-fied the re-ceived ar-ray by pr
         int-ing
         <use xmoslogo18pt.pdf> [3] <use xmoslogo18pt.pdf>
         AED: lastpage setting LastPage [4]
         (/Users/Ed/apps/fast_uart/sc_uart/app_uart_fast/doc/_build/xlatex/xmos_texfile.
         aux)
         
         LaTeX Warning: Label(s) may have changed. Rerun to get cross-references right.
         
          ) )
         (see the transcript file for additional information){/Applications/XMOS/xSoftIP
         Tools/1.0.10/latex/texmf-dist/fonts/enc/dvips/base/8r.enc}{/Applications/XMOS/x
         SoftIPTools/1.0.10/latex/texmf-dist/fonts/enc/dvips/cm-super/cm-super-ts1.enc}{
         /Applications/XMOS/xSoftIPTools/1.0.10/latex/texmf-dist/fonts/enc/dvips/cm-supe
         r/cm-super-t1.enc}</Applications/XMOS/xSoftIPTools/1.0.10/latex/texmf-local/fon
         ts/type1/bh/lucida/lsd.pfb></Applications/XMOS/xSoftIPTools/1.0.10/latex/texmf-
         local/fonts/type1/bh/lucida/lsi.pfb></Applications/XMOS/xSoftIPTools/1.0.10/lat
         ex/texmf-local/fonts/type1/bh/lucida/lsr.pfb></Applications/XMOS/xSoftIPTools/1
         .0.10/latex/texmf-dist/fonts/type1/public/marvosym/marvosym.pfb></Applications/
         XMOS/xSoftIPTools/1.0.10/latex/texmf-dist/fonts/type1/public/cm-super/sftt0900.
         pfb>
         Output written on xmos_texfile.pdf (4 pages, 2021622 bytes).
         Transcript written on xmos_texfile.log.
    Running Latex 3
    Run 'pdflatex -shell-escape -interaction=nonstopmode xmos_texfile.tex'
         This is pdfTeX, Version 3.1415926-2.4-1.40.13 (TeX Live 2012)
          \write18 enabled.
         entering extended mode
         
         (/Users/Ed/apps/fast_uart/sc_uart/app_uart_fast/doc/_build/xlatex/xmos_texfile.
         tex
         LaTeX2e <2011/06/27>
         Babel <v3.8m> and hyphenation patterns for english, dumylang, nohyphenation, lo
         aded.
         
         (/Users/Ed/apps/fast_uart/sc_uart/app_uart_fast/doc/_build/xlatex/quickstart.te
         x (/Applications/XMOS/xSoftIPTools/1.0.10/xdoc/texinputs/xmosmodern.cls
         Document Class: xmosmodern 2010/12/10 v3.0b XMOS Modern Style Class
         (/Applications/XMOS/xSoftIPTools/1.0.10/xdoc/texinputs/memoir.cls
         Document Class: memoir 2010/02/20 v1.618033988c configurable book, report, arti
         cle document class
         
         (/Applications/XMOS/xSoftIPTools/1.0.10/latex/texmf-dist/tex/generic/oberdiek/i
         fpdf.sty)
         (/Applications/XMOS/xSoftIPTools/1.0.10/latex/texmf-dist/tex/generic/ifxetex/if
         xetex.sty)
         (/Applications/XMOS/xSoftIPTools/1.0.10/latex/texmf-dist/tex/generic/oberdiek/i
         fluatex.sty)
         (/Applications/XMOS/xSoftIPTools/1.0.10/latex/texmf-dist/tex/latex/etex-pkg/ete
         x.sty) (/Applications/XMOS/xSoftIPTools/1.0.10/xdoc/texinputs/mem9.clo)
         (/Applications/XMOS/xSoftIPTools/1.0.10/xdoc/texinputs/mempatch.sty))
         (/Applications/XMOS/xSoftIPTools/1.0.10/latex/texmf-dist/tex/latex/tools/calc.s
         ty)
         
         ******************************************************
         Stock height and width: 668.63976pt by 506.45905pt
         Top and edge trims: 0.0pt and 0.0pt
         Page height and width: 668.63976pt by 506.45905pt
         Text height and width: 519.0pt by 341.0pt
         Spine and edge margins: 113.81102pt and 51.21497pt
         Upper and lower margins: 71.13188pt and 78.50787pt
         Headheight and headsep: 10.0pt and 20.0pt
         Footskip: 20.0pt
         Columnsep and columnseprule: 10.0pt and 0.0pt
         Marginparsep and marginparwidth: 11.38109pt and 51.21495pt
         Sidecapsep and sidecapwidth: 7.0pt and 85.0pt
         Sidebarhsep and sidebarwidth: 7.0pt and 85.0pt
         Sidebarvsep and sidebartopsep: 10.0pt and 0.0pt
         Sidebarheight: 546.99997pt
         Sidefoothsep and sidefootwidth: 7.0pt and 85.0pt
         Sidefootvsep and sidefootheight: 10.0pt and 546.99997pt
         ******************************************************
         
         
         (/Applications/XMOS/xSoftIPTools/1.0.10/latex/texmf-dist/tex/latex/graphics/gra
         phicx.sty
         (/Applications/XMOS/xSoftIPTools/1.0.10/latex/texmf-dist/tex/latex/graphics/key
         val.sty)
         (/Applications/XMOS/xSoftIPTools/1.0.10/latex/texmf-dist/tex/latex/graphics/gra
         phics.sty
         (/Applications/XMOS/xSoftIPTools/1.0.10/latex/texmf-dist/tex/latex/graphics/tri
         g.sty)
         (/Applications/XMOS/xSoftIPTools/1.0.10/latex/texmf-dist/tex/latex/latexconfig/
         graphics.cfg)
         (/Applications/XMOS/xSoftIPTools/1.0.10/latex/texmf-dist/tex/latex/pdftex-def/p
         dftex.def
         (/Applications/XMOS/xSoftIPTools/1.0.10/latex/texmf-dist/tex/generic/oberdiek/i
         nfwarerr.sty)
         (/Applications/XMOS/xSoftIPTools/1.0.10/latex/texmf-dist/tex/generic/oberdiek/l
         txcmds.sty))))
         Writing index file xmos_texfile.idx
         
         (/Applications/XMOS/xSoftIPTools/1.0.10/latex/texmf-dist/tex/latex/amsmath/amsm
         ath.sty
         For additional information on amsmath, use the `?' option.
         
         (/Applications/XMOS/xSoftIPTools/1.0.10/latex/texmf-dist/tex/latex/amsmath/amst
         ext.sty
         (/Applications/XMOS/xSoftIPTools/1.0.10/latex/texmf-dist/tex/latex/amsmath/amsg
         en.sty))
         (/Applications/XMOS/xSoftIPTools/1.0.10/latex/texmf-dist/tex/latex/amsmath/amsb
         sy.sty)
         (/Applications/XMOS/xSoftIPTools/1.0.10/latex/texmf-dist/tex/latex/amsmath/amso
         pn.sty))
         (/Applications/XMOS/xSoftIPTools/1.0.10/latex/texmf-dist/tex/latex/pstool/pstoo
         l.sty
         (/Applications/XMOS/xSoftIPTools/1.0.10/latex/texmf-dist/tex/generic/oberdiek/c
         atchfile.sty
         (/Applications/XMOS/xSoftIPTools/1.0.10/latex/texmf-dist/tex/generic/oberdiek/e
         texcmds.sty))
         (/Applications/XMOS/xSoftIPTools/1.0.10/latex/texmf-dist/tex/latex/graphics/col
         or.sty
         (/Applications/XMOS/xSoftIPTools/1.0.10/latex/texmf-dist/tex/latex/latexconfig/
         color.cfg))
         (/Applications/XMOS/xSoftIPTools/1.0.10/xdoc/texinputs/ifplatform.sty
         (/Applications/XMOS/xSoftIPTools/1.0.10/latex/texmf-dist/tex/generic/oberdiek/p
         dftexcmds.sty)
         (/Users/Ed/apps/fast_uart/sc_uart/app_uart_fast/doc/_build/xlatex/xmos_texfile.
         w18)) (/Applications/XMOS/xSoftIPTools/1.0.10/xdoc/texinputs/psfrag.sty)
         (/Applications/XMOS/xSoftIPTools/1.0.10/xdoc/texinputs/suffix.sty)
         (/Applications/XMOS/xSoftIPTools/1.0.10/xdoc/texinputs/xkeyval.sty
         (/Applications/XMOS/xSoftIPTools/1.0.10/latex/texmf-dist/tex/generic/xkeyval/xk
         eyval.tex)))
         (/Applications/XMOS/xSoftIPTools/1.0.10/xdoc/texinputs/microtype.sty
         (/Applications/XMOS/xSoftIPTools/1.0.10/latex/texmf-dist/tex/latex/microtype/mi
         crotype.cfg))
         (/Applications/XMOS/xSoftIPTools/1.0.10/xdoc/texinputs/stmaryrd.sty)
         (/Applications/XMOS/xSoftIPTools/1.0.10/latex/texmf-dist/tex/latex/base/alltt.s
         ty)
         (/Applications/XMOS/xSoftIPTools/1.0.10/latex/texmf-dist/tex/latex/amsfonts/ams
         fonts.sty)
         (/Applications/XMOS/xSoftIPTools/1.0.10/latex/texmf-dist/tex/latex/tools/multic
         ol.sty)
         (/Applications/XMOS/xSoftIPTools/1.0.10/latex/texmf-dist/tex/latex/base/ifthen.
         sty)
         (/Applications/XMOS/xSoftIPTools/1.0.10/latex/texmf-dist/tex/latex/tools/longta
         ble.sty)
         (/Applications/XMOS/xSoftIPTools/1.0.10/latex/texmf-dist/tex/latex/base/textcom
         p.sty
         (/Applications/XMOS/xSoftIPTools/1.0.10/latex/texmf-dist/tex/latex/base/ts1enc.
         def)) (/Applications/XMOS/xSoftIPTools/1.0.10/xdoc/texinputs/url.sty)
         (/Applications/XMOS/xSoftIPTools/1.0.10/xdoc/texinputs/listings.sty
         (/Applications/XMOS/xSoftIPTools/1.0.10/latex/texmf-dist/tex/latex/listings/lst
         misc.sty)
         (/Applications/XMOS/xSoftIPTools/1.0.10/latex/texmf-dist/tex/latex/listings/lis
         tings.cfg)) (/Applications/XMOS/xSoftIPTools/1.0.10/xdoc/texinputs/gensymb.sty)
         
         (/Applications/XMOS/xSoftIPTools/1.0.10/latex/texmf-dist/tex/latex/manfnt/manfn
         t.sty)
         (/Applications/XMOS/xSoftIPTools/1.0.10/latex/texmf-dist/tex/latex/psnfss/pifon
         t.sty
         (/Applications/XMOS/xSoftIPTools/1.0.10/latex/texmf-dist/tex/latex/psnfss/upzd.
         fd)
         (/Applications/XMOS/xSoftIPTools/1.0.10/latex/texmf-dist/tex/latex/psnfss/upsy.
         fd))
         (/Applications/XMOS/xSoftIPTools/1.0.10/latex/texmf-dist/tex/latex/tools/xspace
         .sty) (/Applications/XMOS/xSoftIPTools/1.0.10/xdoc/texinputs/multirow.sty)
         (/Applications/XMOS/xSoftIPTools/1.0.10/latex/texmf-dist/tex/latex/colortbl/col
         ortbl.sty)
         (/Applications/XMOS/xSoftIPTools/1.0.10/latex/texmf-dist/tex/latex/tools/varior
         ef.sty)
         (/Applications/XMOS/xSoftIPTools/1.0.10/latex/texmf-dist/tex/latex/base/fixltx2
         e.sty) (/Applications/XMOS/xSoftIPTools/1.0.10/xdoc/texinputs/enumitem.sty)
         (/Applications/XMOS/xSoftIPTools/1.0.10/xdoc/texinputs/placeins.sty)
         (/Applications/XMOS/xSoftIPTools/1.0.10/latex/texmf-dist/tex/latex/base/flafter
         .sty) (/Applications/XMOS/xSoftIPTools/1.0.10/xdoc/texinputs/float.sty)
         (/Applications/XMOS/xSoftIPTools/1.0.10/xdoc/texinputs/marginnote.sty)
         (/Applications/XMOS/xSoftIPTools/1.0.10/latex/texmf-dist/tex/latex/layouts/layo
         uts.sty)
         (/Applications/XMOS/xSoftIPTools/1.0.10/latex/texmf-dist/tex/latex/units/units.
         sty
         (/Applications/XMOS/xSoftIPTools/1.0.10/latex/texmf-dist/tex/latex/units/nicefr
         ac.sty))
         (/Applications/XMOS/xSoftIPTools/1.0.10/latex/texmf-dist/tex/latex/savesym/save
         sym.sty
         
         LaTeX Warning: You have requested package `savesym',
                        but the package provides `savesymbol'.
         
         ) (/Applications/XMOS/xSoftIPTools/1.0.10/xdoc/texinputs/marvosym.sty)
         (/Applications/XMOS/xSoftIPTools/1.0.10/latex/texmf-dist/tex/latex/bbding/bbdin
         g.sty)
         (/Applications/XMOS/xSoftIPTools/1.0.10/latex/texmf-dist/tex/latex/dingbat/ding
         bat.sty)
         (/Applications/XMOS/xSoftIPTools/1.0.10/latex/texmf-dist/tex/latex/hyperref/hyp
         erref.sty
         (/Applications/XMOS/xSoftIPTools/1.0.10/latex/texmf-dist/tex/generic/oberdiek/h
         obsub-hyperref.sty
         (/Applications/XMOS/xSoftIPTools/1.0.10/latex/texmf-dist/tex/generic/oberdiek/h
         obsub-generic.sty))
         (/Applications/XMOS/xSoftIPTools/1.0.10/latex/texmf-dist/tex/latex/oberdiek/aux
         hook.sty)
         (/Applications/XMOS/xSoftIPTools/1.0.10/latex/texmf-dist/tex/latex/oberdiek/kvo
         ptions.sty)
         (/Applications/XMOS/xSoftIPTools/1.0.10/latex/texmf-dist/tex/latex/hyperref/pd1
         enc.def)
         (/Applications/XMOS/xSoftIPTools/1.0.10/latex/texmf-dist/tex/latex/latexconfig/
         hyperref.cfg))
         (/Applications/XMOS/xSoftIPTools/1.0.10/xdoc/texinputs/memhfixc.sty)
         
         Package hyperref Message: Driver (autodetected): hpdftex.
         
         
         (/Applications/XMOS/xSoftIPTools/1.0.10/latex/texmf-dist/tex/latex/hyperref/hpd
         ftex.def
         (/Applications/XMOS/xSoftIPTools/1.0.10/latex/texmf-dist/tex/latex/oberdiek/rer
         unfilecheck.sty))
         (/Applications/XMOS/xSoftIPTools/1.0.10/xdoc/texinputs/lastpage.sty)
         (/Applications/XMOS/xSoftIPTools/1.0.10/latex/texmf-dist/tex/latex/tools/afterp
         age.sty)
         (/Applications/XMOS/xSoftIPTools/1.0.10/latex/texmf-dist/tex/latex/base/fontenc
         .sty
         (/Applications/XMOS/xSoftIPTools/1.0.10/latex/texmf-dist/tex/latex/base/t1enc.d
         ef))
         (/Applications/XMOS/xSoftIPTools/1.0.10/latex/texmf-local/tex/latex/lucidabr/lu
         cidabr.sty
         (/Applications/XMOS/xSoftIPTools/1.0.10/latex/texmf-local/tex/latex/lucida/t1hl
         s.fd)) (/Applications/XMOS/xSoftIPTools/1.0.10/xdoc/texinputs/upquote.sty)
         (/Applications/XMOS/xSoftIPTools/1.0.10/xdoc/texinputs/terminology.tex)
         (/Applications/XMOS/xSoftIPTools/1.0.10/xdoc/texinputs/bib.tex))
         (/Applications/XMOS/xSoftIPTools/1.0.10/latex/texmf-dist/tex/latex/base/inputen
         c.sty
         (/Applications/XMOS/xSoftIPTools/1.0.10/latex/texmf-dist/tex/latex/base/utf8.de
         f
         (/Applications/XMOS/xSoftIPTools/1.0.10/latex/texmf-dist/tex/latex/base/t1enc.d
         fu)
         (/Applications/XMOS/xSoftIPTools/1.0.10/latex/texmf-dist/tex/latex/base/ot1enc.
         dfu)
         (/Applications/XMOS/xSoftIPTools/1.0.10/latex/texmf-dist/tex/latex/base/omsenc.
         dfu)
         (/Applications/XMOS/xSoftIPTools/1.0.10/latex/texmf-dist/tex/latex/base/ts1enc.
         dfu))) (/Applications/XMOS/xSoftIPTools/1.0.10/xdoc/texinputs/xsphinx.sty
         (/Applications/XMOS/xSoftIPTools/1.0.10/xdoc/texinputs/framed.sty)
         (/Applications/XMOS/xSoftIPTools/1.0.10/xdoc/texinputs/fancyvrb.sty
         Style option: `fancyvrb' v2.7a, with DG/SPQR fixes, and firstline=lastline fix
         <2008/02/07> (tvz))
         (/Applications/XMOS/xSoftIPTools/1.0.10/xdoc/texinputs/threeparttable.sty))
         (/Applications/XMOS/xSoftIPTools/1.0.10/xdoc/texinputs/indent.sty)
         Writing index file xmos_texfile.idx
         
         (/Users/Ed/apps/fast_uart/sc_uart/app_uart_fast/doc/_build/xlatex/xmos_texfile.
         aux)
         (/Applications/XMOS/xSoftIPTools/1.0.10/latex/texmf-dist/tex/latex/base/ts1cmr.
         fd)
         (/Applications/XMOS/xSoftIPTools/1.0.10/latex/texmf-local/tex/latex/lucidabr/lm
         rhlcm.fd)
         (/Applications/XMOS/xSoftIPTools/1.0.10/latex/texmf-dist/tex/context/base/supp-
         pdf.mkii
         [Loading MPS to PDF converter (version 2006.09.02).]
         )
         (/Applications/XMOS/xSoftIPTools/1.0.10/latex/texmf-dist/tex/latex/oberdiek/eps
         topdf-base.sty
         (/Applications/XMOS/xSoftIPTools/1.0.10/latex/texmf-dist/tex/latex/oberdiek/grf
         ext.sty)
         (/Applications/XMOS/xSoftIPTools/1.0.10/latex/texmf-dist/tex/latex/latexconfig/
         epstopdf-sys.cfg))
         
         Package layouts Warning: Layout scale set to 0.5 on input line 30.
         
         
         (/Applications/XMOS/xSoftIPTools/1.0.10/latex/texmf-dist/tex/latex/hyperref/nam
         eref.sty
         (/Applications/XMOS/xSoftIPTools/1.0.10/latex/texmf-dist/tex/generic/oberdiek/g
         ettitlestring.sty))
         (/Users/Ed/apps/fast_uart/sc_uart/app_uart_fast/doc/_build/xlatex/xmos_texfile.
         out)
         (/Users/Ed/apps/fast_uart/sc_uart/app_uart_fast/doc/_build/xlatex/xmos_texfile.
         out)
         (/Applications/XMOS/xSoftIPTools/1.0.10/latex/texmf-dist/tex/latex/marvosym/umv
         s.fd)
         (/Applications/XMOS/xSoftIPTools/1.0.10/latex/texmf-dist/tex/latex/microtype/mt
         -mvs.cfg)
         Underfull \hbox (badness 10000) in paragraph at lines 42--42
         
         
         (/Applications/XMOS/xSoftIPTools/1.0.10/latex/texmf-dist/tex/latex/base/t1cmtt.
         fd) <hardware_setup.pdf, id=24, 1003.62453pt x 1606.80293pt>
         <use hardware_setup.pdf>
         (/Applications/XMOS/xSoftIPTools/1.0.10/latex/texmf-local/tex/latex/lucida/t1hl
         h.fd)
         (/Applications/XMOS/xSoftIPTools/1.0.10/latex/texmf-local/tex/latex/lucidabr/om
         lhlcm.fd)
         (/Applications/XMOS/xSoftIPTools/1.0.10/latex/texmf-local/tex/latex/lucidabr/om
         shlcy.fd)
         (/Applications/XMOS/xSoftIPTools/1.0.10/latex/texmf-local/tex/latex/lucidabr/om
         xhlcv.fd)
         (/Applications/XMOS/xSoftIPTools/1.0.10/latex/texmf-dist/tex/latex/microtype/mt
         -cmr.cfg)
         (/Applications/XMOS/xSoftIPTools/1.0.10/latex/texmf-dist/tex/latex/amsfonts/ums
         a.fd)
         (/Applications/XMOS/xSoftIPTools/1.0.10/latex/texmf-dist/tex/latex/microtype/mt
         -msa.cfg)
         (/Applications/XMOS/xSoftIPTools/1.0.10/latex/texmf-dist/tex/latex/amsfonts/ums
         b.fd)
         (/Applications/XMOS/xSoftIPTools/1.0.10/latex/texmf-dist/tex/latex/microtype/mt
         -msb.cfg)
         (/Applications/XMOS/xSoftIPTools/1.0.10/latex/texmf-local/tex/latex/lucida/ts1h
         ls.fd)
         
         LaTeX Warning: `h' float specifier changed to `ht'.
         
         
         (/Applications/XMOS/xSoftIPTools/1.0.10/latex/texmf-dist/tex/latex/base/ts1cmtt
         .fd) <xmoslogo18pt.pdf, id=25, 54.06036pt x 15.07974pt> <use xmoslogo18pt.pdf>
         [1
         Non-PDF special ignored!{/Applications/XMOS/xSoftIPTools/1.0.10/latex/texmf-var
         /fonts/map/pdftex/updmap/pdftex.map} </Applications/XMOS/xSoftIPTools/1.0.10/xd
         oc/texinputs/xmoslogo18pt.pdf>] <use xmoslogo18pt.pdf> [2 </Users/Ed/apps/fast_
         uart/sc_uart/app_uart_fast/doc/_build/xlatex/hardware_setup.pdf>]
         Underfull \hbox (badness 1389) in paragraph at lines 116--117
         []\T1/hls/m/n/9 (+20) Proper op-er-a-tion of the ap-pli-ca-tion can be ver-i-fi
         ed by ob-serv-ing the
         
         Underfull \hbox (badness 10000) in paragraph at lines 116--117
         \T1/hls/m/n/9 (+20) and the con-sumer has ver-i-fied the re-ceived ar-ray by pr
         int-ing
         <use xmoslogo18pt.pdf> [3] <use xmoslogo18pt.pdf>
         AED: lastpage setting LastPage [4]
         (/Users/Ed/apps/fast_uart/sc_uart/app_uart_fast/doc/_build/xlatex/xmos_texfile.
         aux) ) )
         (see the transcript file for additional information){/Applications/XMOS/xSoftIP
         Tools/1.0.10/latex/texmf-dist/fonts/enc/dvips/base/8r.enc}{/Applications/XMOS/x
         SoftIPTools/1.0.10/latex/texmf-dist/fonts/enc/dvips/cm-super/cm-super-ts1.enc}{
         /Applications/XMOS/xSoftIPTools/1.0.10/latex/texmf-dist/fonts/enc/dvips/cm-supe
         r/cm-super-t1.enc}</Applications/XMOS/xSoftIPTools/1.0.10/latex/texmf-local/fon
         ts/type1/bh/lucida/lsd.pfb></Applications/XMOS/xSoftIPTools/1.0.10/latex/texmf-
         local/fonts/type1/bh/lucida/lsi.pfb></Applications/XMOS/xSoftIPTools/1.0.10/lat
         ex/texmf-local/fonts/type1/bh/lucida/lsr.pfb></Applications/XMOS/xSoftIPTools/1
         .0.10/latex/texmf-dist/fonts/type1/public/marvosym/marvosym.pfb></Applications/
         XMOS/xSoftIPTools/1.0.10/latex/texmf-dist/fonts/type1/public/cm-super/sftt0900.
         pfb>
         Output written on xmos_texfile.pdf (4 pages, 2021616 bytes).
         Transcript written on xmos_texfile.log.
    Build Complete
