Building documentation target 'xmospdf' in doc
    Copying ../../../sc_uart/module_uart_fast_tx
    Copying ../../../sc_uart
    Run 'git stash'
         No local changes to save
    Run 'git pull'
         Already up-to-date.
    Run 'git config --get remote.origin.url'
         https://github.com/ed-xmos/sc_uart.git
    Run 'git rev-parse --show-prefix'
         module_uart_fast_tx/doc/
    Run 'git pull'
         Already up-to-date.
    Found document info for 'XCORE STAND ALONE UART COMPONENTS'
    Run 'git pull'
         Already up-to-date.
    Run 'git add *.xml'
    Run 'git update-index -q --refresh'
    Run 'git diff-index --name-only HEAD --'
         sc_uart.git__module_uart_fast_tx__doc__index.xml
    Run 'git commit -a -m Automatic Update'
         [master 857b5fa] Automatic Update
          1 file changed, 2 insertions(+)
          create mode 100644 sc_uart.git__module_uart_fast_tx__doc__index.xml
    Run 'git push'
         To git://git/docs/docs_xref
            3a48855..857b5fa  master -> master
    Processing document structure for xref database
    Processing TOC for XMOS xref database
    Run 'git stash'
         No local changes to save
    Run 'git pull'
         Already up-to-date.
    Run 'git config --get remote.origin.url'
         https://github.com/ed-xmos/sc_uart.git
    Run 'git rev-parse --show-prefix'
         module_uart_fast_tx/doc/
    Run 'git pull'
         Already up-to-date.
    Run 'git pull'
         Already up-to-date.
    Run 'git pull'
         Already up-to-date.
    Run 'git add *.xml'
    Run 'git update-index -q --refresh'
    Run 'git diff-index --name-only HEAD --'
         sc_uart.git__module_uart_fast_tx__doc__fast.xml
         sc_uart.git__module_uart_fast_tx__doc__summary.xml
    Run 'git commit -a -m Automatic Update'
         [master f4a5140] Automatic Update
          2 files changed, 4 insertions(+)
          create mode 100644 sc_uart.git__module_uart_fast_tx__doc__fast.xml
          create mode 100644 sc_uart.git__module_uart_fast_tx__doc__summary.xml
    Run 'git push'
         To git://git/docs/docs_xref
            857b5fa..f4a5140  master -> master
    Running Doxygen
    Run 'xdoxygen'
    Running Sphinx
    Run 'git rev-parse --show-toplevel'
         /Users/Ed/apps/fast_uart/sc_uart
    Run 'git rev-parse --show-prefix'
         module_uart_fast_tx/doc/
    Run 'git stash'
         No local changes to save
    Run 'git pull'
         Already up-to-date.
    Run 'git config --get remote.origin.url'
         https://github.com/ed-xmos/sc_uart.git
    Run 'git rev-parse --show-prefix'
         module_uart_fast_tx/doc/
    Running Latex 1
    Run 'pdflatex -shell-escape -interaction=nonstopmode xmos_texfile.tex'
         This is pdfTeX, Version 3.1415926-2.4-1.40.13 (TeX Live 2012)
          \write18 enabled.
         entering extended mode
         
         (/Users/Ed/apps/fast_uart/sc_uart/module_uart_fast_tx/doc/_build/xlatex/xmos_te
         xfile.tex
         LaTeX2e <2011/06/27>
         Babel <v3.8m> and hyphenation patterns for english, dumylang, nohyphenation, lo
         aded.
         
         (/Users/Ed/apps/fast_uart/sc_uart/module_uart_fast_tx/doc/_build/xlatex/index.t
         ex (/Applications/XMOS/xSoftIPTools/1.0.10/xdoc/texinputs/xmosmodern.cls
         Document Class: xmosmodern 2010/12/10 v3.0b XMOS Modern Style Class
         (/Applications/XMOS/xSoftIPTools/1.0.10/xdoc/texinputs/memoir.cls
         Document Class: memoir 2010/02/20 v1.618033988c configurable book, report, arti
         cle document class
         
         (/Applications/XMOS/xSoftIPTools/1.0.10/latex/texmf-dist/tex/generic/oberdiek/i
         fpdf.sty)
         (/Applications/XMOS/xSoftIPTools/1.0.10/latex/texmf-dist/tex/generic/ifxetex/if
         xetex.sty)
         (/Applications/XMOS/xSoftIPTools/1.0.10/latex/texmf-dist/tex/generic/oberdiek/i
         fluatex.sty)
         (/Applications/XMOS/xSoftIPTools/1.0.10/latex/texmf-dist/tex/latex/etex-pkg/ete
         x.sty) (/Applications/XMOS/xSoftIPTools/1.0.10/xdoc/texinputs/mem9.clo)
         (/Applications/XMOS/xSoftIPTools/1.0.10/xdoc/texinputs/mempatch.sty))
         (/Applications/XMOS/xSoftIPTools/1.0.10/latex/texmf-dist/tex/latex/tools/calc.s
         ty)
         
         ******************************************************
         Stock height and width: 668.63976pt by 506.45905pt
         Top and edge trims: 0.0pt and 0.0pt
         Page height and width: 668.63976pt by 506.45905pt
         Text height and width: 519.0pt by 341.0pt
         Spine and edge margins: 113.81102pt and 51.21497pt
         Upper and lower margins: 71.13188pt and 78.50787pt
         Headheight and headsep: 10.0pt and 20.0pt
         Footskip: 20.0pt
         Columnsep and columnseprule: 10.0pt and 0.0pt
         Marginparsep and marginparwidth: 11.38109pt and 51.21495pt
         Sidecapsep and sidecapwidth: 7.0pt and 85.0pt
         Sidebarhsep and sidebarwidth: 7.0pt and 85.0pt
         Sidebarvsep and sidebartopsep: 10.0pt and 0.0pt
         Sidebarheight: 546.99997pt
         Sidefoothsep and sidefootwidth: 7.0pt and 85.0pt
         Sidefootvsep and sidefootheight: 10.0pt and 546.99997pt
         ******************************************************
         
         
         (/Applications/XMOS/xSoftIPTools/1.0.10/latex/texmf-dist/tex/latex/graphics/gra
         phicx.sty
         (/Applications/XMOS/xSoftIPTools/1.0.10/latex/texmf-dist/tex/latex/graphics/key
         val.sty)
         (/Applications/XMOS/xSoftIPTools/1.0.10/latex/texmf-dist/tex/latex/graphics/gra
         phics.sty
         (/Applications/XMOS/xSoftIPTools/1.0.10/latex/texmf-dist/tex/latex/graphics/tri
         g.sty)
         (/Applications/XMOS/xSoftIPTools/1.0.10/latex/texmf-dist/tex/latex/latexconfig/
         graphics.cfg)
         (/Applications/XMOS/xSoftIPTools/1.0.10/latex/texmf-dist/tex/latex/pdftex-def/p
         dftex.def
         (/Applications/XMOS/xSoftIPTools/1.0.10/latex/texmf-dist/tex/generic/oberdiek/i
         nfwarerr.sty)
         (/Applications/XMOS/xSoftIPTools/1.0.10/latex/texmf-dist/tex/generic/oberdiek/l
         txcmds.sty))))
         Writing index file xmos_texfile.idx
         
         (/Applications/XMOS/xSoftIPTools/1.0.10/latex/texmf-dist/tex/latex/amsmath/amsm
         ath.sty
         For additional information on amsmath, use the `?' option.
         
         (/Applications/XMOS/xSoftIPTools/1.0.10/latex/texmf-dist/tex/latex/amsmath/amst
         ext.sty
         (/Applications/XMOS/xSoftIPTools/1.0.10/latex/texmf-dist/tex/latex/amsmath/amsg
         en.sty))
         (/Applications/XMOS/xSoftIPTools/1.0.10/latex/texmf-dist/tex/latex/amsmath/amsb
         sy.sty)
         (/Applications/XMOS/xSoftIPTools/1.0.10/latex/texmf-dist/tex/latex/amsmath/amso
         pn.sty))
         (/Applications/XMOS/xSoftIPTools/1.0.10/latex/texmf-dist/tex/latex/pstool/pstoo
         l.sty
         (/Applications/XMOS/xSoftIPTools/1.0.10/latex/texmf-dist/tex/generic/oberdiek/c
         atchfile.sty
         (/Applications/XMOS/xSoftIPTools/1.0.10/latex/texmf-dist/tex/generic/oberdiek/e
         texcmds.sty))
         (/Applications/XMOS/xSoftIPTools/1.0.10/latex/texmf-dist/tex/latex/graphics/col
         or.sty
         (/Applications/XMOS/xSoftIPTools/1.0.10/latex/texmf-dist/tex/latex/latexconfig/
         color.cfg))
         (/Applications/XMOS/xSoftIPTools/1.0.10/xdoc/texinputs/ifplatform.sty
         (/Applications/XMOS/xSoftIPTools/1.0.10/latex/texmf-dist/tex/generic/oberdiek/p
         dftexcmds.sty)
         (/Users/Ed/apps/fast_uart/sc_uart/module_uart_fast_tx/doc/_build/xlatex/xmos_te
         xfile.w18)) (/Applications/XMOS/xSoftIPTools/1.0.10/xdoc/texinputs/psfrag.sty)
         (/Applications/XMOS/xSoftIPTools/1.0.10/xdoc/texinputs/suffix.sty)
         (/Applications/XMOS/xSoftIPTools/1.0.10/xdoc/texinputs/xkeyval.sty
         (/Applications/XMOS/xSoftIPTools/1.0.10/latex/texmf-dist/tex/generic/xkeyval/xk
         eyval.tex)))
         (/Applications/XMOS/xSoftIPTools/1.0.10/xdoc/texinputs/microtype.sty
         (/Applications/XMOS/xSoftIPTools/1.0.10/latex/texmf-dist/tex/latex/microtype/mi
         crotype.cfg))
         (/Applications/XMOS/xSoftIPTools/1.0.10/xdoc/texinputs/stmaryrd.sty)
         (/Applications/XMOS/xSoftIPTools/1.0.10/latex/texmf-dist/tex/latex/base/alltt.s
         ty)
         (/Applications/XMOS/xSoftIPTools/1.0.10/latex/texmf-dist/tex/latex/amsfonts/ams
         fonts.sty)
         (/Applications/XMOS/xSoftIPTools/1.0.10/latex/texmf-dist/tex/latex/tools/multic
         ol.sty)
         (/Applications/XMOS/xSoftIPTools/1.0.10/latex/texmf-dist/tex/latex/base/ifthen.
         sty)
         (/Applications/XMOS/xSoftIPTools/1.0.10/latex/texmf-dist/tex/latex/tools/longta
         ble.sty)
         (/Applications/XMOS/xSoftIPTools/1.0.10/latex/texmf-dist/tex/latex/base/textcom
         p.sty
         (/Applications/XMOS/xSoftIPTools/1.0.10/latex/texmf-dist/tex/latex/base/ts1enc.
         def)) (/Applications/XMOS/xSoftIPTools/1.0.10/xdoc/texinputs/url.sty)
         (/Applications/XMOS/xSoftIPTools/1.0.10/xdoc/texinputs/listings.sty
         (/Applications/XMOS/xSoftIPTools/1.0.10/latex/texmf-dist/tex/latex/listings/lst
         misc.sty)
         (/Applications/XMOS/xSoftIPTools/1.0.10/latex/texmf-dist/tex/latex/listings/lis
         tings.cfg)) (/Applications/XMOS/xSoftIPTools/1.0.10/xdoc/texinputs/gensymb.sty)
         
         (/Applications/XMOS/xSoftIPTools/1.0.10/latex/texmf-dist/tex/latex/manfnt/manfn
         t.sty)
         (/Applications/XMOS/xSoftIPTools/1.0.10/latex/texmf-dist/tex/latex/psnfss/pifon
         t.sty
         (/Applications/XMOS/xSoftIPTools/1.0.10/latex/texmf-dist/tex/latex/psnfss/upzd.
         fd)
         (/Applications/XMOS/xSoftIPTools/1.0.10/latex/texmf-dist/tex/latex/psnfss/upsy.
         fd))
         (/Applications/XMOS/xSoftIPTools/1.0.10/latex/texmf-dist/tex/latex/tools/xspace
         .sty) (/Applications/XMOS/xSoftIPTools/1.0.10/xdoc/texinputs/multirow.sty)
         (/Applications/XMOS/xSoftIPTools/1.0.10/latex/texmf-dist/tex/latex/colortbl/col
         ortbl.sty)
         (/Applications/XMOS/xSoftIPTools/1.0.10/latex/texmf-dist/tex/latex/tools/varior
         ef.sty)
         (/Applications/XMOS/xSoftIPTools/1.0.10/latex/texmf-dist/tex/latex/base/fixltx2
         e.sty) (/Applications/XMOS/xSoftIPTools/1.0.10/xdoc/texinputs/enumitem.sty)
         (/Applications/XMOS/xSoftIPTools/1.0.10/xdoc/texinputs/placeins.sty)
         (/Applications/XMOS/xSoftIPTools/1.0.10/latex/texmf-dist/tex/latex/base/flafter
         .sty) (/Applications/XMOS/xSoftIPTools/1.0.10/xdoc/texinputs/float.sty)
         (/Applications/XMOS/xSoftIPTools/1.0.10/xdoc/texinputs/marginnote.sty)
         (/Applications/XMOS/xSoftIPTools/1.0.10/latex/texmf-dist/tex/latex/layouts/layo
         uts.sty)
         (/Applications/XMOS/xSoftIPTools/1.0.10/latex/texmf-dist/tex/latex/units/units.
         sty
         (/Applications/XMOS/xSoftIPTools/1.0.10/latex/texmf-dist/tex/latex/units/nicefr
         ac.sty))
         (/Applications/XMOS/xSoftIPTools/1.0.10/latex/texmf-dist/tex/latex/savesym/save
         sym.sty
         
         LaTeX Warning: You have requested package `savesym',
                        but the package provides `savesymbol'.
         
         ) (/Applications/XMOS/xSoftIPTools/1.0.10/xdoc/texinputs/marvosym.sty)
         (/Applications/XMOS/xSoftIPTools/1.0.10/latex/texmf-dist/tex/latex/bbding/bbdin
         g.sty)
         (/Applications/XMOS/xSoftIPTools/1.0.10/latex/texmf-dist/tex/latex/dingbat/ding
         bat.sty)
         (/Applications/XMOS/xSoftIPTools/1.0.10/latex/texmf-dist/tex/latex/hyperref/hyp
         erref.sty
         (/Applications/XMOS/xSoftIPTools/1.0.10/latex/texmf-dist/tex/generic/oberdiek/h
         obsub-hyperref.sty
         (/Applications/XMOS/xSoftIPTools/1.0.10/latex/texmf-dist/tex/generic/oberdiek/h
         obsub-generic.sty))
         (/Applications/XMOS/xSoftIPTools/1.0.10/latex/texmf-dist/tex/latex/oberdiek/aux
         hook.sty)
         (/Applications/XMOS/xSoftIPTools/1.0.10/latex/texmf-dist/tex/latex/oberdiek/kvo
         ptions.sty)
         (/Applications/XMOS/xSoftIPTools/1.0.10/latex/texmf-dist/tex/latex/hyperref/pd1
         enc.def)
         (/Applications/XMOS/xSoftIPTools/1.0.10/latex/texmf-dist/tex/latex/latexconfig/
         hyperref.cfg))
         (/Applications/XMOS/xSoftIPTools/1.0.10/xdoc/texinputs/memhfixc.sty)
         
         Package hyperref Message: Driver (autodetected): hpdftex.
         
         
         (/Applications/XMOS/xSoftIPTools/1.0.10/latex/texmf-dist/tex/latex/hyperref/hpd
         ftex.def
         (/Applications/XMOS/xSoftIPTools/1.0.10/latex/texmf-dist/tex/latex/oberdiek/rer
         unfilecheck.sty))
         (/Applications/XMOS/xSoftIPTools/1.0.10/xdoc/texinputs/lastpage.sty)
         (/Applications/XMOS/xSoftIPTools/1.0.10/latex/texmf-dist/tex/latex/tools/afterp
         age.sty)
         (/Applications/XMOS/xSoftIPTools/1.0.10/latex/texmf-dist/tex/latex/base/fontenc
         .sty
         (/Applications/XMOS/xSoftIPTools/1.0.10/latex/texmf-dist/tex/latex/base/t1enc.d
         ef))
         (/Applications/XMOS/xSoftIPTools/1.0.10/latex/texmf-local/tex/latex/lucidabr/lu
         cidabr.sty
         (/Applications/XMOS/xSoftIPTools/1.0.10/latex/texmf-local/tex/latex/lucida/t1hl
         s.fd)) (/Applications/XMOS/xSoftIPTools/1.0.10/xdoc/texinputs/upquote.sty)
         (/Applications/XMOS/xSoftIPTools/1.0.10/xdoc/texinputs/terminology.tex)
         (/Applications/XMOS/xSoftIPTools/1.0.10/xdoc/texinputs/bib.tex))
         (/Applications/XMOS/xSoftIPTools/1.0.10/latex/texmf-dist/tex/latex/base/inputen
         c.sty
         (/Applications/XMOS/xSoftIPTools/1.0.10/latex/texmf-dist/tex/latex/base/utf8.de
         f
         (/Applications/XMOS/xSoftIPTools/1.0.10/latex/texmf-dist/tex/latex/base/t1enc.d
         fu)
         (/Applications/XMOS/xSoftIPTools/1.0.10/latex/texmf-dist/tex/latex/base/ot1enc.
         dfu)
         (/Applications/XMOS/xSoftIPTools/1.0.10/latex/texmf-dist/tex/latex/base/omsenc.
         dfu)
         (/Applications/XMOS/xSoftIPTools/1.0.10/latex/texmf-dist/tex/latex/base/ts1enc.
         dfu))) (/Applications/XMOS/xSoftIPTools/1.0.10/xdoc/texinputs/xsphinx.sty
         (/Applications/XMOS/xSoftIPTools/1.0.10/xdoc/texinputs/framed.sty)
         (/Applications/XMOS/xSoftIPTools/1.0.10/xdoc/texinputs/fancyvrb.sty
         Style option: `fancyvrb' v2.7a, with DG/SPQR fixes, and firstline=lastline fix
         <2008/02/07> (tvz))
         (/Applications/XMOS/xSoftIPTools/1.0.10/xdoc/texinputs/threeparttable.sty))
         (/Applications/XMOS/xSoftIPTools/1.0.10/xdoc/texinputs/indent.sty)
         Writing index file xmos_texfile.idx
         No file xmos_texfile.aux.
         
         (/Applications/XMOS/xSoftIPTools/1.0.10/latex/texmf-dist/tex/latex/base/ts1cmr.
         fd)
         (/Applications/XMOS/xSoftIPTools/1.0.10/latex/texmf-local/tex/latex/lucidabr/lm
         rhlcm.fd)
         (/Applications/XMOS/xSoftIPTools/1.0.10/latex/texmf-dist/tex/context/base/supp-
         pdf.mkii
         [Loading MPS to PDF converter (version 2006.09.02).]
         )
         (/Applications/XMOS/xSoftIPTools/1.0.10/latex/texmf-dist/tex/latex/oberdiek/eps
         topdf-base.sty
         (/Applications/XMOS/xSoftIPTools/1.0.10/latex/texmf-dist/tex/latex/oberdiek/grf
         ext.sty)
         (/Applications/XMOS/xSoftIPTools/1.0.10/latex/texmf-dist/tex/latex/latexconfig/
         epstopdf-sys.cfg))
         
         Package layouts Warning: Layout scale set to 0.5 on input line 30.
         
         
         (/Applications/XMOS/xSoftIPTools/1.0.10/latex/texmf-dist/tex/latex/hyperref/nam
         eref.sty
         (/Applications/XMOS/xSoftIPTools/1.0.10/latex/texmf-dist/tex/generic/oberdiek/g
         ettitlestring.sty))
         (/Applications/XMOS/xSoftIPTools/1.0.10/latex/texmf-local/tex/latex/lucida/ts1h
         ls.fd) <xmoslogo18pt.pdf, id=4, 54.06036pt x 15.07974pt>
         <use xmoslogo18pt.pdf> [1
         Non-PDF special ignored!{/Applications/XMOS/xSoftIPTools/1.0.10/latex/texmf-var
         /fonts/map/pdftex/updmap/pdftex.map} </Applications/XMOS/xSoftIPTools/1.0.10/xd
         oc/texinputs/xmoslogo18pt.pdf>]
         
         LaTeX Warning: Reference `LastPage' on page 2 undefined on input line 33.
         
         <use xmoslogo18pt.pdf> [2]
         (/Applications/XMOS/xSoftIPTools/1.0.10/latex/texmf-dist/tex/latex/marvosym/umv
         s.fd)
         (/Applications/XMOS/xSoftIPTools/1.0.10/latex/texmf-dist/tex/latex/microtype/mt
         -mvs.cfg)
         
         LaTeX Warning: Reference `summary:uart-implementation-alternatives' on page 3 u
         ndefined on input line 47.
         
         
         Underfull \hbox (badness 10000) in paragraph at lines 48--48
         
         
         (/Applications/XMOS/xSoftIPTools/1.0.10/latex/texmf-local/tex/latex/lucida/t1hl
         h.fd)
         (/Applications/XMOS/xSoftIPTools/1.0.10/latex/texmf-local/tex/latex/lucidabr/om
         lhlcm.fd)
         (/Applications/XMOS/xSoftIPTools/1.0.10/latex/texmf-local/tex/latex/lucidabr/om
         shlcy.fd)
         (/Applications/XMOS/xSoftIPTools/1.0.10/latex/texmf-local/tex/latex/lucidabr/om
         xhlcv.fd)
         (/Applications/XMOS/xSoftIPTools/1.0.10/latex/texmf-dist/tex/latex/microtype/mt
         -cmr.cfg)
         (/Applications/XMOS/xSoftIPTools/1.0.10/latex/texmf-dist/tex/latex/amsfonts/ums
         a.fd)
         (/Applications/XMOS/xSoftIPTools/1.0.10/latex/texmf-dist/tex/latex/microtype/mt
         -msa.cfg)
         (/Applications/XMOS/xSoftIPTools/1.0.10/latex/texmf-dist/tex/latex/amsfonts/ums
         b.fd)
         (/Applications/XMOS/xSoftIPTools/1.0.10/latex/texmf-dist/tex/latex/microtype/mt
         -msb.cfg)
         Overfull \hbox (18.52188pt too wide) in paragraph at lines 87--87
         []|\T1/hls/m/n/9 (-20) modules|
         
         Overfull \hbox (67.08156pt too wide) in paragraph at lines 87--87
         []|\T1/hls/m/n/9 (-20) module_uart_fast_tx|
         <use xmoslogo18pt.pdf> [3]
         
         LaTeX Warning: Reference `LastPage' on page 4 undefined on input line 119.
         
         <use xmoslogo18pt.pdf> [4]
         
         LaTeX Warning: Reference `fast:hardware-platforms' on page 5 undefined on input
          line 123.
         
         
         LaTeX Warning: Reference `fast:programming-guide' on page 5 undefined on input
         line 124.
         
         
         LaTeX Warning: Reference `fast:api' on page 5 undefined on input line 125.
         
         
         LaTeX Warning: Reference `fast:example-programs' on page 5 undefined on input l
         ine 126.
         
         
         Underfull \hbox (badness 10000) in paragraph at lines 127--127
         
         
         (/Applications/XMOS/xSoftIPTools/1.0.10/latex/texmf-dist/tex/latex/base/t1cmtt.
         fd) <use xmoslogo18pt.pdf> [5]
         
         LaTeX Warning: Reference `LastPage' on page 6 undefined on input line 253.
         
         <use xmoslogo18pt.pdf> [6]
         
         LaTeX Warning: Reference `LastPage' on page 7 undefined on input line 284.
         
         <use xmoslogo18pt.pdf> [7] <use xmoslogo18pt.pdf>
         AED: lastpage setting LastPage
         
         LaTeX Warning: Reference `LastPage' on page 8 undefined on input line 284.
         
         [8]
         (/Users/Ed/apps/fast_uart/sc_uart/module_uart_fast_tx/doc/_build/xlatex/xmos_te
         xfile.aux)
         
         Package rerunfilecheck Warning: File `xmos_texfile.out' has changed.
         (rerunfilecheck)                Rerun to get outlines right
         (rerunfilecheck)                or use package `bookmark'.
         
         
         LaTeX Warning: There were undefined references.
         
         
         LaTeX Warning: Label(s) may have changed. Rerun to get cross-references right.
         
          ) )
         (see the transcript file for additional information){/Applications/XMOS/xSoftIP
         Tools/1.0.10/latex/texmf-dist/fonts/enc/dvips/cm-super/cm-super-t1.enc}{/Applic
         ations/XMOS/xSoftIPTools/1.0.10/latex/texmf-dist/fonts/enc/dvips/base/8r.enc}</
         Applications/XMOS/xSoftIPTools/1.0.10/latex/texmf-local/fonts/type1/bh/lucida/l
         sd.pfb></Applications/XMOS/xSoftIPTools/1.0.10/latex/texmf-local/fonts/type1/bh
         /lucida/lsi.pfb></Applications/XMOS/xSoftIPTools/1.0.10/latex/texmf-local/fonts
         /type1/bh/lucida/lsr.pfb></Applications/XMOS/xSoftIPTools/1.0.10/latex/texmf-di
         st/fonts/type1/public/marvosym/marvosym.pfb></Applications/XMOS/xSoftIPTools/1.
         0.10/latex/texmf-dist/fonts/type1/public/cm-super/sftt0800.pfb></Applications/X
         MOS/xSoftIPTools/1.0.10/latex/texmf-dist/fonts/type1/public/cm-super/sftt0900.p
         fb>
         Output written on xmos_texfile.pdf (8 pages, 246756 bytes).
         Transcript written on xmos_texfile.log.
    Running Latex 2
    Run 'pdflatex -shell-escape -interaction=nonstopmode xmos_texfile.tex'
         This is pdfTeX, Version 3.1415926-2.4-1.40.13 (TeX Live 2012)
          \write18 enabled.
         entering extended mode
         
         (/Users/Ed/apps/fast_uart/sc_uart/module_uart_fast_tx/doc/_build/xlatex/xmos_te
         xfile.tex
         LaTeX2e <2011/06/27>
         Babel <v3.8m> and hyphenation patterns for english, dumylang, nohyphenation, lo
         aded.
         
         (/Users/Ed/apps/fast_uart/sc_uart/module_uart_fast_tx/doc/_build/xlatex/index.t
         ex (/Applications/XMOS/xSoftIPTools/1.0.10/xdoc/texinputs/xmosmodern.cls
         Document Class: xmosmodern 2010/12/10 v3.0b XMOS Modern Style Class
         (/Applications/XMOS/xSoftIPTools/1.0.10/xdoc/texinputs/memoir.cls
         Document Class: memoir 2010/02/20 v1.618033988c configurable book, report, arti
         cle document class
         
         (/Applications/XMOS/xSoftIPTools/1.0.10/latex/texmf-dist/tex/generic/oberdiek/i
         fpdf.sty)
         (/Applications/XMOS/xSoftIPTools/1.0.10/latex/texmf-dist/tex/generic/ifxetex/if
         xetex.sty)
         (/Applications/XMOS/xSoftIPTools/1.0.10/latex/texmf-dist/tex/generic/oberdiek/i
         fluatex.sty)
         (/Applications/XMOS/xSoftIPTools/1.0.10/latex/texmf-dist/tex/latex/etex-pkg/ete
         x.sty) (/Applications/XMOS/xSoftIPTools/1.0.10/xdoc/texinputs/mem9.clo)
         (/Applications/XMOS/xSoftIPTools/1.0.10/xdoc/texinputs/mempatch.sty))
         (/Applications/XMOS/xSoftIPTools/1.0.10/latex/texmf-dist/tex/latex/tools/calc.s
         ty)
         
         ******************************************************
         Stock height and width: 668.63976pt by 506.45905pt
         Top and edge trims: 0.0pt and 0.0pt
         Page height and width: 668.63976pt by 506.45905pt
         Text height and width: 519.0pt by 341.0pt
         Spine and edge margins: 113.81102pt and 51.21497pt
         Upper and lower margins: 71.13188pt and 78.50787pt
         Headheight and headsep: 10.0pt and 20.0pt
         Footskip: 20.0pt
         Columnsep and columnseprule: 10.0pt and 0.0pt
         Marginparsep and marginparwidth: 11.38109pt and 51.21495pt
         Sidecapsep and sidecapwidth: 7.0pt and 85.0pt
         Sidebarhsep and sidebarwidth: 7.0pt and 85.0pt
         Sidebarvsep and sidebartopsep: 10.0pt and 0.0pt
         Sidebarheight: 546.99997pt
         Sidefoothsep and sidefootwidth: 7.0pt and 85.0pt
         Sidefootvsep and sidefootheight: 10.0pt and 546.99997pt
         ******************************************************
         
         
         (/Applications/XMOS/xSoftIPTools/1.0.10/latex/texmf-dist/tex/latex/graphics/gra
         phicx.sty
         (/Applications/XMOS/xSoftIPTools/1.0.10/latex/texmf-dist/tex/latex/graphics/key
         val.sty)
         (/Applications/XMOS/xSoftIPTools/1.0.10/latex/texmf-dist/tex/latex/graphics/gra
         phics.sty
         (/Applications/XMOS/xSoftIPTools/1.0.10/latex/texmf-dist/tex/latex/graphics/tri
         g.sty)
         (/Applications/XMOS/xSoftIPTools/1.0.10/latex/texmf-dist/tex/latex/latexconfig/
         graphics.cfg)
         (/Applications/XMOS/xSoftIPTools/1.0.10/latex/texmf-dist/tex/latex/pdftex-def/p
         dftex.def
         (/Applications/XMOS/xSoftIPTools/1.0.10/latex/texmf-dist/tex/generic/oberdiek/i
         nfwarerr.sty)
         (/Applications/XMOS/xSoftIPTools/1.0.10/latex/texmf-dist/tex/generic/oberdiek/l
         txcmds.sty))))
         Writing index file xmos_texfile.idx
         
         (/Applications/XMOS/xSoftIPTools/1.0.10/latex/texmf-dist/tex/latex/amsmath/amsm
         ath.sty
         For additional information on amsmath, use the `?' option.
         
         (/Applications/XMOS/xSoftIPTools/1.0.10/latex/texmf-dist/tex/latex/amsmath/amst
         ext.sty
         (/Applications/XMOS/xSoftIPTools/1.0.10/latex/texmf-dist/tex/latex/amsmath/amsg
         en.sty))
         (/Applications/XMOS/xSoftIPTools/1.0.10/latex/texmf-dist/tex/latex/amsmath/amsb
         sy.sty)
         (/Applications/XMOS/xSoftIPTools/1.0.10/latex/texmf-dist/tex/latex/amsmath/amso
         pn.sty))
         (/Applications/XMOS/xSoftIPTools/1.0.10/latex/texmf-dist/tex/latex/pstool/pstoo
         l.sty
         (/Applications/XMOS/xSoftIPTools/1.0.10/latex/texmf-dist/tex/generic/oberdiek/c
         atchfile.sty
         (/Applications/XMOS/xSoftIPTools/1.0.10/latex/texmf-dist/tex/generic/oberdiek/e
         texcmds.sty))
         (/Applications/XMOS/xSoftIPTools/1.0.10/latex/texmf-dist/tex/latex/graphics/col
         or.sty
         (/Applications/XMOS/xSoftIPTools/1.0.10/latex/texmf-dist/tex/latex/latexconfig/
         color.cfg))
         (/Applications/XMOS/xSoftIPTools/1.0.10/xdoc/texinputs/ifplatform.sty
         (/Applications/XMOS/xSoftIPTools/1.0.10/latex/texmf-dist/tex/generic/oberdiek/p
         dftexcmds.sty)
         (/Users/Ed/apps/fast_uart/sc_uart/module_uart_fast_tx/doc/_build/xlatex/xmos_te
         xfile.w18)) (/Applications/XMOS/xSoftIPTools/1.0.10/xdoc/texinputs/psfrag.sty)
         (/Applications/XMOS/xSoftIPTools/1.0.10/xdoc/texinputs/suffix.sty)
         (/Applications/XMOS/xSoftIPTools/1.0.10/xdoc/texinputs/xkeyval.sty
         (/Applications/XMOS/xSoftIPTools/1.0.10/latex/texmf-dist/tex/generic/xkeyval/xk
         eyval.tex)))
         (/Applications/XMOS/xSoftIPTools/1.0.10/xdoc/texinputs/microtype.sty
         (/Applications/XMOS/xSoftIPTools/1.0.10/latex/texmf-dist/tex/latex/microtype/mi
         crotype.cfg))
         (/Applications/XMOS/xSoftIPTools/1.0.10/xdoc/texinputs/stmaryrd.sty)
         (/Applications/XMOS/xSoftIPTools/1.0.10/latex/texmf-dist/tex/latex/base/alltt.s
         ty)
         (/Applications/XMOS/xSoftIPTools/1.0.10/latex/texmf-dist/tex/latex/amsfonts/ams
         fonts.sty)
         (/Applications/XMOS/xSoftIPTools/1.0.10/latex/texmf-dist/tex/latex/tools/multic
         ol.sty)
         (/Applications/XMOS/xSoftIPTools/1.0.10/latex/texmf-dist/tex/latex/base/ifthen.
         sty)
         (/Applications/XMOS/xSoftIPTools/1.0.10/latex/texmf-dist/tex/latex/tools/longta
         ble.sty)
         (/Applications/XMOS/xSoftIPTools/1.0.10/latex/texmf-dist/tex/latex/base/textcom
         p.sty
         (/Applications/XMOS/xSoftIPTools/1.0.10/latex/texmf-dist/tex/latex/base/ts1enc.
         def)) (/Applications/XMOS/xSoftIPTools/1.0.10/xdoc/texinputs/url.sty)
         (/Applications/XMOS/xSoftIPTools/1.0.10/xdoc/texinputs/listings.sty
         (/Applications/XMOS/xSoftIPTools/1.0.10/latex/texmf-dist/tex/latex/listings/lst
         misc.sty)
         (/Applications/XMOS/xSoftIPTools/1.0.10/latex/texmf-dist/tex/latex/listings/lis
         tings.cfg)) (/Applications/XMOS/xSoftIPTools/1.0.10/xdoc/texinputs/gensymb.sty)
         
         (/Applications/XMOS/xSoftIPTools/1.0.10/latex/texmf-dist/tex/latex/manfnt/manfn
         t.sty)
         (/Applications/XMOS/xSoftIPTools/1.0.10/latex/texmf-dist/tex/latex/psnfss/pifon
         t.sty
         (/Applications/XMOS/xSoftIPTools/1.0.10/latex/texmf-dist/tex/latex/psnfss/upzd.
         fd)
         (/Applications/XMOS/xSoftIPTools/1.0.10/latex/texmf-dist/tex/latex/psnfss/upsy.
         fd))
         (/Applications/XMOS/xSoftIPTools/1.0.10/latex/texmf-dist/tex/latex/tools/xspace
         .sty) (/Applications/XMOS/xSoftIPTools/1.0.10/xdoc/texinputs/multirow.sty)
         (/Applications/XMOS/xSoftIPTools/1.0.10/latex/texmf-dist/tex/latex/colortbl/col
         ortbl.sty)
         (/Applications/XMOS/xSoftIPTools/1.0.10/latex/texmf-dist/tex/latex/tools/varior
         ef.sty)
         (/Applications/XMOS/xSoftIPTools/1.0.10/latex/texmf-dist/tex/latex/base/fixltx2
         e.sty) (/Applications/XMOS/xSoftIPTools/1.0.10/xdoc/texinputs/enumitem.sty)
         (/Applications/XMOS/xSoftIPTools/1.0.10/xdoc/texinputs/placeins.sty)
         (/Applications/XMOS/xSoftIPTools/1.0.10/latex/texmf-dist/tex/latex/base/flafter
         .sty) (/Applications/XMOS/xSoftIPTools/1.0.10/xdoc/texinputs/float.sty)
         (/Applications/XMOS/xSoftIPTools/1.0.10/xdoc/texinputs/marginnote.sty)
         (/Applications/XMOS/xSoftIPTools/1.0.10/latex/texmf-dist/tex/latex/layouts/layo
         uts.sty)
         (/Applications/XMOS/xSoftIPTools/1.0.10/latex/texmf-dist/tex/latex/units/units.
         sty
         (/Applications/XMOS/xSoftIPTools/1.0.10/latex/texmf-dist/tex/latex/units/nicefr
         ac.sty))
         (/Applications/XMOS/xSoftIPTools/1.0.10/latex/texmf-dist/tex/latex/savesym/save
         sym.sty
         
         LaTeX Warning: You have requested package `savesym',
                        but the package provides `savesymbol'.
         
         ) (/Applications/XMOS/xSoftIPTools/1.0.10/xdoc/texinputs/marvosym.sty)
         (/Applications/XMOS/xSoftIPTools/1.0.10/latex/texmf-dist/tex/latex/bbding/bbdin
         g.sty)
         (/Applications/XMOS/xSoftIPTools/1.0.10/latex/texmf-dist/tex/latex/dingbat/ding
         bat.sty)
         (/Applications/XMOS/xSoftIPTools/1.0.10/latex/texmf-dist/tex/latex/hyperref/hyp
         erref.sty
         (/Applications/XMOS/xSoftIPTools/1.0.10/latex/texmf-dist/tex/generic/oberdiek/h
         obsub-hyperref.sty
         (/Applications/XMOS/xSoftIPTools/1.0.10/latex/texmf-dist/tex/generic/oberdiek/h
         obsub-generic.sty))
         (/Applications/XMOS/xSoftIPTools/1.0.10/latex/texmf-dist/tex/latex/oberdiek/aux
         hook.sty)
         (/Applications/XMOS/xSoftIPTools/1.0.10/latex/texmf-dist/tex/latex/oberdiek/kvo
         ptions.sty)
         (/Applications/XMOS/xSoftIPTools/1.0.10/latex/texmf-dist/tex/latex/hyperref/pd1
         enc.def)
         (/Applications/XMOS/xSoftIPTools/1.0.10/latex/texmf-dist/tex/latex/latexconfig/
         hyperref.cfg))
         (/Applications/XMOS/xSoftIPTools/1.0.10/xdoc/texinputs/memhfixc.sty)
         
         Package hyperref Message: Driver (autodetected): hpdftex.
         
         
         (/Applications/XMOS/xSoftIPTools/1.0.10/latex/texmf-dist/tex/latex/hyperref/hpd
         ftex.def
         (/Applications/XMOS/xSoftIPTools/1.0.10/latex/texmf-dist/tex/latex/oberdiek/rer
         unfilecheck.sty))
         (/Applications/XMOS/xSoftIPTools/1.0.10/xdoc/texinputs/lastpage.sty)
         (/Applications/XMOS/xSoftIPTools/1.0.10/latex/texmf-dist/tex/latex/tools/afterp
         age.sty)
         (/Applications/XMOS/xSoftIPTools/1.0.10/latex/texmf-dist/tex/latex/base/fontenc
         .sty
         (/Applications/XMOS/xSoftIPTools/1.0.10/latex/texmf-dist/tex/latex/base/t1enc.d
         ef))
         (/Applications/XMOS/xSoftIPTools/1.0.10/latex/texmf-local/tex/latex/lucidabr/lu
         cidabr.sty
         (/Applications/XMOS/xSoftIPTools/1.0.10/latex/texmf-local/tex/latex/lucida/t1hl
         s.fd)) (/Applications/XMOS/xSoftIPTools/1.0.10/xdoc/texinputs/upquote.sty)
         (/Applications/XMOS/xSoftIPTools/1.0.10/xdoc/texinputs/terminology.tex)
         (/Applications/XMOS/xSoftIPTools/1.0.10/xdoc/texinputs/bib.tex))
         (/Applications/XMOS/xSoftIPTools/1.0.10/latex/texmf-dist/tex/latex/base/inputen
         c.sty
         (/Applications/XMOS/xSoftIPTools/1.0.10/latex/texmf-dist/tex/latex/base/utf8.de
         f
         (/Applications/XMOS/xSoftIPTools/1.0.10/latex/texmf-dist/tex/latex/base/t1enc.d
         fu)
         (/Applications/XMOS/xSoftIPTools/1.0.10/latex/texmf-dist/tex/latex/base/ot1enc.
         dfu)
         (/Applications/XMOS/xSoftIPTools/1.0.10/latex/texmf-dist/tex/latex/base/omsenc.
         dfu)
         (/Applications/XMOS/xSoftIPTools/1.0.10/latex/texmf-dist/tex/latex/base/ts1enc.
         dfu))) (/Applications/XMOS/xSoftIPTools/1.0.10/xdoc/texinputs/xsphinx.sty
         (/Applications/XMOS/xSoftIPTools/1.0.10/xdoc/texinputs/framed.sty)
         (/Applications/XMOS/xSoftIPTools/1.0.10/xdoc/texinputs/fancyvrb.sty
         Style option: `fancyvrb' v2.7a, with DG/SPQR fixes, and firstline=lastline fix
         <2008/02/07> (tvz))
         (/Applications/XMOS/xSoftIPTools/1.0.10/xdoc/texinputs/threeparttable.sty))
         (/Applications/XMOS/xSoftIPTools/1.0.10/xdoc/texinputs/indent.sty)
         Writing index file xmos_texfile.idx
         
         (/Users/Ed/apps/fast_uart/sc_uart/module_uart_fast_tx/doc/_build/xlatex/xmos_te
         xfile.aux)
         (/Applications/XMOS/xSoftIPTools/1.0.10/latex/texmf-dist/tex/latex/base/ts1cmr.
         fd)
         (/Applications/XMOS/xSoftIPTools/1.0.10/latex/texmf-local/tex/latex/lucidabr/lm
         rhlcm.fd)
         (/Applications/XMOS/xSoftIPTools/1.0.10/latex/texmf-dist/tex/context/base/supp-
         pdf.mkii
         [Loading MPS to PDF converter (version 2006.09.02).]
         )
         (/Applications/XMOS/xSoftIPTools/1.0.10/latex/texmf-dist/tex/latex/oberdiek/eps
         topdf-base.sty
         (/Applications/XMOS/xSoftIPTools/1.0.10/latex/texmf-dist/tex/latex/oberdiek/grf
         ext.sty)
         (/Applications/XMOS/xSoftIPTools/1.0.10/latex/texmf-dist/tex/latex/latexconfig/
         epstopdf-sys.cfg))
         
         Package layouts Warning: Layout scale set to 0.5 on input line 30.
         
         
         (/Applications/XMOS/xSoftIPTools/1.0.10/latex/texmf-dist/tex/latex/hyperref/nam
         eref.sty
         (/Applications/XMOS/xSoftIPTools/1.0.10/latex/texmf-dist/tex/generic/oberdiek/g
         ettitlestring.sty))
         (/Users/Ed/apps/fast_uart/sc_uart/module_uart_fast_tx/doc/_build/xlatex/xmos_te
         xfile.out)
         (/Users/Ed/apps/fast_uart/sc_uart/module_uart_fast_tx/doc/_build/xlatex/xmos_te
         xfile.out)
         (/Applications/XMOS/xSoftIPTools/1.0.10/latex/texmf-local/tex/latex/lucida/ts1h
         ls.fd) <xmoslogo18pt.pdf, id=40, 54.06036pt x 15.07974pt>
         <use xmoslogo18pt.pdf> [1
         Non-PDF special ignored!{/Applications/XMOS/xSoftIPTools/1.0.10/latex/texmf-var
         /fonts/map/pdftex/updmap/pdftex.map} </Applications/XMOS/xSoftIPTools/1.0.10/xd
         oc/texinputs/xmoslogo18pt.pdf>]
         (/Users/Ed/apps/fast_uart/sc_uart/module_uart_fast_tx/doc/_build/xlatex/xmos_te
         xfile.toc
         (/Applications/XMOS/xSoftIPTools/1.0.10/latex/texmf-local/tex/latex/lucida/t1hl
         h.fd)
         (/Applications/XMOS/xSoftIPTools/1.0.10/latex/texmf-local/tex/latex/lucidabr/om
         lhlcm.fd)
         (/Applications/XMOS/xSoftIPTools/1.0.10/latex/texmf-local/tex/latex/lucidabr/om
         shlcy.fd)
         (/Applications/XMOS/xSoftIPTools/1.0.10/latex/texmf-local/tex/latex/lucidabr/om
         xhlcv.fd)
         (/Applications/XMOS/xSoftIPTools/1.0.10/latex/texmf-dist/tex/latex/microtype/mt
         -cmr.cfg)
         (/Applications/XMOS/xSoftIPTools/1.0.10/latex/texmf-dist/tex/latex/amsfonts/ums
         a.fd)
         (/Applications/XMOS/xSoftIPTools/1.0.10/latex/texmf-dist/tex/latex/microtype/mt
         -msa.cfg)
         (/Applications/XMOS/xSoftIPTools/1.0.10/latex/texmf-dist/tex/latex/amsfonts/ums
         b.fd)
         (/Applications/XMOS/xSoftIPTools/1.0.10/latex/texmf-dist/tex/latex/microtype/mt
         -msb.cfg)) <use xmoslogo18pt.pdf> [2]
         (/Applications/XMOS/xSoftIPTools/1.0.10/latex/texmf-dist/tex/latex/marvosym/umv
         s.fd)
         (/Applications/XMOS/xSoftIPTools/1.0.10/latex/texmf-dist/tex/latex/microtype/mt
         -mvs.cfg)
         Underfull \hbox (badness 10000) in paragraph at lines 48--48
         
         
         Overfull \hbox (18.52188pt too wide) in paragraph at lines 87--87
         []|\T1/hls/m/n/9 (-20) modules|
         
         Overfull \hbox (67.08156pt too wide) in paragraph at lines 87--87
         []|\T1/hls/m/n/9 (-20) module_uart_fast_tx|
         <use xmoslogo18pt.pdf> [3] <use xmoslogo18pt.pdf> [4]
         Underfull \hbox (badness 10000) in paragraph at lines 127--127
         
         
         (/Applications/XMOS/xSoftIPTools/1.0.10/latex/texmf-dist/tex/latex/base/t1cmtt.
         fd) <use xmoslogo18pt.pdf> [5] <use xmoslogo18pt.pdf> [6]
         <use xmoslogo18pt.pdf> [7] <use xmoslogo18pt.pdf>
         AED: lastpage setting LastPage [8]
         (/Users/Ed/apps/fast_uart/sc_uart/module_uart_fast_tx/doc/_build/xlatex/xmos_te
         xfile.aux) ) )
         (see the transcript file for additional information){/Applications/XMOS/xSoftIP
         Tools/1.0.10/latex/texmf-dist/fonts/enc/dvips/cm-super/cm-super-t1.enc}{/Applic
         ations/XMOS/xSoftIPTools/1.0.10/latex/texmf-dist/fonts/enc/dvips/base/8r.enc}</
         Applications/XMOS/xSoftIPTools/1.0.10/latex/texmf-local/fonts/type1/bh/lucida/l
         sd.pfb></Applications/XMOS/xSoftIPTools/1.0.10/latex/texmf-local/fonts/type1/bh
         /lucida/lsi.pfb></Applications/XMOS/xSoftIPTools/1.0.10/latex/texmf-local/fonts
         /type1/bh/lucida/lsr.pfb></Applications/XMOS/xSoftIPTools/1.0.10/latex/texmf-di
         st/fonts/type1/public/marvosym/marvosym.pfb></Applications/XMOS/xSoftIPTools/1.
         0.10/latex/texmf-dist/fonts/type1/public/cm-super/sftt0800.pfb></Applications/X
         MOS/xSoftIPTools/1.0.10/latex/texmf-dist/fonts/type1/public/cm-super/sftt0900.p
         fb>
         Output written on xmos_texfile.pdf (8 pages, 248303 bytes).
         Transcript written on xmos_texfile.log.
    Build Complete
